[ 2017-07-14T23:20:20+08:00 ] ::1 /tp3/tp3_blog/
INFO: [ app_init ] --START--
INFO: Run Behavior\BuildLiteBehavior [ RunTime:0.000000s ]
INFO: [ app_init ] --END-- [ RunTime:0.002000s ]
NOTIC: [2] array_merge(): Argument #2 is not an array D:\phpstudy\WWW\tp3\tp3_blog\ThinkPHP\Library\Think\Hook.class.php 第 55 行.
NOTIC: [2] array_merge(): Argument #2 is not an array D:\phpstudy\WWW\tp3\tp3_blog\ThinkPHP\Library\Think\Hook.class.php 第 55 行.
NOTIC: [2] array_merge(): Argument #2 is not an array D:\phpstudy\WWW\tp3\tp3_blog\ThinkPHP\Library\Think\Hook.class.php 第 55 行.
NOTIC: [2] array_merge(): Argument #2 is not an array D:\phpstudy\WWW\tp3\tp3_blog\ThinkPHP\Library\Think\Hook.class.php 第 55 行.
INFO: [ app_begin ] --START--
INFO: Run Behavior\ReadHtmlCacheBehavior [ RunTime:0.003000s ]
INFO: Run Behavior\CheckLangBehavior [ RunTime:0.007001s ]
INFO: [ app_begin ] --END-- [ RunTime:0.010001s ]
SQL: SHOW COLUMNS FROM `think_blog` [ RunTime:0.0330s ]
SQL: SELECT * FROM `think_blog` LIMIT 4   [ RunTime:0.0030s ]
SQL: SHOW COLUMNS FROM `think_users` [ RunTime:0.0280s ]
SQL: SELECT `user_name`,`vip` FROM `think_users` ORDER BY vip desc LIMIT 5   [ RunTime:0.0020s ]
INFO: [ view_parse ] --START--
INFO: [ template_filter ] --START--
INFO: Run Behavior\ContentReplaceBehavior [ RunTime:0.001001s ]
INFO: [ template_filter ] --END-- [ RunTime:0.001001s ]
NOTIC: [8] Use of undefined constant blog_content - assumed 'blog_content' D:\phpstudy\WWW\tp3\tp3_blog\Application\Runtime\Cache\Home\2a94b8bda04ff446dcedd42276fc99ee.php 第 132 行.
NOTIC: [8] Use of undefined constant blog_content - assumed 'blog_content' D:\phpstudy\WWW\tp3\tp3_blog\Application\Runtime\Cache\Home\2a94b8bda04ff446dcedd42276fc99ee.php 第 143 行.
NOTIC: [8] Use of undefined constant user_name - assumed 'user_name' D:\phpstudy\WWW\tp3\tp3_blog\Application\Runtime\Cache\Home\2a94b8bda04ff446dcedd42276fc99ee.php 第 255 行.
NOTIC: [8] Use of undefined constant vip - assumed 'vip' D:\phpstudy\WWW\tp3\tp3_blog\Application\Runtime\Cache\Home\2a94b8bda04ff446dcedd42276fc99ee.php 第 256 行.
NOTIC: [8] Use of undefined constant user_name - assumed 'user_name' D:\phpstudy\WWW\tp3\tp3_blog\Application\Runtime\Cache\Home\2a94b8bda04ff446dcedd42276fc99ee.php 第 255 行.
NOTIC: [8] Use of undefined constant vip - assumed 'vip' D:\phpstudy\WWW\tp3\tp3_blog\Application\Runtime\Cache\Home\2a94b8bda04ff446dcedd42276fc99ee.php 第 256 行.
NOTIC: [8] Use of undefined constant user_name - assumed 'user_name' D:\phpstudy\WWW\tp3\tp3_blog\Application\Runtime\Cache\Home\2a94b8bda04ff446dcedd42276fc99ee.php 第 255 行.
NOTIC: [8] Use of undefined constant vip - assumed 'vip' D:\phpstudy\WWW\tp3\tp3_blog\Application\Runtime\Cache\Home\2a94b8bda04ff446dcedd42276fc99ee.php 第 256 行.
NOTIC: [8] Use of undefined constant user_name - assumed 'user_name' D:\phpstudy\WWW\tp3\tp3_blog\Application\Runtime\Cache\Home\2a94b8bda04ff446dcedd42276fc99ee.php 第 255 行.
NOTIC: [8] Use of undefined constant vip - assumed 'vip' D:\phpstudy\WWW\tp3\tp3_blog\Application\Runtime\Cache\Home\2a94b8bda04ff446dcedd42276fc99ee.php 第 256 行.
NOTIC: [8] Use of undefined constant user_name - assumed 'user_name' D:\phpstudy\WWW\tp3\tp3_blog\Application\Runtime\Cache\Home\2a94b8bda04ff446dcedd42276fc99ee.php 第 255 行.
NOTIC: [8] Use of undefined constant vip - assumed 'vip' D:\phpstudy\WWW\tp3\tp3_blog\Application\Runtime\Cache\Home\2a94b8bda04ff446dcedd42276fc99ee.php 第 256 行.
INFO: Run Behavior\ParseTemplateBehavior [ RunTime:0.093005s ]
INFO: [ view_parse ] --END-- [ RunTime:0.093005s ]
INFO: [ view_filter ] --START--
INFO: Run Behavior\WriteHtmlCacheBehavior [ RunTime:0.006000s ]
INFO: [ view_filter ] --END-- [ RunTime:0.006000s ]
INFO: [ app_end ] --START--
INFO: Run Behavior\ShowPageTraceBehavior [ RunTime:0.007001s ]
INFO: [ app_end ] --END-- [ RunTime:0.007001s ]

[ 2017-07-14T23:24:16+08:00 ] ::1 /tp3/tp3_blog/
INFO: [ app_init ] --START--
INFO: Run Behavior\BuildLiteBehavior [ RunTime:0.000000s ]
INFO: [ app_init ] --END-- [ RunTime:0.002000s ]
NOTIC: [2] array_merge(): Argument #2 is not an array D:\phpstudy\WWW\tp3\tp3_blog\ThinkPHP\Library\Think\Hook.class.php 第 55 行.
NOTIC: [2] array_merge(): Argument #2 is not an array D:\phpstudy\WWW\tp3\tp3_blog\ThinkPHP\Library\Think\Hook.class.php 第 55 行.
NOTIC: [2] array_merge(): Argument #2 is not an array D:\phpstudy\WWW\tp3\tp3_blog\ThinkPHP\Library\Think\Hook.class.php 第 55 行.
NOTIC: [2] array_merge(): Argument #2 is not an array D:\phpstudy\WWW\tp3\tp3_blog\ThinkPHP\Library\Think\Hook.class.php 第 55 行.
INFO: [ app_begin ] --START--
INFO: Run Behavior\ReadHtmlCacheBehavior [ RunTime:0.004000s ]
INFO: Run Behavior\CheckLangBehavior [ RunTime:0.004001s ]
INFO: [ app_begin ] --END-- [ RunTime:0.008001s ]
SQL: SHOW COLUMNS FROM `think_blog` [ RunTime:0.0340s ]
SQL: SELECT * FROM `think_blog` LIMIT 4   [ RunTime:0.0020s ]
SQL: SHOW COLUMNS FROM `think_users` [ RunTime:0.0250s ]
SQL: SELECT `user_name`,`vip` FROM `think_users` ORDER BY vip desc LIMIT 5   [ RunTime:0.0020s ]
INFO: [ view_parse ] --START--
INFO: [ template_filter ] --START--
INFO: Run Behavior\ContentReplaceBehavior [ RunTime:0.000000s ]
INFO: [ template_filter ] --END-- [ RunTime:0.001000s ]
NOTIC: [8] Use of undefined constant blog_content - assumed 'blog_content' D:\phpstudy\WWW\tp3\tp3_blog\Application\Runtime\Cache\Home\2a94b8bda04ff446dcedd42276fc99ee.php 第 132 行.
NOTIC: [8] Use of undefined constant blog_content - assumed 'blog_content' D:\phpstudy\WWW\tp3\tp3_blog\Application\Runtime\Cache\Home\2a94b8bda04ff446dcedd42276fc99ee.php 第 143 行.
NOTIC: [8] Use of undefined constant user_name - assumed 'user_name' D:\phpstudy\WWW\tp3\tp3_blog\Application\Runtime\Cache\Home\2a94b8bda04ff446dcedd42276fc99ee.php 第 255 行.
NOTIC: [8] Use of undefined constant vip - assumed 'vip' D:\phpstudy\WWW\tp3\tp3_blog\Application\Runtime\Cache\Home\2a94b8bda04ff446dcedd42276fc99ee.php 第 256 行.
NOTIC: [8] Use of undefined constant user_name - assumed 'user_name' D:\phpstudy\WWW\tp3\tp3_blog\Application\Runtime\Cache\Home\2a94b8bda04ff446dcedd42276fc99ee.php 第 255 行.
NOTIC: [8] Use of undefined constant vip - assumed 'vip' D:\phpstudy\WWW\tp3\tp3_blog\Application\Runtime\Cache\Home\2a94b8bda04ff446dcedd42276fc99ee.php 第 256 行.
NOTIC: [8] Use of undefined constant user_name - assumed 'user_name' D:\phpstudy\WWW\tp3\tp3_blog\Application\Runtime\Cache\Home\2a94b8bda04ff446dcedd42276fc99ee.php 第 255 行.
NOTIC: [8] Use of undefined constant vip - assumed 'vip' D:\phpstudy\WWW\tp3\tp3_blog\Application\Runtime\Cache\Home\2a94b8bda04ff446dcedd42276fc99ee.php 第 256 行.
NOTIC: [8] Use of undefined constant user_name - assumed 'user_name' D:\phpstudy\WWW\tp3\tp3_blog\Application\Runtime\Cache\Home\2a94b8bda04ff446dcedd42276fc99ee.php 第 255 行.
NOTIC: [8] Use of undefined constant vip - assumed 'vip' D:\phpstudy\WWW\tp3\tp3_blog\Application\Runtime\Cache\Home\2a94b8bda04ff446dcedd42276fc99ee.php 第 256 行.
NOTIC: [8] Use of undefined constant user_name - assumed 'user_name' D:\phpstudy\WWW\tp3\tp3_blog\Application\Runtime\Cache\Home\2a94b8bda04ff446dcedd42276fc99ee.php 第 255 行.
NOTIC: [8] Use of undefined constant vip - assumed 'vip' D:\phpstudy\WWW\tp3\tp3_blog\Application\Runtime\Cache\Home\2a94b8bda04ff446dcedd42276fc99ee.php 第 256 行.
INFO: Run Behavior\ParseTemplateBehavior [ RunTime:0.081004s ]
INFO: [ view_parse ] --END-- [ RunTime:0.082004s ]
INFO: [ view_filter ] --START--
INFO: Run Behavior\WriteHtmlCacheBehavior [ RunTime:0.001000s ]
INFO: [ view_filter ] --END-- [ RunTime:0.002000s ]
INFO: [ app_end ] --START--
INFO: Run Behavior\ShowPageTraceBehavior [ RunTime:0.003000s ]
INFO: [ app_end ] --END-- [ RunTime:0.003000s ]

[ 2017-07-14T23:25:14+08:00 ] ::1 /tp3/tp3_blog/index.php/Home/Single-single-id-4.tpl
INFO: [ app_init ] --START--
INFO: Run Behavior\BuildLiteBehavior [ RunTime:0.000000s ]
INFO: [ app_init ] --END-- [ RunTime:0.002000s ]
NOTIC: [2] array_merge(): Argument #2 is not an array D:\phpstudy\WWW\tp3\tp3_blog\ThinkPHP\Library\Think\Hook.class.php 第 55 行.
NOTIC: [2] array_merge(): Argument #2 is not an array D:\phpstudy\WWW\tp3\tp3_blog\ThinkPHP\Library\Think\Hook.class.php 第 55 行.
NOTIC: [2] array_merge(): Argument #2 is not an array D:\phpstudy\WWW\tp3\tp3_blog\ThinkPHP\Library\Think\Hook.class.php 第 55 行.
NOTIC: [2] array_merge(): Argument #2 is not an array D:\phpstudy\WWW\tp3\tp3_blog\ThinkPHP\Library\Think\Hook.class.php 第 55 行.
INFO: [ app_begin ] --START--
INFO: Run Behavior\ReadHtmlCacheBehavior [ RunTime:0.005000s ]
INFO: Run Behavior\CheckLangBehavior [ RunTime:0.006000s ]
INFO: [ app_begin ] --END-- [ RunTime:0.012000s ]
SQL: SHOW COLUMNS FROM `think_blog` [ RunTime:0.0270s ]
SQL: SHOW COLUMNS FROM `think_comments` [ RunTime:0.0380s ]
SQL: SELECT * FROM `think_blog` WHERE ( blog_id=4 ) LIMIT 1   [ RunTime:0.0030s ]
SQL: SELECT * FROM `think_comments` RIGHT JOIN think_users ON think_comments.name=think_users.user_name  WHERE ( blog_id=4 ) ORDER BY praise desc  [ RunTime:0.0040s ]
SQL: SELECT COUNT(*) AS tp_count FROM `think_comments` WHERE ( blog_id=4 ) LIMIT 1   [ RunTime:0.0030s ]

[ 2017-07-14T23:25:17+08:00 ] ::1 /tp3/tp3_blog/index.php/Home/Sign-signUp-id-0.tpl
INFO: [ app_init ] --START--
INFO: Run Behavior\BuildLiteBehavior [ RunTime:0.000000s ]
INFO: [ app_init ] --END-- [ RunTime:0.004000s ]
NOTIC: [2] array_merge(): Argument #2 is not an array D:\phpstudy\WWW\tp3\tp3_blog\ThinkPHP\Library\Think\Hook.class.php 第 55 行.
NOTIC: [2] array_merge(): Argument #2 is not an array D:\phpstudy\WWW\tp3\tp3_blog\ThinkPHP\Library\Think\Hook.class.php 第 55 行.
NOTIC: [2] array_merge(): Argument #2 is not an array D:\phpstudy\WWW\tp3\tp3_blog\ThinkPHP\Library\Think\Hook.class.php 第 55 行.
NOTIC: [2] array_merge(): Argument #2 is not an array D:\phpstudy\WWW\tp3\tp3_blog\ThinkPHP\Library\Think\Hook.class.php 第 55 行.
INFO: [ app_begin ] --START--
INFO: Run Behavior\ReadHtmlCacheBehavior [ RunTime:0.003000s ]
INFO: Run Behavior\CheckLangBehavior [ RunTime:0.008000s ]
INFO: [ app_begin ] --END-- [ RunTime:0.011000s ]
INFO: [ view_parse ] --START--
INFO: [ template_filter ] --START--
INFO: Run Behavior\ContentReplaceBehavior [ RunTime:0.000000s ]
INFO: [ template_filter ] --END-- [ RunTime:0.000000s ]
NOTIC: [8] Undefined variable: galleryUrl D:\phpstudy\WWW\tp3\tp3_blog\Application\Runtime\Cache\Home\ddc0c3cc4dfec2145fa0d3ac0f3fe9f5.php 第 72 行.
INFO: Run Behavior\ParseTemplateBehavior [ RunTime:0.067004s ]
INFO: [ view_parse ] --END-- [ RunTime:0.067004s ]
INFO: [ view_filter ] --START--
INFO: Run Behavior\WriteHtmlCacheBehavior [ RunTime:0.003000s ]
INFO: [ view_filter ] --END-- [ RunTime:0.003000s ]
INFO: [ app_end ] --START--
INFO: Run Behavior\ShowPageTraceBehavior [ RunTime:0.004000s ]
INFO: [ app_end ] --END-- [ RunTime:0.004000s ]

[ 2017-07-14T23:25:17+08:00 ] ::1 /tp3/tp3_blog/index.php/Home/Sign-verify-flag-1.tpl
INFO: [ app_init ] --START--
INFO: Run Behavior\BuildLiteBehavior [ RunTime:0.001000s ]
INFO: [ app_init ] --END-- [ RunTime:0.003000s ]
NOTIC: [2] array_merge(): Argument #2 is not an array D:\phpstudy\WWW\tp3\tp3_blog\ThinkPHP\Library\Think\Hook.class.php 第 55 行.
NOTIC: [2] array_merge(): Argument #2 is not an array D:\phpstudy\WWW\tp3\tp3_blog\ThinkPHP\Library\Think\Hook.class.php 第 55 行.
NOTIC: [2] array_merge(): Argument #2 is not an array D:\phpstudy\WWW\tp3\tp3_blog\ThinkPHP\Library\Think\Hook.class.php 第 55 行.
NOTIC: [2] array_merge(): Argument #2 is not an array D:\phpstudy\WWW\tp3\tp3_blog\ThinkPHP\Library\Think\Hook.class.php 第 55 行.
INFO: [ app_begin ] --START--
INFO: Run Behavior\ReadHtmlCacheBehavior [ RunTime:0.004000s ]
INFO: Run Behavior\CheckLangBehavior [ RunTime:0.007001s ]
INFO: [ app_begin ] --END-- [ RunTime:0.011001s ]
INFO: [ app_end ] --START--
INFO: Run Behavior\ShowPageTraceBehavior [ RunTime:0.010001s ]
INFO: [ app_end ] --END-- [ RunTime:0.010001s ]

