[ 2017-07-15T00:22:29+08:00 ] ::1 /tp3/tp3_blog/
INFO: [ app_init ] --START--
INFO: Run Behavior\BuildLiteBehavior [ RunTime:0.000000s ]
INFO: [ app_init ] --END-- [ RunTime:0.002000s ]
NOTIC: [2] array_merge(): Argument #2 is not an array D:\phpstudy\WWW\tp3\tp3_blog\ThinkPHP\Library\Think\Hook.class.php 第 55 行.
NOTIC: [2] array_merge(): Argument #2 is not an array D:\phpstudy\WWW\tp3\tp3_blog\ThinkPHP\Library\Think\Hook.class.php 第 55 行.
NOTIC: [2] array_merge(): Argument #2 is not an array D:\phpstudy\WWW\tp3\tp3_blog\ThinkPHP\Library\Think\Hook.class.php 第 55 行.
NOTIC: [2] array_merge(): Argument #2 is not an array D:\phpstudy\WWW\tp3\tp3_blog\ThinkPHP\Library\Think\Hook.class.php 第 55 行.
INFO: [ app_begin ] --START--
INFO: Run Behavior\ReadHtmlCacheBehavior [ RunTime:0.002000s ]
INFO: Run Behavior\CheckLangBehavior [ RunTime:0.005000s ]
INFO: [ app_begin ] --END-- [ RunTime:0.008000s ]
SQL: SHOW COLUMNS FROM `think_blog` [ RunTime:0.0280s ]
SQL: SELECT * FROM `think_blog` LIMIT 4   [ RunTime:0.0030s ]
SQL: SHOW COLUMNS FROM `think_users` [ RunTime:0.0260s ]
SQL: SELECT `user_name`,`vip` FROM `think_users` ORDER BY vip desc LIMIT 5   [ RunTime:0.0020s ]
INFO: [ view_parse ] --START--
INFO: [ template_filter ] --START--
INFO: Run Behavior\ContentReplaceBehavior [ RunTime:0.001001s ]
INFO: [ template_filter ] --END-- [ RunTime:0.001001s ]
NOTIC: [8] Use of undefined constant blog_content - assumed 'blog_content' D:\phpstudy\WWW\tp3\tp3_blog\Application\Runtime\Cache\Home\2a94b8bda04ff446dcedd42276fc99ee.php 第 132 行.
NOTIC: [8] Undefined variable: tmp D:\phpstudy\WWW\tp3\tp3_blog\ThinkPHP\Common\functions.php 第 63 行.
NOTIC: [8] Use of undefined constant blog_content - assumed 'blog_content' D:\phpstudy\WWW\tp3\tp3_blog\Application\Runtime\Cache\Home\2a94b8bda04ff446dcedd42276fc99ee.php 第 143 行.
NOTIC: [8] Use of undefined constant user_name - assumed 'user_name' D:\phpstudy\WWW\tp3\tp3_blog\Application\Runtime\Cache\Home\2a94b8bda04ff446dcedd42276fc99ee.php 第 255 行.
NOTIC: [8] Use of undefined constant vip - assumed 'vip' D:\phpstudy\WWW\tp3\tp3_blog\Application\Runtime\Cache\Home\2a94b8bda04ff446dcedd42276fc99ee.php 第 256 行.
NOTIC: [8] Use of undefined constant user_name - assumed 'user_name' D:\phpstudy\WWW\tp3\tp3_blog\Application\Runtime\Cache\Home\2a94b8bda04ff446dcedd42276fc99ee.php 第 255 行.
NOTIC: [8] Use of undefined constant vip - assumed 'vip' D:\phpstudy\WWW\tp3\tp3_blog\Application\Runtime\Cache\Home\2a94b8bda04ff446dcedd42276fc99ee.php 第 256 行.
NOTIC: [8] Use of undefined constant user_name - assumed 'user_name' D:\phpstudy\WWW\tp3\tp3_blog\Application\Runtime\Cache\Home\2a94b8bda04ff446dcedd42276fc99ee.php 第 255 行.
NOTIC: [8] Use of undefined constant vip - assumed 'vip' D:\phpstudy\WWW\tp3\tp3_blog\Application\Runtime\Cache\Home\2a94b8bda04ff446dcedd42276fc99ee.php 第 256 行.
NOTIC: [8] Use of undefined constant user_name - assumed 'user_name' D:\phpstudy\WWW\tp3\tp3_blog\Application\Runtime\Cache\Home\2a94b8bda04ff446dcedd42276fc99ee.php 第 255 行.
NOTIC: [8] Use of undefined constant vip - assumed 'vip' D:\phpstudy\WWW\tp3\tp3_blog\Application\Runtime\Cache\Home\2a94b8bda04ff446dcedd42276fc99ee.php 第 256 行.
NOTIC: [8] Use of undefined constant user_name - assumed 'user_name' D:\phpstudy\WWW\tp3\tp3_blog\Application\Runtime\Cache\Home\2a94b8bda04ff446dcedd42276fc99ee.php 第 255 行.
NOTIC: [8] Use of undefined constant vip - assumed 'vip' D:\phpstudy\WWW\tp3\tp3_blog\Application\Runtime\Cache\Home\2a94b8bda04ff446dcedd42276fc99ee.php 第 256 行.
INFO: Run Behavior\ParseTemplateBehavior [ RunTime:0.083005s ]
INFO: [ view_parse ] --END-- [ RunTime:0.083005s ]
INFO: [ view_filter ] --START--
INFO: Run Behavior\WriteHtmlCacheBehavior [ RunTime:0.002000s ]
INFO: [ view_filter ] --END-- [ RunTime:0.002000s ]
INFO: [ app_end ] --START--
INFO: Run Behavior\ShowPageTraceBehavior [ RunTime:0.003000s ]
INFO: [ app_end ] --END-- [ RunTime:0.003000s ]

[ 2017-07-15T00:22:59+08:00 ] ::1 /tp3/tp3_blog/
INFO: [ app_init ] --START--
INFO: Run Behavior\BuildLiteBehavior [ RunTime:0.000000s ]
INFO: [ app_init ] --END-- [ RunTime:0.001001s ]
NOTIC: [2] array_merge(): Argument #2 is not an array D:\phpstudy\WWW\tp3\tp3_blog\ThinkPHP\Library\Think\Hook.class.php 第 55 行.
NOTIC: [2] array_merge(): Argument #2 is not an array D:\phpstudy\WWW\tp3\tp3_blog\ThinkPHP\Library\Think\Hook.class.php 第 55 行.
NOTIC: [2] array_merge(): Argument #2 is not an array D:\phpstudy\WWW\tp3\tp3_blog\ThinkPHP\Library\Think\Hook.class.php 第 55 行.
NOTIC: [2] array_merge(): Argument #2 is not an array D:\phpstudy\WWW\tp3\tp3_blog\ThinkPHP\Library\Think\Hook.class.php 第 55 行.
INFO: [ app_begin ] --START--
INFO: Run Behavior\ReadHtmlCacheBehavior [ RunTime:0.003000s ]
INFO: Run Behavior\CheckLangBehavior [ RunTime:0.006001s ]
INFO: [ app_begin ] --END-- [ RunTime:0.009001s ]
SQL: SHOW COLUMNS FROM `think_blog` [ RunTime:0.0310s ]
SQL: SELECT * FROM `think_blog` LIMIT 4   [ RunTime:0.0030s ]
SQL: SHOW COLUMNS FROM `think_users` [ RunTime:0.0260s ]
SQL: SELECT `user_name`,`vip` FROM `think_users` ORDER BY vip desc LIMIT 5   [ RunTime:0.0020s ]
INFO: [ view_parse ] --START--
INFO: [ template_filter ] --START--
INFO: Run Behavior\ContentReplaceBehavior [ RunTime:0.001000s ]
INFO: [ template_filter ] --END-- [ RunTime:0.001000s ]
NOTIC: [8] Use of undefined constant blog_content - assumed 'blog_content' D:\phpstudy\WWW\tp3\tp3_blog\Application\Runtime\Cache\Home\2a94b8bda04ff446dcedd42276fc99ee.php 第 132 行.
NOTIC: [8] Undefined variable: suffix D:\phpstudy\WWW\tp3\tp3_blog\ThinkPHP\Common\functions.php 第 60 行.
NOTIC: [8] Undefined variable: length D:\phpstudy\WWW\tp3\tp3_blog\ThinkPHP\Common\functions.php 第 62 行.
NOTIC: [8] Undefined variable: charset D:\phpstudy\WWW\tp3\tp3_blog\ThinkPHP\Common\functions.php 第 62 行.
NOTIC: [2] mb_substr(): Unknown encoding &quot;&quot; D:\phpstudy\WWW\tp3\tp3_blog\ThinkPHP\Common\functions.php 第 62 行.
NOTIC: [8] Use of undefined constant blog_content - assumed 'blog_content' D:\phpstudy\WWW\tp3\tp3_blog\Application\Runtime\Cache\Home\2a94b8bda04ff446dcedd42276fc99ee.php 第 143 行.
NOTIC: [8] Use of undefined constant user_name - assumed 'user_name' D:\phpstudy\WWW\tp3\tp3_blog\Application\Runtime\Cache\Home\2a94b8bda04ff446dcedd42276fc99ee.php 第 255 行.
NOTIC: [8] Use of undefined constant vip - assumed 'vip' D:\phpstudy\WWW\tp3\tp3_blog\Application\Runtime\Cache\Home\2a94b8bda04ff446dcedd42276fc99ee.php 第 256 行.
NOTIC: [8] Use of undefined constant user_name - assumed 'user_name' D:\phpstudy\WWW\tp3\tp3_blog\Application\Runtime\Cache\Home\2a94b8bda04ff446dcedd42276fc99ee.php 第 255 行.
NOTIC: [8] Use of undefined constant vip - assumed 'vip' D:\phpstudy\WWW\tp3\tp3_blog\Application\Runtime\Cache\Home\2a94b8bda04ff446dcedd42276fc99ee.php 第 256 行.
NOTIC: [8] Use of undefined constant user_name - assumed 'user_name' D:\phpstudy\WWW\tp3\tp3_blog\Application\Runtime\Cache\Home\2a94b8bda04ff446dcedd42276fc99ee.php 第 255 行.
NOTIC: [8] Use of undefined constant vip - assumed 'vip' D:\phpstudy\WWW\tp3\tp3_blog\Application\Runtime\Cache\Home\2a94b8bda04ff446dcedd42276fc99ee.php 第 256 行.
NOTIC: [8] Use of undefined constant user_name - assumed 'user_name' D:\phpstudy\WWW\tp3\tp3_blog\Application\Runtime\Cache\Home\2a94b8bda04ff446dcedd42276fc99ee.php 第 255 行.
NOTIC: [8] Use of undefined constant vip - assumed 'vip' D:\phpstudy\WWW\tp3\tp3_blog\Application\Runtime\Cache\Home\2a94b8bda04ff446dcedd42276fc99ee.php 第 256 行.
NOTIC: [8] Use of undefined constant user_name - assumed 'user_name' D:\phpstudy\WWW\tp3\tp3_blog\Application\Runtime\Cache\Home\2a94b8bda04ff446dcedd42276fc99ee.php 第 255 行.
NOTIC: [8] Use of undefined constant vip - assumed 'vip' D:\phpstudy\WWW\tp3\tp3_blog\Application\Runtime\Cache\Home\2a94b8bda04ff446dcedd42276fc99ee.php 第 256 行.
INFO: Run Behavior\ParseTemplateBehavior [ RunTime:0.107006s ]
INFO: [ view_parse ] --END-- [ RunTime:0.107006s ]
INFO: [ view_filter ] --START--
INFO: Run Behavior\WriteHtmlCacheBehavior [ RunTime:0.005001s ]
INFO: [ view_filter ] --END-- [ RunTime:0.005001s ]
INFO: [ app_end ] --START--
INFO: Run Behavior\ShowPageTraceBehavior [ RunTime:0.005000s ]
INFO: [ app_end ] --END-- [ RunTime:0.005000s ]

