[ 2017-09-06T07:48:41+08:00 ] 38.100.21.62 /
INFO: [ app_init ] --START--
INFO: Run Behavior\BuildLiteBehavior [ RunTime:0.000163s ]
INFO: [ app_init ] --END-- [ RunTime:0.001032s ]
NOTIC: [2] array_merge(): Argument #2 is not an array /webHome/host1709404/www/ThinkPHP/Library/Think/Hook.class.php 第 55 行.
NOTIC: [2] array_merge(): Argument #2 is not an array /webHome/host1709404/www/ThinkPHP/Library/Think/Hook.class.php 第 55 行.
NOTIC: [2] array_merge(): Argument #2 is not an array /webHome/host1709404/www/ThinkPHP/Library/Think/Hook.class.php 第 55 行.
NOTIC: [2] array_merge(): Argument #2 is not an array /webHome/host1709404/www/ThinkPHP/Library/Think/Hook.class.php 第 55 行.
INFO: [ app_begin ] --START--
INFO: Run Behavior\ReadHtmlCacheBehavior [ RunTime:0.001687s ]
INFO: Run Behavior\CheckLangBehavior [ RunTime:0.002266s ]
INFO: [ app_begin ] --END-- [ RunTime:0.004166s ]
SQL: SHOW COLUMNS FROM `think_blog` [ RunTime:0.0017s ]
SQL: SELECT * FROM `think_blog` LIMIT 4   [ RunTime:0.0130s ]
SQL: SELECT * FROM `think_blog` ORDER BY praise desc LIMIT 3   [ RunTime:0.0008s ]
SQL: SELECT * FROM `think_blog` ORDER BY blog_time desc LIMIT 3   [ RunTime:0.0008s ]
SQL: SHOW COLUMNS FROM `think_users` [ RunTime:0.0016s ]
SQL: SELECT `user_name`,`vip` FROM `think_users` ORDER BY vip desc LIMIT 5   [ RunTime:0.0095s ]
INFO: [ view_parse ] --START--
INFO: [ template_filter ] --START--
INFO: Run Behavior\ContentReplaceBehavior [ RunTime:0.000257s ]
INFO: [ template_filter ] --END-- [ RunTime:0.000407s ]
NOTIC: [8] Use of undefined constant blog_content - assumed 'blog_content' /webHome/host1709404/www/Application/Runtime/Cache/Home/2a94b8bda04ff446dcedd42276fc99ee.php 第 132 行.
NOTIC: [8] Use of undefined constant blog_content - assumed 'blog_content' /webHome/host1709404/www/Application/Runtime/Cache/Home/2a94b8bda04ff446dcedd42276fc99ee.php 第 143 行.
NOTIC: [8] Use of undefined constant user_name - assumed 'user_name' /webHome/host1709404/www/Application/Runtime/Cache/Home/2a94b8bda04ff446dcedd42276fc99ee.php 第 216 行.
NOTIC: [8] Use of undefined constant vip - assumed 'vip' /webHome/host1709404/www/Application/Runtime/Cache/Home/2a94b8bda04ff446dcedd42276fc99ee.php 第 217 行.
NOTIC: [8] Use of undefined constant user_name - assumed 'user_name' /webHome/host1709404/www/Application/Runtime/Cache/Home/2a94b8bda04ff446dcedd42276fc99ee.php 第 216 行.
NOTIC: [8] Use of undefined constant vip - assumed 'vip' /webHome/host1709404/www/Application/Runtime/Cache/Home/2a94b8bda04ff446dcedd42276fc99ee.php 第 217 行.
NOTIC: [8] Use of undefined constant user_name - assumed 'user_name' /webHome/host1709404/www/Application/Runtime/Cache/Home/2a94b8bda04ff446dcedd42276fc99ee.php 第 216 行.
NOTIC: [8] Use of undefined constant vip - assumed 'vip' /webHome/host1709404/www/Application/Runtime/Cache/Home/2a94b8bda04ff446dcedd42276fc99ee.php 第 217 行.
NOTIC: [8] Use of undefined constant user_name - assumed 'user_name' /webHome/host1709404/www/Application/Runtime/Cache/Home/2a94b8bda04ff446dcedd42276fc99ee.php 第 216 行.
NOTIC: [8] Use of undefined constant vip - assumed 'vip' /webHome/host1709404/www/Application/Runtime/Cache/Home/2a94b8bda04ff446dcedd42276fc99ee.php 第 217 行.
NOTIC: [8] Use of undefined constant user_name - assumed 'user_name' /webHome/host1709404/www/Application/Runtime/Cache/Home/2a94b8bda04ff446dcedd42276fc99ee.php 第 216 行.
NOTIC: [8] Use of undefined constant vip - assumed 'vip' /webHome/host1709404/www/Application/Runtime/Cache/Home/2a94b8bda04ff446dcedd42276fc99ee.php 第 217 行.
INFO: Run Behavior\ParseTemplateBehavior [ RunTime:0.058517s ]
INFO: [ view_parse ] --END-- [ RunTime:0.058618s ]
INFO: [ view_filter ] --START--
INFO: Run Behavior\WriteHtmlCacheBehavior [ RunTime:0.000557s ]
INFO: [ view_filter ] --END-- [ RunTime:0.000639s ]
INFO: [ app_end ] --START--
INFO: Run Behavior\ShowPageTraceBehavior [ RunTime:0.001487s ]
INFO: [ app_end ] --END-- [ RunTime:0.001605s ]

[ 2017-09-06T07:48:42+08:00 ] 38.100.21.62 /index.php/Home/Single-single-id-13.tpl
INFO: [ app_init ] --START--
INFO: Run Behavior\BuildLiteBehavior [ RunTime:0.000031s ]
INFO: [ app_init ] --END-- [ RunTime:0.000763s ]
NOTIC: [2] array_merge(): Argument #2 is not an array /webHome/host1709404/www/ThinkPHP/Library/Think/Hook.class.php 第 55 行.
NOTIC: [2] array_merge(): Argument #2 is not an array /webHome/host1709404/www/ThinkPHP/Library/Think/Hook.class.php 第 55 行.
NOTIC: [2] array_merge(): Argument #2 is not an array /webHome/host1709404/www/ThinkPHP/Library/Think/Hook.class.php 第 55 行.
NOTIC: [2] array_merge(): Argument #2 is not an array /webHome/host1709404/www/ThinkPHP/Library/Think/Hook.class.php 第 55 行.
INFO: [ app_begin ] --START--
INFO: Run Behavior\ReadHtmlCacheBehavior [ RunTime:0.000989s ]
INFO: Run Behavior\CheckLangBehavior [ RunTime:0.001470s ]
INFO: [ app_begin ] --END-- [ RunTime:0.002622s ]
SQL: SHOW COLUMNS FROM `think_blog` [ RunTime:0.0017s ]
SQL: SHOW COLUMNS FROM `think_comments` [ RunTime:0.0014s ]
SQL: SELECT * FROM `think_blog` WHERE ( blog_id=13 ) LIMIT 1   [ RunTime:0.0008s ]
SQL: SELECT * FROM `think_comments` RIGHT JOIN think_users ON think_comments.name=think_users.user_name  WHERE ( blog_id=13 ) ORDER BY praise desc  [ RunTime:0.0013s ]
SQL: SELECT COUNT(*) AS tp_count FROM `think_comments` WHERE ( blog_id=13 ) LIMIT 1   [ RunTime:0.0006s ]

[ 2017-09-06T07:48:42+08:00 ] 38.100.21.62 /index.php/Home/Single-single-id-1.tpl
INFO: [ app_init ] --START--
INFO: Run Behavior\BuildLiteBehavior [ RunTime:0.000033s ]
INFO: [ app_init ] --END-- [ RunTime:0.000950s ]
NOTIC: [2] array_merge(): Argument #2 is not an array /webHome/host1709404/www/ThinkPHP/Library/Think/Hook.class.php 第 55 行.
NOTIC: [2] array_merge(): Argument #2 is not an array /webHome/host1709404/www/ThinkPHP/Library/Think/Hook.class.php 第 55 行.
NOTIC: [2] array_merge(): Argument #2 is not an array /webHome/host1709404/www/ThinkPHP/Library/Think/Hook.class.php 第 55 行.
NOTIC: [2] array_merge(): Argument #2 is not an array /webHome/host1709404/www/ThinkPHP/Library/Think/Hook.class.php 第 55 行.
INFO: [ app_begin ] --START--
INFO: Run Behavior\ReadHtmlCacheBehavior [ RunTime:0.001066s ]
INFO: Run Behavior\CheckLangBehavior [ RunTime:0.001649s ]
INFO: [ app_begin ] --END-- [ RunTime:0.002930s ]
SQL: SHOW COLUMNS FROM `think_blog` [ RunTime:0.0015s ]
SQL: SHOW COLUMNS FROM `think_comments` [ RunTime:0.0012s ]
SQL: SELECT * FROM `think_blog` WHERE ( blog_id=1 ) LIMIT 1   [ RunTime:0.0009s ]
SQL: SELECT * FROM `think_comments` RIGHT JOIN think_users ON think_comments.name=think_users.user_name  WHERE ( blog_id=1 ) ORDER BY praise desc  [ RunTime:0.0014s ]
SQL: SELECT COUNT(*) AS tp_count FROM `think_comments` WHERE ( blog_id=1 ) LIMIT 1   [ RunTime:0.0007s ]

[ 2017-09-06T07:48:43+08:00 ] 38.100.21.62 /index.php/Home/Sign-signIn.tpl
INFO: [ app_init ] --START--
INFO: Run Behavior\BuildLiteBehavior [ RunTime:0.000034s ]
INFO: [ app_init ] --END-- [ RunTime:0.002188s ]
NOTIC: [2] array_merge(): Argument #2 is not an array /webHome/host1709404/www/ThinkPHP/Library/Think/Hook.class.php 第 55 行.
NOTIC: [2] array_merge(): Argument #2 is not an array /webHome/host1709404/www/ThinkPHP/Library/Think/Hook.class.php 第 55 行.
NOTIC: [2] array_merge(): Argument #2 is not an array /webHome/host1709404/www/ThinkPHP/Library/Think/Hook.class.php 第 55 行.
NOTIC: [2] array_merge(): Argument #2 is not an array /webHome/host1709404/www/ThinkPHP/Library/Think/Hook.class.php 第 55 行.
INFO: [ app_begin ] --START--
INFO: Run Behavior\ReadHtmlCacheBehavior [ RunTime:0.002553s ]
INFO: Run Behavior\CheckLangBehavior [ RunTime:0.002456s ]
INFO: [ app_begin ] --END-- [ RunTime:0.005227s ]
INFO: [ view_parse ] --START--
INFO: [ template_filter ] --START--
INFO: Run Behavior\ContentReplaceBehavior [ RunTime:0.000084s ]
INFO: [ template_filter ] --END-- [ RunTime:0.000249s ]
INFO: Run Behavior\ParseTemplateBehavior [ RunTime:0.027594s ]
INFO: [ view_parse ] --END-- [ RunTime:0.027790s ]
INFO: [ view_filter ] --START--
INFO: Run Behavior\WriteHtmlCacheBehavior [ RunTime:0.000780s ]
INFO: [ view_filter ] --END-- [ RunTime:0.000945s ]
INFO: [ app_end ] --START--
INFO: Run Behavior\ShowPageTraceBehavior [ RunTime:0.001736s ]
INFO: [ app_end ] --END-- [ RunTime:0.001888s ]

[ 2017-09-06T07:48:43+08:00 ] 38.100.21.62 /index.php/Home/Single-single-id-2.tpl
INFO: [ app_init ] --START--
INFO: Run Behavior\BuildLiteBehavior [ RunTime:0.000051s ]
INFO: [ app_init ] --END-- [ RunTime:0.001225s ]
NOTIC: [2] array_merge(): Argument #2 is not an array /webHome/host1709404/www/ThinkPHP/Library/Think/Hook.class.php 第 55 行.
NOTIC: [2] array_merge(): Argument #2 is not an array /webHome/host1709404/www/ThinkPHP/Library/Think/Hook.class.php 第 55 行.
NOTIC: [2] array_merge(): Argument #2 is not an array /webHome/host1709404/www/ThinkPHP/Library/Think/Hook.class.php 第 55 行.
NOTIC: [2] array_merge(): Argument #2 is not an array /webHome/host1709404/www/ThinkPHP/Library/Think/Hook.class.php 第 55 行.
INFO: [ app_begin ] --START--
INFO: Run Behavior\ReadHtmlCacheBehavior [ RunTime:0.001877s ]
INFO: Run Behavior\CheckLangBehavior [ RunTime:0.002867s ]
INFO: [ app_begin ] --END-- [ RunTime:0.005039s ]
SQL: SHOW COLUMNS FROM `think_blog` [ RunTime:0.0017s ]
SQL: SHOW COLUMNS FROM `think_comments` [ RunTime:0.0014s ]
SQL: SELECT * FROM `think_blog` WHERE ( blog_id=2 ) LIMIT 1   [ RunTime:0.0010s ]
SQL: SELECT * FROM `think_comments` RIGHT JOIN think_users ON think_comments.name=think_users.user_name  WHERE ( blog_id=2 ) ORDER BY praise desc  [ RunTime:0.0011s ]
SQL: SELECT COUNT(*) AS tp_count FROM `think_comments` WHERE ( blog_id=2 ) LIMIT 1   [ RunTime:0.0008s ]

[ 2017-09-06T07:48:44+08:00 ] 38.100.21.62 /index.php/Home/Single-single-id-4.tpl
INFO: [ app_init ] --START--
INFO: Run Behavior\BuildLiteBehavior [ RunTime:0.000031s ]
INFO: [ app_init ] --END-- [ RunTime:0.000987s ]
NOTIC: [2] array_merge(): Argument #2 is not an array /webHome/host1709404/www/ThinkPHP/Library/Think/Hook.class.php 第 55 行.
NOTIC: [2] array_merge(): Argument #2 is not an array /webHome/host1709404/www/ThinkPHP/Library/Think/Hook.class.php 第 55 行.
NOTIC: [2] array_merge(): Argument #2 is not an array /webHome/host1709404/www/ThinkPHP/Library/Think/Hook.class.php 第 55 行.
NOTIC: [2] array_merge(): Argument #2 is not an array /webHome/host1709404/www/ThinkPHP/Library/Think/Hook.class.php 第 55 行.
INFO: [ app_begin ] --START--
INFO: Run Behavior\ReadHtmlCacheBehavior [ RunTime:0.001134s ]
INFO: Run Behavior\CheckLangBehavior [ RunTime:0.001814s ]
INFO: [ app_begin ] --END-- [ RunTime:0.003186s ]
SQL: SHOW COLUMNS FROM `think_blog` [ RunTime:0.0022s ]
SQL: SHOW COLUMNS FROM `think_comments` [ RunTime:0.0017s ]
SQL: SELECT * FROM `think_blog` WHERE ( blog_id=4 ) LIMIT 1   [ RunTime:0.0019s ]
SQL: SELECT * FROM `think_comments` RIGHT JOIN think_users ON think_comments.name=think_users.user_name  WHERE ( blog_id=4 ) ORDER BY praise desc  [ RunTime:0.0019s ]
SQL: SELECT COUNT(*) AS tp_count FROM `think_comments` WHERE ( blog_id=4 ) LIMIT 1   [ RunTime:0.0008s ]

[ 2017-09-06T07:48:45+08:00 ] 38.100.21.62 /index.php/Home/Single-single-id-12.tpl
INFO: [ app_init ] --START--
INFO: Run Behavior\BuildLiteBehavior [ RunTime:0.000042s ]
INFO: [ app_init ] --END-- [ RunTime:0.000934s ]
NOTIC: [2] array_merge(): Argument #2 is not an array /webHome/host1709404/www/ThinkPHP/Library/Think/Hook.class.php 第 55 行.
NOTIC: [2] array_merge(): Argument #2 is not an array /webHome/host1709404/www/ThinkPHP/Library/Think/Hook.class.php 第 55 行.
NOTIC: [2] array_merge(): Argument #2 is not an array /webHome/host1709404/www/ThinkPHP/Library/Think/Hook.class.php 第 55 行.
NOTIC: [2] array_merge(): Argument #2 is not an array /webHome/host1709404/www/ThinkPHP/Library/Think/Hook.class.php 第 55 行.
INFO: [ app_begin ] --START--
INFO: Run Behavior\ReadHtmlCacheBehavior [ RunTime:0.001164s ]
INFO: Run Behavior\CheckLangBehavior [ RunTime:0.001637s ]
INFO: [ app_begin ] --END-- [ RunTime:0.003010s ]
SQL: SHOW COLUMNS FROM `think_blog` [ RunTime:0.0015s ]
SQL: SHOW COLUMNS FROM `think_comments` [ RunTime:0.0015s ]
SQL: SELECT * FROM `think_blog` WHERE ( blog_id=12 ) LIMIT 1   [ RunTime:0.0022s ]
SQL: SELECT * FROM `think_comments` RIGHT JOIN think_users ON think_comments.name=think_users.user_name  WHERE ( blog_id=12 ) ORDER BY praise desc  [ RunTime:0.0009s ]
SQL: SELECT COUNT(*) AS tp_count FROM `think_comments` WHERE ( blog_id=12 ) LIMIT 1   [ RunTime:0.0007s ]

[ 2017-09-06T07:48:45+08:00 ] 38.100.21.62 /index.php/Home/Single-single-id-3.tpl
INFO: [ app_init ] --START--
INFO: Run Behavior\BuildLiteBehavior [ RunTime:0.000044s ]
INFO: [ app_init ] --END-- [ RunTime:0.001056s ]
NOTIC: [2] array_merge(): Argument #2 is not an array /webHome/host1709404/www/ThinkPHP/Library/Think/Hook.class.php 第 55 行.
NOTIC: [2] array_merge(): Argument #2 is not an array /webHome/host1709404/www/ThinkPHP/Library/Think/Hook.class.php 第 55 行.
NOTIC: [2] array_merge(): Argument #2 is not an array /webHome/host1709404/www/ThinkPHP/Library/Think/Hook.class.php 第 55 行.
NOTIC: [2] array_merge(): Argument #2 is not an array /webHome/host1709404/www/ThinkPHP/Library/Think/Hook.class.php 第 55 行.
INFO: [ app_begin ] --START--
INFO: Run Behavior\ReadHtmlCacheBehavior [ RunTime:0.001586s ]
INFO: Run Behavior\CheckLangBehavior [ RunTime:0.001744s ]
INFO: [ app_begin ] --END-- [ RunTime:0.003592s ]
SQL: SHOW COLUMNS FROM `think_blog` [ RunTime:0.0018s ]
SQL: SHOW COLUMNS FROM `think_comments` [ RunTime:0.0014s ]
SQL: SELECT * FROM `think_blog` WHERE ( blog_id=3 ) LIMIT 1   [ RunTime:0.0009s ]
SQL: SELECT * FROM `think_comments` RIGHT JOIN think_users ON think_comments.name=think_users.user_name  WHERE ( blog_id=3 ) ORDER BY praise desc  [ RunTime:0.0012s ]
SQL: SELECT COUNT(*) AS tp_count FROM `think_comments` WHERE ( blog_id=3 ) LIMIT 1   [ RunTime:0.0008s ]

[ 2017-09-06T07:48:46+08:00 ] 38.100.21.62 /index.php/Home/Gallery-gallery.tpl
INFO: [ app_init ] --START--
INFO: Run Behavior\BuildLiteBehavior [ RunTime:0.000034s ]
INFO: [ app_init ] --END-- [ RunTime:0.000852s ]
NOTIC: [2] array_merge(): Argument #2 is not an array /webHome/host1709404/www/ThinkPHP/Library/Think/Hook.class.php 第 55 行.
NOTIC: [2] array_merge(): Argument #2 is not an array /webHome/host1709404/www/ThinkPHP/Library/Think/Hook.class.php 第 55 行.
NOTIC: [2] array_merge(): Argument #2 is not an array /webHome/host1709404/www/ThinkPHP/Library/Think/Hook.class.php 第 55 行.
NOTIC: [2] array_merge(): Argument #2 is not an array /webHome/host1709404/www/ThinkPHP/Library/Think/Hook.class.php 第 55 行.
INFO: [ app_begin ] --START--
INFO: Run Behavior\ReadHtmlCacheBehavior [ RunTime:0.001339s ]
INFO: Run Behavior\CheckLangBehavior [ RunTime:0.001954s ]
INFO: [ app_begin ] --END-- [ RunTime:0.003546s ]
INFO: [ view_parse ] --START--
INFO: [ template_filter ] --START--
INFO: Run Behavior\ContentReplaceBehavior [ RunTime:0.000326s ]
INFO: [ template_filter ] --END-- [ RunTime:0.000523s ]
INFO: Run Behavior\ParseTemplateBehavior [ RunTime:0.050855s ]
INFO: [ view_parse ] --END-- [ RunTime:0.051061s ]
INFO: [ view_filter ] --START--
INFO: Run Behavior\WriteHtmlCacheBehavior [ RunTime:0.000576s ]
INFO: [ view_filter ] --END-- [ RunTime:0.000694s ]
INFO: [ app_end ] --START--
INFO: Run Behavior\ShowPageTraceBehavior [ RunTime:0.001204s ]
INFO: [ app_end ] --END-- [ RunTime:0.001314s ]

[ 2017-09-06T10:23:21+08:00 ] 119.10.64.38 /
INFO: [ app_init ] --START--
INFO: Run Behavior\BuildLiteBehavior [ RunTime:0.000033s ]
INFO: [ app_init ] --END-- [ RunTime:0.000756s ]
NOTIC: [2] array_merge(): Argument #2 is not an array /webHome/host1709404/www/ThinkPHP/Library/Think/Hook.class.php 第 55 行.
NOTIC: [2] array_merge(): Argument #2 is not an array /webHome/host1709404/www/ThinkPHP/Library/Think/Hook.class.php 第 55 行.
NOTIC: [2] array_merge(): Argument #2 is not an array /webHome/host1709404/www/ThinkPHP/Library/Think/Hook.class.php 第 55 行.
NOTIC: [2] array_merge(): Argument #2 is not an array /webHome/host1709404/www/ThinkPHP/Library/Think/Hook.class.php 第 55 行.
INFO: [ app_begin ] --START--
INFO: Run Behavior\ReadHtmlCacheBehavior [ RunTime:0.001000s ]
INFO: Run Behavior\CheckLangBehavior [ RunTime:0.001695s ]
INFO: [ app_begin ] --END-- [ RunTime:0.002875s ]
SQL: SHOW COLUMNS FROM `think_blog` [ RunTime:0.0044s ]
SQL: SELECT * FROM `think_blog` LIMIT 4   [ RunTime:0.0013s ]
SQL: SELECT * FROM `think_blog` ORDER BY praise desc LIMIT 3   [ RunTime:0.0097s ]
SQL: SELECT * FROM `think_blog` ORDER BY blog_time desc LIMIT 3   [ RunTime:0.0018s ]
SQL: SHOW COLUMNS FROM `think_users` [ RunTime:0.0034s ]
SQL: SELECT `user_name`,`vip` FROM `think_users` ORDER BY vip desc LIMIT 5   [ RunTime:0.0010s ]
INFO: [ view_parse ] --START--
INFO: [ template_filter ] --START--
INFO: Run Behavior\ContentReplaceBehavior [ RunTime:0.000189s ]
INFO: [ template_filter ] --END-- [ RunTime:0.000321s ]
NOTIC: [8] Use of undefined constant blog_content - assumed 'blog_content' /webHome/host1709404/www/Application/Runtime/Cache/Home/2a94b8bda04ff446dcedd42276fc99ee.php 第 132 行.
NOTIC: [8] Use of undefined constant blog_content - assumed 'blog_content' /webHome/host1709404/www/Application/Runtime/Cache/Home/2a94b8bda04ff446dcedd42276fc99ee.php 第 143 行.
NOTIC: [8] Use of undefined constant user_name - assumed 'user_name' /webHome/host1709404/www/Application/Runtime/Cache/Home/2a94b8bda04ff446dcedd42276fc99ee.php 第 216 行.
NOTIC: [8] Use of undefined constant vip - assumed 'vip' /webHome/host1709404/www/Application/Runtime/Cache/Home/2a94b8bda04ff446dcedd42276fc99ee.php 第 217 行.
NOTIC: [8] Use of undefined constant user_name - assumed 'user_name' /webHome/host1709404/www/Application/Runtime/Cache/Home/2a94b8bda04ff446dcedd42276fc99ee.php 第 216 行.
NOTIC: [8] Use of undefined constant vip - assumed 'vip' /webHome/host1709404/www/Application/Runtime/Cache/Home/2a94b8bda04ff446dcedd42276fc99ee.php 第 217 行.
NOTIC: [8] Use of undefined constant user_name - assumed 'user_name' /webHome/host1709404/www/Application/Runtime/Cache/Home/2a94b8bda04ff446dcedd42276fc99ee.php 第 216 行.
NOTIC: [8] Use of undefined constant vip - assumed 'vip' /webHome/host1709404/www/Application/Runtime/Cache/Home/2a94b8bda04ff446dcedd42276fc99ee.php 第 217 行.
NOTIC: [8] Use of undefined constant user_name - assumed 'user_name' /webHome/host1709404/www/Application/Runtime/Cache/Home/2a94b8bda04ff446dcedd42276fc99ee.php 第 216 行.
NOTIC: [8] Use of undefined constant vip - assumed 'vip' /webHome/host1709404/www/Application/Runtime/Cache/Home/2a94b8bda04ff446dcedd42276fc99ee.php 第 217 行.
NOTIC: [8] Use of undefined constant user_name - assumed 'user_name' /webHome/host1709404/www/Application/Runtime/Cache/Home/2a94b8bda04ff446dcedd42276fc99ee.php 第 216 行.
NOTIC: [8] Use of undefined constant vip - assumed 'vip' /webHome/host1709404/www/Application/Runtime/Cache/Home/2a94b8bda04ff446dcedd42276fc99ee.php 第 217 行.
INFO: Run Behavior\ParseTemplateBehavior [ RunTime:0.055368s ]
INFO: [ view_parse ] --END-- [ RunTime:0.055592s ]
INFO: [ view_filter ] --START--
INFO: Run Behavior\WriteHtmlCacheBehavior [ RunTime:0.000507s ]
INFO: [ view_filter ] --END-- [ RunTime:0.000611s ]
INFO: [ app_end ] --START--
INFO: Run Behavior\ShowPageTraceBehavior [ RunTime:0.001203s ]
INFO: [ app_end ] --END-- [ RunTime:0.001391s ]

[ 2017-09-06T11:01:14+08:00 ] 119.10.64.38 /index.php/Home/Gallery-gallery.tpl
INFO: [ app_init ] --START--
INFO: Run Behavior\BuildLiteBehavior [ RunTime:0.000043s ]
INFO: [ app_init ] --END-- [ RunTime:0.001345s ]
NOTIC: [2] array_merge(): Argument #2 is not an array /webHome/host1709404/www/ThinkPHP/Library/Think/Hook.class.php 第 55 行.
NOTIC: [2] array_merge(): Argument #2 is not an array /webHome/host1709404/www/ThinkPHP/Library/Think/Hook.class.php 第 55 行.
NOTIC: [2] array_merge(): Argument #2 is not an array /webHome/host1709404/www/ThinkPHP/Library/Think/Hook.class.php 第 55 行.
NOTIC: [2] array_merge(): Argument #2 is not an array /webHome/host1709404/www/ThinkPHP/Library/Think/Hook.class.php 第 55 行.
INFO: [ app_begin ] --START--
INFO: Run Behavior\ReadHtmlCacheBehavior [ RunTime:0.001341s ]
INFO: Run Behavior\CheckLangBehavior [ RunTime:0.003209s ]
INFO: [ app_begin ] --END-- [ RunTime:0.004755s ]
INFO: [ view_parse ] --START--
INFO: [ template_filter ] --START--
INFO: Run Behavior\ContentReplaceBehavior [ RunTime:0.000210s ]
INFO: [ template_filter ] --END-- [ RunTime:0.000383s ]
INFO: Run Behavior\ParseTemplateBehavior [ RunTime:0.104418s ]
INFO: [ view_parse ] --END-- [ RunTime:0.104605s ]
INFO: [ view_filter ] --START--
INFO: Run Behavior\WriteHtmlCacheBehavior [ RunTime:0.000891s ]
INFO: [ view_filter ] --END-- [ RunTime:0.003124s ]
INFO: [ app_end ] --START--
INFO: Run Behavior\ShowPageTraceBehavior [ RunTime:0.001376s ]
INFO: [ app_end ] --END-- [ RunTime:0.001555s ]

[ 2017-09-06T11:01:14+08:00 ] 119.10.64.38 /index.php/Home/Sign-signIn.tpl
INFO: [ app_init ] --START--
INFO: Run Behavior\BuildLiteBehavior [ RunTime:0.000044s ]
INFO: [ app_init ] --END-- [ RunTime:0.001280s ]
NOTIC: [2] array_merge(): Argument #2 is not an array /webHome/host1709404/www/ThinkPHP/Library/Think/Hook.class.php 第 55 行.
NOTIC: [2] array_merge(): Argument #2 is not an array /webHome/host1709404/www/ThinkPHP/Library/Think/Hook.class.php 第 55 行.
NOTIC: [2] array_merge(): Argument #2 is not an array /webHome/host1709404/www/ThinkPHP/Library/Think/Hook.class.php 第 55 行.
NOTIC: [2] array_merge(): Argument #2 is not an array /webHome/host1709404/www/ThinkPHP/Library/Think/Hook.class.php 第 55 行.
INFO: [ app_begin ] --START--
INFO: Run Behavior\ReadHtmlCacheBehavior [ RunTime:0.018323s ]
INFO: Run Behavior\CheckLangBehavior [ RunTime:0.002503s ]
INFO: [ app_begin ] --END-- [ RunTime:0.021126s ]
INFO: [ view_parse ] --START--
INFO: [ template_filter ] --START--
INFO: Run Behavior\ContentReplaceBehavior [ RunTime:0.000115s ]
INFO: [ template_filter ] --END-- [ RunTime:0.000259s ]
INFO: Run Behavior\ParseTemplateBehavior [ RunTime:0.013228s ]
INFO: [ view_parse ] --END-- [ RunTime:0.013392s ]
INFO: [ view_filter ] --START--
INFO: Run Behavior\WriteHtmlCacheBehavior [ RunTime:0.000478s ]
INFO: [ view_filter ] --END-- [ RunTime:0.000570s ]
INFO: [ app_end ] --START--
INFO: Run Behavior\ShowPageTraceBehavior [ RunTime:0.001248s ]
INFO: [ app_end ] --END-- [ RunTime:0.001360s ]

[ 2017-09-06T11:01:15+08:00 ] 119.10.64.38 /index.php/Home/Index-index.tpl
INFO: [ app_init ] --START--
INFO: Run Behavior\BuildLiteBehavior [ RunTime:0.000040s ]
INFO: [ app_init ] --END-- [ RunTime:0.057997s ]
NOTIC: [2] array_merge(): Argument #2 is not an array /webHome/host1709404/www/ThinkPHP/Library/Think/Hook.class.php 第 55 行.
NOTIC: [2] array_merge(): Argument #2 is not an array /webHome/host1709404/www/ThinkPHP/Library/Think/Hook.class.php 第 55 行.
NOTIC: [2] array_merge(): Argument #2 is not an array /webHome/host1709404/www/ThinkPHP/Library/Think/Hook.class.php 第 55 行.
NOTIC: [2] array_merge(): Argument #2 is not an array /webHome/host1709404/www/ThinkPHP/Library/Think/Hook.class.php 第 55 行.
INFO: [ app_begin ] --START--
INFO: Run Behavior\ReadHtmlCacheBehavior [ RunTime:0.001316s ]
INFO: Run Behavior\CheckLangBehavior [ RunTime:0.001897s ]
INFO: [ app_begin ] --END-- [ RunTime:0.003438s ]
SQL: SHOW COLUMNS FROM `think_blog` [ RunTime:0.0015s ]
SQL: SELECT * FROM `think_blog` LIMIT 4   [ RunTime:0.0011s ]
SQL: SELECT * FROM `think_blog` ORDER BY praise desc LIMIT 3   [ RunTime:0.0012s ]
SQL: SELECT * FROM `think_blog` ORDER BY blog_time desc LIMIT 3   [ RunTime:0.0020s ]
SQL: SHOW COLUMNS FROM `think_users` [ RunTime:0.0023s ]
SQL: SELECT `user_name`,`vip` FROM `think_users` ORDER BY vip desc LIMIT 5   [ RunTime:0.0026s ]
INFO: [ view_parse ] --START--
INFO: [ template_filter ] --START--
INFO: Run Behavior\ContentReplaceBehavior [ RunTime:0.000168s ]
INFO: [ template_filter ] --END-- [ RunTime:0.000290s ]
NOTIC: [8] Use of undefined constant blog_content - assumed 'blog_content' /webHome/host1709404/www/Application/Runtime/Cache/Home/2a94b8bda04ff446dcedd42276fc99ee.php 第 132 行.
NOTIC: [8] Use of undefined constant blog_content - assumed 'blog_content' /webHome/host1709404/www/Application/Runtime/Cache/Home/2a94b8bda04ff446dcedd42276fc99ee.php 第 143 行.
NOTIC: [8] Use of undefined constant user_name - assumed 'user_name' /webHome/host1709404/www/Application/Runtime/Cache/Home/2a94b8bda04ff446dcedd42276fc99ee.php 第 216 行.
NOTIC: [8] Use of undefined constant vip - assumed 'vip' /webHome/host1709404/www/Application/Runtime/Cache/Home/2a94b8bda04ff446dcedd42276fc99ee.php 第 217 行.
NOTIC: [8] Use of undefined constant user_name - assumed 'user_name' /webHome/host1709404/www/Application/Runtime/Cache/Home/2a94b8bda04ff446dcedd42276fc99ee.php 第 216 行.
NOTIC: [8] Use of undefined constant vip - assumed 'vip' /webHome/host1709404/www/Application/Runtime/Cache/Home/2a94b8bda04ff446dcedd42276fc99ee.php 第 217 行.
NOTIC: [8] Use of undefined constant user_name - assumed 'user_name' /webHome/host1709404/www/Application/Runtime/Cache/Home/2a94b8bda04ff446dcedd42276fc99ee.php 第 216 行.
NOTIC: [8] Use of undefined constant vip - assumed 'vip' /webHome/host1709404/www/Application/Runtime/Cache/Home/2a94b8bda04ff446dcedd42276fc99ee.php 第 217 行.
NOTIC: [8] Use of undefined constant user_name - assumed 'user_name' /webHome/host1709404/www/Application/Runtime/Cache/Home/2a94b8bda04ff446dcedd42276fc99ee.php 第 216 行.
NOTIC: [8] Use of undefined constant vip - assumed 'vip' /webHome/host1709404/www/Application/Runtime/Cache/Home/2a94b8bda04ff446dcedd42276fc99ee.php 第 217 行.
NOTIC: [8] Use of undefined constant user_name - assumed 'user_name' /webHome/host1709404/www/Application/Runtime/Cache/Home/2a94b8bda04ff446dcedd42276fc99ee.php 第 216 行.
NOTIC: [8] Use of undefined constant vip - assumed 'vip' /webHome/host1709404/www/Application/Runtime/Cache/Home/2a94b8bda04ff446dcedd42276fc99ee.php 第 217 行.
INFO: Run Behavior\ParseTemplateBehavior [ RunTime:0.051596s ]
INFO: [ view_parse ] --END-- [ RunTime:0.051717s ]
INFO: [ view_filter ] --START--
INFO: Run Behavior\WriteHtmlCacheBehavior [ RunTime:0.000524s ]
INFO: [ view_filter ] --END-- [ RunTime:0.000651s ]
INFO: [ app_end ] --START--
INFO: Run Behavior\ShowPageTraceBehavior [ RunTime:0.001054s ]
INFO: [ app_end ] --END-- [ RunTime:0.001158s ]

[ 2017-09-06T11:01:15+08:00 ] 119.10.64.38 /index.php/Home/Single-single-id-1.tpl
INFO: [ app_init ] --START--
INFO: Run Behavior\BuildLiteBehavior [ RunTime:0.000038s ]
INFO: [ app_init ] --END-- [ RunTime:0.001075s ]
NOTIC: [2] array_merge(): Argument #2 is not an array /webHome/host1709404/www/ThinkPHP/Library/Think/Hook.class.php 第 55 行.
NOTIC: [2] array_merge(): Argument #2 is not an array /webHome/host1709404/www/ThinkPHP/Library/Think/Hook.class.php 第 55 行.
NOTIC: [2] array_merge(): Argument #2 is not an array /webHome/host1709404/www/ThinkPHP/Library/Think/Hook.class.php 第 55 行.
NOTIC: [2] array_merge(): Argument #2 is not an array /webHome/host1709404/www/ThinkPHP/Library/Think/Hook.class.php 第 55 行.
INFO: [ app_begin ] --START--
INFO: Run Behavior\ReadHtmlCacheBehavior [ RunTime:0.001107s ]
INFO: Run Behavior\CheckLangBehavior [ RunTime:0.001927s ]
INFO: [ app_begin ] --END-- [ RunTime:0.003234s ]
SQL: SHOW COLUMNS FROM `think_blog` [ RunTime:0.0075s ]
SQL: SHOW COLUMNS FROM `think_comments` [ RunTime:0.0037s ]
SQL: SELECT * FROM `think_blog` WHERE ( blog_id=1 ) LIMIT 1   [ RunTime:0.0018s ]
SQL: SELECT * FROM `think_comments` RIGHT JOIN think_users ON think_comments.name=think_users.user_name  WHERE ( blog_id=1 ) ORDER BY praise desc  [ RunTime:0.0023s ]
SQL: SELECT COUNT(*) AS tp_count FROM `think_comments` WHERE ( blog_id=1 ) LIMIT 1   [ RunTime:0.0075s ]

[ 2017-09-06T11:01:15+08:00 ] 119.10.64.38 /index.php/Home/Review-review.tpl
INFO: [ app_init ] --START--
INFO: Run Behavior\BuildLiteBehavior [ RunTime:0.000033s ]
INFO: [ app_init ] --END-- [ RunTime:0.000766s ]
NOTIC: [2] array_merge(): Argument #2 is not an array /webHome/host1709404/www/ThinkPHP/Library/Think/Hook.class.php 第 55 行.
NOTIC: [2] array_merge(): Argument #2 is not an array /webHome/host1709404/www/ThinkPHP/Library/Think/Hook.class.php 第 55 行.
NOTIC: [2] array_merge(): Argument #2 is not an array /webHome/host1709404/www/ThinkPHP/Library/Think/Hook.class.php 第 55 行.
NOTIC: [2] array_merge(): Argument #2 is not an array /webHome/host1709404/www/ThinkPHP/Library/Think/Hook.class.php 第 55 行.
INFO: [ app_begin ] --START--
INFO: Run Behavior\ReadHtmlCacheBehavior [ RunTime:0.001928s ]
INFO: Run Behavior\CheckLangBehavior [ RunTime:0.002564s ]
INFO: [ app_begin ] --END-- [ RunTime:0.004702s ]
SQL: SHOW COLUMNS FROM `think_blog` [ RunTime:0.0045s ]
SQL: SELECT * FROM `think_blog` ORDER BY praise desc LIMIT 8   [ RunTime:0.0046s ]
INFO: [ view_parse ] --START--
INFO: [ template_filter ] --START--
INFO: Run Behavior\ContentReplaceBehavior [ RunTime:0.000077s ]
INFO: [ template_filter ] --END-- [ RunTime:0.000166s ]
INFO: Run Behavior\ParseTemplateBehavior [ RunTime:0.036510s ]
INFO: [ view_parse ] --END-- [ RunTime:0.036735s ]
INFO: [ view_filter ] --START--
INFO: Run Behavior\WriteHtmlCacheBehavior [ RunTime:0.000546s ]
INFO: [ view_filter ] --END-- [ RunTime:0.000635s ]
INFO: [ app_end ] --START--
INFO: Run Behavior\ShowPageTraceBehavior [ RunTime:0.001136s ]
INFO: [ app_end ] --END-- [ RunTime:0.001241s ]

[ 2017-09-06T11:01:15+08:00 ] 119.10.64.38 /index.php/Home/Sign-logout.tpl
INFO: [ app_init ] --START--
INFO: Run Behavior\BuildLiteBehavior [ RunTime:0.000032s ]
INFO: [ app_init ] --END-- [ RunTime:0.000821s ]
NOTIC: [2] array_merge(): Argument #2 is not an array /webHome/host1709404/www/ThinkPHP/Library/Think/Hook.class.php 第 55 行.
NOTIC: [2] array_merge(): Argument #2 is not an array /webHome/host1709404/www/ThinkPHP/Library/Think/Hook.class.php 第 55 行.
NOTIC: [2] array_merge(): Argument #2 is not an array /webHome/host1709404/www/ThinkPHP/Library/Think/Hook.class.php 第 55 行.
NOTIC: [2] array_merge(): Argument #2 is not an array /webHome/host1709404/www/ThinkPHP/Library/Think/Hook.class.php 第 55 行.
INFO: [ app_begin ] --START--
INFO: Run Behavior\ReadHtmlCacheBehavior [ RunTime:0.001099s ]
INFO: Run Behavior\CheckLangBehavior [ RunTime:0.001632s ]
INFO: [ app_begin ] --END-- [ RunTime:0.002942s ]
NOTIC: [2] unlink(./Application/Runtime/Temp/b068931cc450442b63f5b3d276ea4297.php): No such file or directory /webHome/host1709404/www/ThinkPHP/Library/Think/Cache/Driver/File.class.php 第 157 行.
NOTIC: [2] unlink(./Application/Runtime/Temp/9871d3a2c554b27151cacf1422eec048.php): No such file or directory /webHome/host1709404/www/ThinkPHP/Library/Think/Cache/Driver/File.class.php 第 157 行.
NOTIC: [2] unlink(./Application/Runtime/Temp/c56f5648d4c0e137f9de3dfc7a54d55b.php): No such file or directory /webHome/host1709404/www/ThinkPHP/Library/Think/Cache/Driver/File.class.php 第 157 行.
NOTIC: [2] unlink(./Application/Runtime/Temp/1f2113f55e88b984a21b6aaad3372c34.php): No such file or directory /webHome/host1709404/www/ThinkPHP/Library/Think/Cache/Driver/File.class.php 第 157 行.

[ 2017-09-06T11:01:15+08:00 ] 119.10.64.38 /index.php/Home/Single-single-id-2.tpl
INFO: [ app_init ] --START--
INFO: Run Behavior\BuildLiteBehavior [ RunTime:0.000035s ]
INFO: [ app_init ] --END-- [ RunTime:0.000874s ]
NOTIC: [2] array_merge(): Argument #2 is not an array /webHome/host1709404/www/ThinkPHP/Library/Think/Hook.class.php 第 55 行.
NOTIC: [2] array_merge(): Argument #2 is not an array /webHome/host1709404/www/ThinkPHP/Library/Think/Hook.class.php 第 55 行.
NOTIC: [2] array_merge(): Argument #2 is not an array /webHome/host1709404/www/ThinkPHP/Library/Think/Hook.class.php 第 55 行.
NOTIC: [2] array_merge(): Argument #2 is not an array /webHome/host1709404/www/ThinkPHP/Library/Think/Hook.class.php 第 55 行.
INFO: [ app_begin ] --START--
INFO: Run Behavior\ReadHtmlCacheBehavior [ RunTime:0.001173s ]
INFO: Run Behavior\CheckLangBehavior [ RunTime:0.001923s ]
INFO: [ app_begin ] --END-- [ RunTime:0.003297s ]
SQL: SHOW COLUMNS FROM `think_blog` [ RunTime:0.0073s ]
SQL: SHOW COLUMNS FROM `think_comments` [ RunTime:0.0017s ]
SQL: SELECT * FROM `think_blog` WHERE ( blog_id=2 ) LIMIT 1   [ RunTime:0.0039s ]
SQL: SELECT * FROM `think_comments` RIGHT JOIN think_users ON think_comments.name=think_users.user_name  WHERE ( blog_id=2 ) ORDER BY praise desc  [ RunTime:0.0014s ]
SQL: SELECT COUNT(*) AS tp_count FROM `think_comments` WHERE ( blog_id=2 ) LIMIT 1   [ RunTime:0.0009s ]

[ 2017-09-06T11:01:15+08:00 ] 119.10.64.38 /index.php/Home/Single-single-id-3.tpl
INFO: [ app_init ] --START--
INFO: Run Behavior\BuildLiteBehavior [ RunTime:0.000030s ]
INFO: [ app_init ] --END-- [ RunTime:0.000702s ]
NOTIC: [2] array_merge(): Argument #2 is not an array /webHome/host1709404/www/ThinkPHP/Library/Think/Hook.class.php 第 55 行.
NOTIC: [2] array_merge(): Argument #2 is not an array /webHome/host1709404/www/ThinkPHP/Library/Think/Hook.class.php 第 55 行.
NOTIC: [2] array_merge(): Argument #2 is not an array /webHome/host1709404/www/ThinkPHP/Library/Think/Hook.class.php 第 55 行.
NOTIC: [2] array_merge(): Argument #2 is not an array /webHome/host1709404/www/ThinkPHP/Library/Think/Hook.class.php 第 55 行.
INFO: [ app_begin ] --START--
INFO: Run Behavior\ReadHtmlCacheBehavior [ RunTime:0.000983s ]
INFO: Run Behavior\CheckLangBehavior [ RunTime:0.001534s ]
INFO: [ app_begin ] --END-- [ RunTime:0.002694s ]
SQL: SHOW COLUMNS FROM `think_blog` [ RunTime:0.0033s ]
SQL: SHOW COLUMNS FROM `think_comments` [ RunTime:0.0026s ]
SQL: SELECT * FROM `think_blog` WHERE ( blog_id=3 ) LIMIT 1   [ RunTime:0.0011s ]
SQL: SELECT * FROM `think_comments` RIGHT JOIN think_users ON think_comments.name=think_users.user_name  WHERE ( blog_id=3 ) ORDER BY praise desc  [ RunTime:0.0014s ]
SQL: SELECT COUNT(*) AS tp_count FROM `think_comments` WHERE ( blog_id=3 ) LIMIT 1   [ RunTime:0.0014s ]

[ 2017-09-06T11:01:16+08:00 ] 119.10.64.38 /index.php/Home/Single-blog-kind-0.tpl
INFO: [ app_init ] --START--
INFO: Run Behavior\BuildLiteBehavior [ RunTime:0.000030s ]
INFO: [ app_init ] --END-- [ RunTime:0.000726s ]
NOTIC: [2] array_merge(): Argument #2 is not an array /webHome/host1709404/www/ThinkPHP/Library/Think/Hook.class.php 第 55 行.
NOTIC: [2] array_merge(): Argument #2 is not an array /webHome/host1709404/www/ThinkPHP/Library/Think/Hook.class.php 第 55 行.
NOTIC: [2] array_merge(): Argument #2 is not an array /webHome/host1709404/www/ThinkPHP/Library/Think/Hook.class.php 第 55 行.
NOTIC: [2] array_merge(): Argument #2 is not an array /webHome/host1709404/www/ThinkPHP/Library/Think/Hook.class.php 第 55 行.
INFO: [ app_begin ] --START--
INFO: Run Behavior\ReadHtmlCacheBehavior [ RunTime:0.000670s ]
INFO: Run Behavior\CheckLangBehavior [ RunTime:0.001020s ]
INFO: [ app_begin ] --END-- [ RunTime:0.001840s ]
SQL: SHOW COLUMNS FROM `think_blog` [ RunTime:0.0022s ]
SQL: SELECT * FROM `think_blog` WHERE ( blog_group='PHP' )  [ RunTime:0.0010s ]
INFO: [ view_parse ] --START--
INFO: [ template_filter ] --START--
INFO: Run Behavior\ContentReplaceBehavior [ RunTime:0.000132s ]
INFO: [ template_filter ] --END-- [ RunTime:0.000263s ]
INFO: Run Behavior\ParseTemplateBehavior [ RunTime:0.043036s ]
INFO: [ view_parse ] --END-- [ RunTime:0.043219s ]
INFO: [ view_filter ] --START--
INFO: Run Behavior\WriteHtmlCacheBehavior [ RunTime:0.000667s ]
INFO: [ view_filter ] --END-- [ RunTime:0.000740s ]
INFO: [ app_end ] --START--
INFO: Run Behavior\ShowPageTraceBehavior [ RunTime:0.000843s ]
INFO: [ app_end ] --END-- [ RunTime:0.000924s ]

[ 2017-09-06T11:01:16+08:00 ] 119.10.64.38 /index.php/Home/Single-blog-kind-1.tpl
INFO: [ app_init ] --START--
INFO: Run Behavior\BuildLiteBehavior [ RunTime:0.000029s ]
INFO: [ app_init ] --END-- [ RunTime:0.000611s ]
NOTIC: [2] array_merge(): Argument #2 is not an array /webHome/host1709404/www/ThinkPHP/Library/Think/Hook.class.php 第 55 行.
NOTIC: [2] array_merge(): Argument #2 is not an array /webHome/host1709404/www/ThinkPHP/Library/Think/Hook.class.php 第 55 行.
NOTIC: [2] array_merge(): Argument #2 is not an array /webHome/host1709404/www/ThinkPHP/Library/Think/Hook.class.php 第 55 行.
NOTIC: [2] array_merge(): Argument #2 is not an array /webHome/host1709404/www/ThinkPHP/Library/Think/Hook.class.php 第 55 行.
INFO: [ app_begin ] --START--
INFO: Run Behavior\ReadHtmlCacheBehavior [ RunTime:0.000836s ]
INFO: Run Behavior\CheckLangBehavior [ RunTime:0.001298s ]
INFO: [ app_begin ] --END-- [ RunTime:0.002290s ]
SQL: SHOW COLUMNS FROM `think_blog` [ RunTime:0.0018s ]
SQL: SELECT * FROM `think_blog` WHERE ( blog_group='治愈' )  [ RunTime:0.0016s ]
INFO: [ view_parse ] --START--
INFO: [ template_filter ] --START--
INFO: Run Behavior\ContentReplaceBehavior [ RunTime:0.000151s ]
INFO: [ template_filter ] --END-- [ RunTime:0.000372s ]
INFO: Run Behavior\ParseTemplateBehavior [ RunTime:0.023726s ]
INFO: [ view_parse ] --END-- [ RunTime:0.023836s ]
INFO: [ view_filter ] --START--
INFO: Run Behavior\WriteHtmlCacheBehavior [ RunTime:0.000638s ]
INFO: [ view_filter ] --END-- [ RunTime:0.000716s ]
INFO: [ app_end ] --START--
INFO: Run Behavior\ShowPageTraceBehavior [ RunTime:0.001107s ]
INFO: [ app_end ] --END-- [ RunTime:0.001185s ]

[ 2017-09-06T11:01:16+08:00 ] 119.10.64.38 /index.php/Home/Single-single-id-12.tpl
INFO: [ app_init ] --START--
INFO: Run Behavior\BuildLiteBehavior [ RunTime:0.000078s ]
INFO: [ app_init ] --END-- [ RunTime:0.000806s ]
NOTIC: [2] array_merge(): Argument #2 is not an array /webHome/host1709404/www/ThinkPHP/Library/Think/Hook.class.php 第 55 行.
NOTIC: [2] array_merge(): Argument #2 is not an array /webHome/host1709404/www/ThinkPHP/Library/Think/Hook.class.php 第 55 行.
NOTIC: [2] array_merge(): Argument #2 is not an array /webHome/host1709404/www/ThinkPHP/Library/Think/Hook.class.php 第 55 行.
NOTIC: [2] array_merge(): Argument #2 is not an array /webHome/host1709404/www/ThinkPHP/Library/Think/Hook.class.php 第 55 行.
INFO: [ app_begin ] --START--
INFO: Run Behavior\ReadHtmlCacheBehavior [ RunTime:0.000701s ]
INFO: Run Behavior\CheckLangBehavior [ RunTime:0.001059s ]
INFO: [ app_begin ] --END-- [ RunTime:0.001965s ]
SQL: SHOW COLUMNS FROM `think_blog` [ RunTime:0.0028s ]
SQL: SHOW COLUMNS FROM `think_comments` [ RunTime:0.0016s ]
SQL: SELECT * FROM `think_blog` WHERE ( blog_id=12 ) LIMIT 1   [ RunTime:0.0010s ]
SQL: SELECT * FROM `think_comments` RIGHT JOIN think_users ON think_comments.name=think_users.user_name  WHERE ( blog_id=12 ) ORDER BY praise desc  [ RunTime:0.0008s ]
SQL: SELECT COUNT(*) AS tp_count FROM `think_comments` WHERE ( blog_id=12 ) LIMIT 1   [ RunTime:0.0011s ]

[ 2017-09-06T11:01:17+08:00 ] 119.10.64.38 /index.php/Home/Single-blog-kind-3.tpl
INFO: [ app_init ] --START--
INFO: Run Behavior\BuildLiteBehavior [ RunTime:0.000032s ]
INFO: [ app_init ] --END-- [ RunTime:0.000722s ]
NOTIC: [2] array_merge(): Argument #2 is not an array /webHome/host1709404/www/ThinkPHP/Library/Think/Hook.class.php 第 55 行.
NOTIC: [2] array_merge(): Argument #2 is not an array /webHome/host1709404/www/ThinkPHP/Library/Think/Hook.class.php 第 55 行.
NOTIC: [2] array_merge(): Argument #2 is not an array /webHome/host1709404/www/ThinkPHP/Library/Think/Hook.class.php 第 55 行.
NOTIC: [2] array_merge(): Argument #2 is not an array /webHome/host1709404/www/ThinkPHP/Library/Think/Hook.class.php 第 55 行.
INFO: [ app_begin ] --START--
INFO: Run Behavior\ReadHtmlCacheBehavior [ RunTime:0.000959s ]
INFO: Run Behavior\CheckLangBehavior [ RunTime:0.001316s ]
INFO: [ app_begin ] --END-- [ RunTime:0.002430s ]
SQL: SHOW COLUMNS FROM `think_blog` [ RunTime:0.0022s ]
SQL: SELECT * FROM `think_blog` WHERE ( blog_group='小说' )  [ RunTime:0.0023s ]
INFO: [ view_parse ] --START--
INFO: [ template_filter ] --START--
INFO: Run Behavior\ContentReplaceBehavior [ RunTime:0.000154s ]
INFO: [ template_filter ] --END-- [ RunTime:0.000327s ]
INFO: Run Behavior\ParseTemplateBehavior [ RunTime:0.024399s ]
INFO: [ view_parse ] --END-- [ RunTime:0.032701s ]
INFO: [ view_filter ] --START--
INFO: Run Behavior\WriteHtmlCacheBehavior [ RunTime:0.000547s ]
INFO: [ view_filter ] --END-- [ RunTime:0.000667s ]
INFO: [ app_end ] --START--
INFO: Run Behavior\ShowPageTraceBehavior [ RunTime:0.001099s ]
INFO: [ app_end ] --END-- [ RunTime:0.001214s ]

[ 2017-09-06T11:01:17+08:00 ] 119.10.64.38 /index.php/Home/Single-single-id-4.tpl
INFO: [ app_init ] --START--
INFO: Run Behavior\BuildLiteBehavior [ RunTime:0.000028s ]
INFO: [ app_init ] --END-- [ RunTime:0.000699s ]
NOTIC: [2] array_merge(): Argument #2 is not an array /webHome/host1709404/www/ThinkPHP/Library/Think/Hook.class.php 第 55 行.
NOTIC: [2] array_merge(): Argument #2 is not an array /webHome/host1709404/www/ThinkPHP/Library/Think/Hook.class.php 第 55 行.
NOTIC: [2] array_merge(): Argument #2 is not an array /webHome/host1709404/www/ThinkPHP/Library/Think/Hook.class.php 第 55 行.
NOTIC: [2] array_merge(): Argument #2 is not an array /webHome/host1709404/www/ThinkPHP/Library/Think/Hook.class.php 第 55 行.
INFO: [ app_begin ] --START--
INFO: Run Behavior\ReadHtmlCacheBehavior [ RunTime:0.001002s ]
INFO: Run Behavior\CheckLangBehavior [ RunTime:0.001228s ]
INFO: [ app_begin ] --END-- [ RunTime:0.002410s ]
SQL: SHOW COLUMNS FROM `think_blog` [ RunTime:0.0184s ]
SQL: SHOW COLUMNS FROM `think_comments` [ RunTime:0.0275s ]
SQL: SELECT * FROM `think_blog` WHERE ( blog_id=4 ) LIMIT 1   [ RunTime:0.0155s ]
SQL: SELECT * FROM `think_comments` RIGHT JOIN think_users ON think_comments.name=think_users.user_name  WHERE ( blog_id=4 ) ORDER BY praise desc  [ RunTime:0.0148s ]
SQL: SELECT COUNT(*) AS tp_count FROM `think_comments` WHERE ( blog_id=4 ) LIMIT 1   [ RunTime:0.0149s ]

[ 2017-09-06T11:01:17+08:00 ] 119.10.64.38 /index.php/Home/Single-blog-kind-4.tpl
INFO: [ app_init ] --START--
INFO: Run Behavior\BuildLiteBehavior [ RunTime:0.000031s ]
INFO: [ app_init ] --END-- [ RunTime:0.000752s ]
NOTIC: [2] array_merge(): Argument #2 is not an array /webHome/host1709404/www/ThinkPHP/Library/Think/Hook.class.php 第 55 行.
NOTIC: [2] array_merge(): Argument #2 is not an array /webHome/host1709404/www/ThinkPHP/Library/Think/Hook.class.php 第 55 行.
NOTIC: [2] array_merge(): Argument #2 is not an array /webHome/host1709404/www/ThinkPHP/Library/Think/Hook.class.php 第 55 行.
NOTIC: [2] array_merge(): Argument #2 is not an array /webHome/host1709404/www/ThinkPHP/Library/Think/Hook.class.php 第 55 行.
INFO: [ app_begin ] --START--
INFO: Run Behavior\ReadHtmlCacheBehavior [ RunTime:0.002115s ]
INFO: Run Behavior\CheckLangBehavior [ RunTime:0.003673s ]
INFO: [ app_begin ] --END-- [ RunTime:0.006102s ]
SQL: SHOW COLUMNS FROM `think_blog` [ RunTime:0.0165s ]
SQL: SELECT * FROM `think_blog` WHERE ( blog_group='其他' )  [ RunTime:0.0141s ]
INFO: [ view_parse ] --START--
INFO: [ template_filter ] --START--
INFO: Run Behavior\ContentReplaceBehavior [ RunTime:0.000133s ]
INFO: [ template_filter ] --END-- [ RunTime:0.000281s ]
INFO: Run Behavior\ParseTemplateBehavior [ RunTime:0.028694s ]
INFO: [ view_parse ] --END-- [ RunTime:0.028868s ]
INFO: [ view_filter ] --START--
INFO: Run Behavior\WriteHtmlCacheBehavior [ RunTime:0.000587s ]
INFO: [ view_filter ] --END-- [ RunTime:0.000688s ]
INFO: [ app_end ] --START--
INFO: Run Behavior\ShowPageTraceBehavior [ RunTime:0.001220s ]
INFO: [ app_end ] --END-- [ RunTime:0.001323s ]

[ 2017-09-06T11:01:18+08:00 ] 119.10.64.38 /index.php/Home/Single-blog-kind-2.tpl
INFO: [ app_init ] --START--
INFO: Run Behavior\BuildLiteBehavior [ RunTime:0.000028s ]
INFO: [ app_init ] --END-- [ RunTime:0.000649s ]
NOTIC: [2] array_merge(): Argument #2 is not an array /webHome/host1709404/www/ThinkPHP/Library/Think/Hook.class.php 第 55 行.
NOTIC: [2] array_merge(): Argument #2 is not an array /webHome/host1709404/www/ThinkPHP/Library/Think/Hook.class.php 第 55 行.
NOTIC: [2] array_merge(): Argument #2 is not an array /webHome/host1709404/www/ThinkPHP/Library/Think/Hook.class.php 第 55 行.
NOTIC: [2] array_merge(): Argument #2 is not an array /webHome/host1709404/www/ThinkPHP/Library/Think/Hook.class.php 第 55 行.
INFO: [ app_begin ] --START--
INFO: Run Behavior\ReadHtmlCacheBehavior [ RunTime:0.000996s ]
INFO: Run Behavior\CheckLangBehavior [ RunTime:0.001468s ]
INFO: [ app_begin ] --END-- [ RunTime:0.002645s ]
SQL: SHOW COLUMNS FROM `think_blog` [ RunTime:0.0144s ]
SQL: SELECT * FROM `think_blog` WHERE ( blog_group='生活' )  [ RunTime:0.0011s ]
INFO: [ view_parse ] --START--
INFO: [ template_filter ] --START--
INFO: Run Behavior\ContentReplaceBehavior [ RunTime:0.000430s ]
INFO: [ template_filter ] --END-- [ RunTime:0.000604s ]
INFO: Run Behavior\ParseTemplateBehavior [ RunTime:0.048413s ]
INFO: [ view_parse ] --END-- [ RunTime:0.048598s ]
INFO: [ view_filter ] --START--
INFO: Run Behavior\WriteHtmlCacheBehavior [ RunTime:0.000715s ]
INFO: [ view_filter ] --END-- [ RunTime:0.000839s ]
INFO: [ app_end ] --START--
INFO: Run Behavior\ShowPageTraceBehavior [ RunTime:0.001031s ]
INFO: [ app_end ] --END-- [ RunTime:0.001144s ]

[ 2017-09-06T11:01:18+08:00 ] 119.10.64.38 /index.php/Home/Single-single-id-11.tpl
INFO: [ app_init ] --START--
INFO: Run Behavior\BuildLiteBehavior [ RunTime:0.000040s ]
INFO: [ app_init ] --END-- [ RunTime:0.000779s ]
NOTIC: [2] array_merge(): Argument #2 is not an array /webHome/host1709404/www/ThinkPHP/Library/Think/Hook.class.php 第 55 行.
NOTIC: [2] array_merge(): Argument #2 is not an array /webHome/host1709404/www/ThinkPHP/Library/Think/Hook.class.php 第 55 行.
NOTIC: [2] array_merge(): Argument #2 is not an array /webHome/host1709404/www/ThinkPHP/Library/Think/Hook.class.php 第 55 行.
NOTIC: [2] array_merge(): Argument #2 is not an array /webHome/host1709404/www/ThinkPHP/Library/Think/Hook.class.php 第 55 行.
INFO: [ app_begin ] --START--
INFO: Run Behavior\ReadHtmlCacheBehavior [ RunTime:0.001156s ]
INFO: Run Behavior\CheckLangBehavior [ RunTime:0.001651s ]
INFO: [ app_begin ] --END-- [ RunTime:0.003038s ]
SQL: SHOW COLUMNS FROM `think_blog` [ RunTime:0.0016s ]
SQL: SHOW COLUMNS FROM `think_comments` [ RunTime:0.0019s ]
SQL: SELECT * FROM `think_blog` WHERE ( blog_id=11 ) LIMIT 1   [ RunTime:0.0010s ]
SQL: SELECT * FROM `think_comments` RIGHT JOIN think_users ON think_comments.name=think_users.user_name  WHERE ( blog_id=11 ) ORDER BY praise desc  [ RunTime:0.0010s ]
SQL: SELECT COUNT(*) AS tp_count FROM `think_comments` WHERE ( blog_id=11 ) LIMIT 1   [ RunTime:0.0013s ]

[ 2017-09-06T11:01:20+08:00 ] 119.10.64.38 /index.php/Home/Single-single-id-13.tpl
INFO: [ app_init ] --START--
INFO: Run Behavior\BuildLiteBehavior [ RunTime:0.000034s ]
INFO: [ app_init ] --END-- [ RunTime:0.000730s ]
NOTIC: [2] array_merge(): Argument #2 is not an array /webHome/host1709404/www/ThinkPHP/Library/Think/Hook.class.php 第 55 行.
NOTIC: [2] array_merge(): Argument #2 is not an array /webHome/host1709404/www/ThinkPHP/Library/Think/Hook.class.php 第 55 行.
NOTIC: [2] array_merge(): Argument #2 is not an array /webHome/host1709404/www/ThinkPHP/Library/Think/Hook.class.php 第 55 行.
NOTIC: [2] array_merge(): Argument #2 is not an array /webHome/host1709404/www/ThinkPHP/Library/Think/Hook.class.php 第 55 行.
INFO: [ app_begin ] --START--
INFO: Run Behavior\ReadHtmlCacheBehavior [ RunTime:0.000764s ]
INFO: Run Behavior\CheckLangBehavior [ RunTime:0.001259s ]
INFO: [ app_begin ] --END-- [ RunTime:0.002158s ]
SQL: SHOW COLUMNS FROM `think_blog` [ RunTime:0.0024s ]
SQL: SHOW COLUMNS FROM `think_comments` [ RunTime:0.0016s ]
SQL: SELECT * FROM `think_blog` WHERE ( blog_id=13 ) LIMIT 1   [ RunTime:0.0159s ]
SQL: SELECT * FROM `think_comments` RIGHT JOIN think_users ON think_comments.name=think_users.user_name  WHERE ( blog_id=13 ) ORDER BY praise desc  [ RunTime:0.0083s ]
SQL: SELECT COUNT(*) AS tp_count FROM `think_comments` WHERE ( blog_id=13 ) LIMIT 1   [ RunTime:0.0012s ]

[ 2017-09-06T14:08:17+08:00 ] 80.85.159.173 /
INFO: [ app_init ] --START--
INFO: Run Behavior\BuildLiteBehavior [ RunTime:0.000033s ]
INFO: [ app_init ] --END-- [ RunTime:0.000872s ]
NOTIC: [2] array_merge(): Argument #2 is not an array /webHome/host1709404/www/ThinkPHP/Library/Think/Hook.class.php 第 55 行.
NOTIC: [2] array_merge(): Argument #2 is not an array /webHome/host1709404/www/ThinkPHP/Library/Think/Hook.class.php 第 55 行.
NOTIC: [2] array_merge(): Argument #2 is not an array /webHome/host1709404/www/ThinkPHP/Library/Think/Hook.class.php 第 55 行.
NOTIC: [2] array_merge(): Argument #2 is not an array /webHome/host1709404/www/ThinkPHP/Library/Think/Hook.class.php 第 55 行.
INFO: [ app_begin ] --START--
INFO: Run Behavior\ReadHtmlCacheBehavior [ RunTime:0.001060s ]
INFO: Run Behavior\CheckLangBehavior [ RunTime:0.001915s ]
INFO: [ app_begin ] --END-- [ RunTime:0.003176s ]
SQL: SHOW COLUMNS FROM `think_blog` [ RunTime:0.0032s ]
SQL: SELECT * FROM `think_blog` LIMIT 4   [ RunTime:0.0010s ]
SQL: SELECT * FROM `think_blog` ORDER BY praise desc LIMIT 3   [ RunTime:0.0012s ]
SQL: SELECT * FROM `think_blog` ORDER BY blog_time desc LIMIT 3   [ RunTime:0.0011s ]
SQL: SHOW COLUMNS FROM `think_users` [ RunTime:0.0018s ]
SQL: SELECT `user_name`,`vip` FROM `think_users` ORDER BY vip desc LIMIT 5   [ RunTime:0.0008s ]
INFO: [ view_parse ] --START--
INFO: [ template_filter ] --START--
INFO: Run Behavior\ContentReplaceBehavior [ RunTime:0.000211s ]
INFO: [ template_filter ] --END-- [ RunTime:0.000393s ]
NOTIC: [8] Use of undefined constant blog_content - assumed 'blog_content' /webHome/host1709404/www/Application/Runtime/Cache/Home/2a94b8bda04ff446dcedd42276fc99ee.php 第 132 行.
NOTIC: [8] Use of undefined constant blog_content - assumed 'blog_content' /webHome/host1709404/www/Application/Runtime/Cache/Home/2a94b8bda04ff446dcedd42276fc99ee.php 第 143 行.
NOTIC: [8] Use of undefined constant user_name - assumed 'user_name' /webHome/host1709404/www/Application/Runtime/Cache/Home/2a94b8bda04ff446dcedd42276fc99ee.php 第 216 行.
NOTIC: [8] Use of undefined constant vip - assumed 'vip' /webHome/host1709404/www/Application/Runtime/Cache/Home/2a94b8bda04ff446dcedd42276fc99ee.php 第 217 行.
NOTIC: [8] Use of undefined constant user_name - assumed 'user_name' /webHome/host1709404/www/Application/Runtime/Cache/Home/2a94b8bda04ff446dcedd42276fc99ee.php 第 216 行.
NOTIC: [8] Use of undefined constant vip - assumed 'vip' /webHome/host1709404/www/Application/Runtime/Cache/Home/2a94b8bda04ff446dcedd42276fc99ee.php 第 217 行.
NOTIC: [8] Use of undefined constant user_name - assumed 'user_name' /webHome/host1709404/www/Application/Runtime/Cache/Home/2a94b8bda04ff446dcedd42276fc99ee.php 第 216 行.
NOTIC: [8] Use of undefined constant vip - assumed 'vip' /webHome/host1709404/www/Application/Runtime/Cache/Home/2a94b8bda04ff446dcedd42276fc99ee.php 第 217 行.
NOTIC: [8] Use of undefined constant user_name - assumed 'user_name' /webHome/host1709404/www/Application/Runtime/Cache/Home/2a94b8bda04ff446dcedd42276fc99ee.php 第 216 行.
NOTIC: [8] Use of undefined constant vip - assumed 'vip' /webHome/host1709404/www/Application/Runtime/Cache/Home/2a94b8bda04ff446dcedd42276fc99ee.php 第 217 行.
NOTIC: [8] Use of undefined constant user_name - assumed 'user_name' /webHome/host1709404/www/Application/Runtime/Cache/Home/2a94b8bda04ff446dcedd42276fc99ee.php 第 216 行.
NOTIC: [8] Use of undefined constant vip - assumed 'vip' /webHome/host1709404/www/Application/Runtime/Cache/Home/2a94b8bda04ff446dcedd42276fc99ee.php 第 217 行.
INFO: Run Behavior\ParseTemplateBehavior [ RunTime:0.051165s ]
INFO: [ view_parse ] --END-- [ RunTime:0.051310s ]
INFO: [ view_filter ] --START--
INFO: Run Behavior\WriteHtmlCacheBehavior [ RunTime:0.001164s ]
INFO: [ view_filter ] --END-- [ RunTime:0.001290s ]
INFO: 
INFO: 
INFO: 

[ 2017-09-06T14:08:25+08:00 ] 80.85.159.173 /
INFO: [ app_init ] --START--
INFO: Run Behavior\BuildLiteBehavior [ RunTime:0.000034s ]
INFO: [ app_init ] --END-- [ RunTime:0.000917s ]
NOTIC: [2] array_merge(): Argument #2 is not an array /webHome/host1709404/www/ThinkPHP/Library/Think/Hook.class.php 第 55 行.
NOTIC: [2] array_merge(): Argument #2 is not an array /webHome/host1709404/www/ThinkPHP/Library/Think/Hook.class.php 第 55 行.
NOTIC: [2] array_merge(): Argument #2 is not an array /webHome/host1709404/www/ThinkPHP/Library/Think/Hook.class.php 第 55 行.
NOTIC: [2] array_merge(): Argument #2 is not an array /webHome/host1709404/www/ThinkPHP/Library/Think/Hook.class.php 第 55 行.
INFO: [ app_begin ] --START--
INFO: Run Behavior\ReadHtmlCacheBehavior [ RunTime:0.001334s ]
INFO: Run Behavior\CheckLangBehavior [ RunTime:0.002337s ]
INFO: [ app_begin ] --END-- [ RunTime:0.003851s ]
SQL: SHOW COLUMNS FROM `think_blog` [ RunTime:0.0021s ]
SQL: SELECT * FROM `think_blog` LIMIT 4   [ RunTime:0.0015s ]
SQL: SELECT * FROM `think_blog` ORDER BY praise desc LIMIT 3   [ RunTime:0.0031s ]
SQL: SELECT * FROM `think_blog` ORDER BY blog_time desc LIMIT 3   [ RunTime:0.0022s ]
SQL: SHOW COLUMNS FROM `think_users` [ RunTime:0.0045s ]
SQL: SELECT `user_name`,`vip` FROM `think_users` ORDER BY vip desc LIMIT 5   [ RunTime:0.0009s ]
INFO: [ view_parse ] --START--
INFO: [ template_filter ] --START--
INFO: Run Behavior\ContentReplaceBehavior [ RunTime:0.000290s ]
INFO: [ template_filter ] --END-- [ RunTime:0.000464s ]
NOTIC: [8] Use of undefined constant blog_content - assumed 'blog_content' /webHome/host1709404/www/Application/Runtime/Cache/Home/2a94b8bda04ff446dcedd42276fc99ee.php 第 132 行.
NOTIC: [8] Use of undefined constant blog_content - assumed 'blog_content' /webHome/host1709404/www/Application/Runtime/Cache/Home/2a94b8bda04ff446dcedd42276fc99ee.php 第 143 行.
NOTIC: [8] Use of undefined constant user_name - assumed 'user_name' /webHome/host1709404/www/Application/Runtime/Cache/Home/2a94b8bda04ff446dcedd42276fc99ee.php 第 216 行.
NOTIC: [8] Use of undefined constant vip - assumed 'vip' /webHome/host1709404/www/Application/Runtime/Cache/Home/2a94b8bda04ff446dcedd42276fc99ee.php 第 217 行.
NOTIC: [8] Use of undefined constant user_name - assumed 'user_name' /webHome/host1709404/www/Application/Runtime/Cache/Home/2a94b8bda04ff446dcedd42276fc99ee.php 第 216 行.
NOTIC: [8] Use of undefined constant vip - assumed 'vip' /webHome/host1709404/www/Application/Runtime/Cache/Home/2a94b8bda04ff446dcedd42276fc99ee.php 第 217 行.
NOTIC: [8] Use of undefined constant user_name - assumed 'user_name' /webHome/host1709404/www/Application/Runtime/Cache/Home/2a94b8bda04ff446dcedd42276fc99ee.php 第 216 行.
NOTIC: [8] Use of undefined constant vip - assumed 'vip' /webHome/host1709404/www/Application/Runtime/Cache/Home/2a94b8bda04ff446dcedd42276fc99ee.php 第 217 行.
NOTIC: [8] Use of undefined constant user_name - assumed 'user_name' /webHome/host1709404/www/Application/Runtime/Cache/Home/2a94b8bda04ff446dcedd42276fc99ee.php 第 216 行.
NOTIC: [8] Use of undefined constant vip - assumed 'vip' /webHome/host1709404/www/Application/Runtime/Cache/Home/2a94b8bda04ff446dcedd42276fc99ee.php 第 217 行.
NOTIC: [8] Use of undefined constant user_name - assumed 'user_name' /webHome/host1709404/www/Application/Runtime/Cache/Home/2a94b8bda04ff446dcedd42276fc99ee.php 第 216 行.
NOTIC: [8] Use of undefined constant vip - assumed 'vip' /webHome/host1709404/www/Application/Runtime/Cache/Home/2a94b8bda04ff446dcedd42276fc99ee.php 第 217 行.
INFO: Run Behavior\ParseTemplateBehavior [ RunTime:0.066774s ]
INFO: [ view_parse ] --END-- [ RunTime:0.067205s ]
INFO: [ view_filter ] --START--
INFO: Run Behavior\WriteHtmlCacheBehavior [ RunTime:0.000685s ]
INFO: [ view_filter ] --END-- [ RunTime:0.000818s ]
INFO: [ app_end ] --START--
INFO: Run Behavior\ShowPageTraceBehavior [ RunTime:0.001475s ]
INFO: [ app_end ] --END-- [ RunTime:0.001617s ]

[ 2017-09-06T16:02:39+08:00 ] 123.125.67.219 /
INFO: [ app_init ] --START--
INFO: Run Behavior\BuildLiteBehavior [ RunTime:0.000065s ]
INFO: [ app_init ] --END-- [ RunTime:0.001099s ]
NOTIC: [2] array_merge(): Argument #2 is not an array /webHome/host1709404/www/ThinkPHP/Library/Think/Hook.class.php 第 55 行.
NOTIC: [2] array_merge(): Argument #2 is not an array /webHome/host1709404/www/ThinkPHP/Library/Think/Hook.class.php 第 55 行.
NOTIC: [2] array_merge(): Argument #2 is not an array /webHome/host1709404/www/ThinkPHP/Library/Think/Hook.class.php 第 55 行.
NOTIC: [2] array_merge(): Argument #2 is not an array /webHome/host1709404/www/ThinkPHP/Library/Think/Hook.class.php 第 55 行.
INFO: [ app_begin ] --START--
INFO: Run Behavior\ReadHtmlCacheBehavior [ RunTime:0.001686s ]
INFO: Run Behavior\CheckLangBehavior [ RunTime:0.002738s ]
INFO: [ app_begin ] --END-- [ RunTime:0.004743s ]
SQL: SHOW COLUMNS FROM `think_blog` [ RunTime:0.0025s ]
SQL: SELECT * FROM `think_blog` LIMIT 4   [ RunTime:0.0013s ]
SQL: SELECT * FROM `think_blog` ORDER BY praise desc LIMIT 3   [ RunTime:0.0012s ]
SQL: SELECT * FROM `think_blog` ORDER BY blog_time desc LIMIT 3   [ RunTime:0.0012s ]
SQL: SHOW COLUMNS FROM `think_users` [ RunTime:0.0019s ]
SQL: SELECT `user_name`,`vip` FROM `think_users` ORDER BY vip desc LIMIT 5   [ RunTime:0.0006s ]
INFO: [ view_parse ] --START--
INFO: [ template_filter ] --START--
INFO: Run Behavior\ContentReplaceBehavior [ RunTime:0.000249s ]
INFO: [ template_filter ] --END-- [ RunTime:0.000403s ]
NOTIC: [8] Use of undefined constant blog_content - assumed 'blog_content' /webHome/host1709404/www/Application/Runtime/Cache/Home/2a94b8bda04ff446dcedd42276fc99ee.php 第 132 行.
NOTIC: [8] Use of undefined constant blog_content - assumed 'blog_content' /webHome/host1709404/www/Application/Runtime/Cache/Home/2a94b8bda04ff446dcedd42276fc99ee.php 第 143 行.
NOTIC: [8] Use of undefined constant user_name - assumed 'user_name' /webHome/host1709404/www/Application/Runtime/Cache/Home/2a94b8bda04ff446dcedd42276fc99ee.php 第 216 行.
NOTIC: [8] Use of undefined constant vip - assumed 'vip' /webHome/host1709404/www/Application/Runtime/Cache/Home/2a94b8bda04ff446dcedd42276fc99ee.php 第 217 行.
NOTIC: [8] Use of undefined constant user_name - assumed 'user_name' /webHome/host1709404/www/Application/Runtime/Cache/Home/2a94b8bda04ff446dcedd42276fc99ee.php 第 216 行.
NOTIC: [8] Use of undefined constant vip - assumed 'vip' /webHome/host1709404/www/Application/Runtime/Cache/Home/2a94b8bda04ff446dcedd42276fc99ee.php 第 217 行.
NOTIC: [8] Use of undefined constant user_name - assumed 'user_name' /webHome/host1709404/www/Application/Runtime/Cache/Home/2a94b8bda04ff446dcedd42276fc99ee.php 第 216 行.
NOTIC: [8] Use of undefined constant vip - assumed 'vip' /webHome/host1709404/www/Application/Runtime/Cache/Home/2a94b8bda04ff446dcedd42276fc99ee.php 第 217 行.
NOTIC: [8] Use of undefined constant user_name - assumed 'user_name' /webHome/host1709404/www/Application/Runtime/Cache/Home/2a94b8bda04ff446dcedd42276fc99ee.php 第 216 行.
NOTIC: [8] Use of undefined constant vip - assumed 'vip' /webHome/host1709404/www/Application/Runtime/Cache/Home/2a94b8bda04ff446dcedd42276fc99ee.php 第 217 行.
NOTIC: [8] Use of undefined constant user_name - assumed 'user_name' /webHome/host1709404/www/Application/Runtime/Cache/Home/2a94b8bda04ff446dcedd42276fc99ee.php 第 216 行.
NOTIC: [8] Use of undefined constant vip - assumed 'vip' /webHome/host1709404/www/Application/Runtime/Cache/Home/2a94b8bda04ff446dcedd42276fc99ee.php 第 217 行.
INFO: Run Behavior\ParseTemplateBehavior [ RunTime:0.059910s ]
INFO: [ view_parse ] --END-- [ RunTime:0.060028s ]
INFO: [ view_filter ] --START--
INFO: Run Behavior\WriteHtmlCacheBehavior [ RunTime:0.000519s ]
INFO: [ view_filter ] --END-- [ RunTime:0.000602s ]
INFO: [ app_end ] --START--
INFO: Run Behavior\ShowPageTraceBehavior [ RunTime:0.001090s ]
INFO: [ app_end ] --END-- [ RunTime:0.001202s ]

[ 2017-09-06T18:21:11+08:00 ] 123.125.67.163 /
INFO: [ app_init ] --START--
INFO: Run Behavior\BuildLiteBehavior [ RunTime:0.000032s ]
INFO: [ app_init ] --END-- [ RunTime:0.000771s ]
NOTIC: [2] array_merge(): Argument #2 is not an array /webHome/host1709404/www/ThinkPHP/Library/Think/Hook.class.php 第 55 行.
NOTIC: [2] array_merge(): Argument #2 is not an array /webHome/host1709404/www/ThinkPHP/Library/Think/Hook.class.php 第 55 行.
NOTIC: [2] array_merge(): Argument #2 is not an array /webHome/host1709404/www/ThinkPHP/Library/Think/Hook.class.php 第 55 行.
NOTIC: [2] array_merge(): Argument #2 is not an array /webHome/host1709404/www/ThinkPHP/Library/Think/Hook.class.php 第 55 行.
INFO: [ app_begin ] --START--
INFO: Run Behavior\ReadHtmlCacheBehavior [ RunTime:0.001032s ]
INFO: Run Behavior\CheckLangBehavior [ RunTime:0.001741s ]
INFO: [ app_begin ] --END-- [ RunTime:0.002969s ]
SQL: SHOW COLUMNS FROM `think_blog` [ RunTime:0.0024s ]
SQL: SELECT * FROM `think_blog` LIMIT 4   [ RunTime:0.0013s ]
SQL: SELECT * FROM `think_blog` ORDER BY praise desc LIMIT 3   [ RunTime:0.0011s ]
SQL: SELECT * FROM `think_blog` ORDER BY blog_time desc LIMIT 3   [ RunTime:0.0009s ]
SQL: SHOW COLUMNS FROM `think_users` [ RunTime:0.0020s ]
SQL: SELECT `user_name`,`vip` FROM `think_users` ORDER BY vip desc LIMIT 5   [ RunTime:0.0009s ]
INFO: [ view_parse ] --START--
INFO: [ template_filter ] --START--
INFO: Run Behavior\ContentReplaceBehavior [ RunTime:0.000201s ]
INFO: [ template_filter ] --END-- [ RunTime:0.000332s ]
NOTIC: [8] Use of undefined constant blog_content - assumed 'blog_content' /webHome/host1709404/www/Application/Runtime/Cache/Home/2a94b8bda04ff446dcedd42276fc99ee.php 第 132 行.
NOTIC: [8] Use of undefined constant blog_content - assumed 'blog_content' /webHome/host1709404/www/Application/Runtime/Cache/Home/2a94b8bda04ff446dcedd42276fc99ee.php 第 143 行.
NOTIC: [8] Use of undefined constant user_name - assumed 'user_name' /webHome/host1709404/www/Application/Runtime/Cache/Home/2a94b8bda04ff446dcedd42276fc99ee.php 第 216 行.
NOTIC: [8] Use of undefined constant vip - assumed 'vip' /webHome/host1709404/www/Application/Runtime/Cache/Home/2a94b8bda04ff446dcedd42276fc99ee.php 第 217 行.
NOTIC: [8] Use of undefined constant user_name - assumed 'user_name' /webHome/host1709404/www/Application/Runtime/Cache/Home/2a94b8bda04ff446dcedd42276fc99ee.php 第 216 行.
NOTIC: [8] Use of undefined constant vip - assumed 'vip' /webHome/host1709404/www/Application/Runtime/Cache/Home/2a94b8bda04ff446dcedd42276fc99ee.php 第 217 行.
NOTIC: [8] Use of undefined constant user_name - assumed 'user_name' /webHome/host1709404/www/Application/Runtime/Cache/Home/2a94b8bda04ff446dcedd42276fc99ee.php 第 216 行.
NOTIC: [8] Use of undefined constant vip - assumed 'vip' /webHome/host1709404/www/Application/Runtime/Cache/Home/2a94b8bda04ff446dcedd42276fc99ee.php 第 217 行.
NOTIC: [8] Use of undefined constant user_name - assumed 'user_name' /webHome/host1709404/www/Application/Runtime/Cache/Home/2a94b8bda04ff446dcedd42276fc99ee.php 第 216 行.
NOTIC: [8] Use of undefined constant vip - assumed 'vip' /webHome/host1709404/www/Application/Runtime/Cache/Home/2a94b8bda04ff446dcedd42276fc99ee.php 第 217 行.
NOTIC: [8] Use of undefined constant user_name - assumed 'user_name' /webHome/host1709404/www/Application/Runtime/Cache/Home/2a94b8bda04ff446dcedd42276fc99ee.php 第 216 行.
NOTIC: [8] Use of undefined constant vip - assumed 'vip' /webHome/host1709404/www/Application/Runtime/Cache/Home/2a94b8bda04ff446dcedd42276fc99ee.php 第 217 行.
INFO: Run Behavior\ParseTemplateBehavior [ RunTime:0.055886s ]
INFO: [ view_parse ] --END-- [ RunTime:0.056132s ]
INFO: [ view_filter ] --START--
INFO: Run Behavior\WriteHtmlCacheBehavior [ RunTime:0.000477s ]
INFO: [ view_filter ] --END-- [ RunTime:0.000562s ]
INFO: [ app_end ] --START--
INFO: Run Behavior\ShowPageTraceBehavior [ RunTime:0.001061s ]
INFO: [ app_end ] --END-- [ RunTime:0.001291s ]

