[ 2017-07-13T10:48:54+08:00 ] ::1 /tp3/tp3_blog/
INFO: [ app_init ] --START--
INFO: Run Behavior\BuildLiteBehavior [ RunTime:0.000000s ]
INFO: [ app_init ] --END-- [ RunTime:0.031200s ]
NOTIC: [2] array_merge(): Argument #2 is not an array D:\phpstudy\WWW\tp3\tp3_blog\ThinkPHP\Library\Think\Hook.class.php 第 55 行.
NOTIC: [2] array_merge(): Argument #2 is not an array D:\phpstudy\WWW\tp3\tp3_blog\ThinkPHP\Library\Think\Hook.class.php 第 55 行.
NOTIC: [2] array_merge(): Argument #2 is not an array D:\phpstudy\WWW\tp3\tp3_blog\ThinkPHP\Library\Think\Hook.class.php 第 55 行.
NOTIC: [2] array_merge(): Argument #2 is not an array D:\phpstudy\WWW\tp3\tp3_blog\ThinkPHP\Library\Think\Hook.class.php 第 55 行.
INFO: [ app_begin ] --START--
INFO: Run Behavior\ReadHtmlCacheBehavior [ RunTime:0.000000s ]
INFO: Run Behavior\CheckLangBehavior [ RunTime:0.062400s ]
INFO: [ app_begin ] --END-- [ RunTime:0.062400s ]
SQL: SHOW COLUMNS FROM `think_blog` [ RunTime:0.4212s ]
SQL: SELECT * FROM `think_blog` LIMIT 4   [ RunTime:0.0312s ]
SQL: SHOW COLUMNS FROM `think_users` [ RunTime:0.1248s ]
SQL: SELECT `user_name`,`vip` FROM `think_users` ORDER BY vip desc LIMIT 5   [ RunTime:0.1404s ]
INFO: [ view_parse ] --START--
INFO: [ template_filter ] --START--
INFO: Run Behavior\ContentReplaceBehavior [ RunTime:0.062400s ]
INFO: [ template_filter ] --END-- [ RunTime:0.062400s ]
NOTIC: [8] Use of undefined constant blog_content - assumed 'blog_content' D:\phpstudy\WWW\tp3\tp3_blog\Application\Runtime\Cache\Home\2a94b8bda04ff446dcedd42276fc99ee.php 第 132 行.
NOTIC: [8] Use of undefined constant blog_content - assumed 'blog_content' D:\phpstudy\WWW\tp3\tp3_blog\Application\Runtime\Cache\Home\2a94b8bda04ff446dcedd42276fc99ee.php 第 143 行.
NOTIC: [8] Use of undefined constant user_name - assumed 'user_name' D:\phpstudy\WWW\tp3\tp3_blog\Application\Runtime\Cache\Home\2a94b8bda04ff446dcedd42276fc99ee.php 第 255 行.
NOTIC: [8] Use of undefined constant vip - assumed 'vip' D:\phpstudy\WWW\tp3\tp3_blog\Application\Runtime\Cache\Home\2a94b8bda04ff446dcedd42276fc99ee.php 第 256 行.
NOTIC: [8] Use of undefined constant user_name - assumed 'user_name' D:\phpstudy\WWW\tp3\tp3_blog\Application\Runtime\Cache\Home\2a94b8bda04ff446dcedd42276fc99ee.php 第 255 行.
NOTIC: [8] Use of undefined constant vip - assumed 'vip' D:\phpstudy\WWW\tp3\tp3_blog\Application\Runtime\Cache\Home\2a94b8bda04ff446dcedd42276fc99ee.php 第 256 行.
NOTIC: [8] Use of undefined constant user_name - assumed 'user_name' D:\phpstudy\WWW\tp3\tp3_blog\Application\Runtime\Cache\Home\2a94b8bda04ff446dcedd42276fc99ee.php 第 255 行.
NOTIC: [8] Use of undefined constant vip - assumed 'vip' D:\phpstudy\WWW\tp3\tp3_blog\Application\Runtime\Cache\Home\2a94b8bda04ff446dcedd42276fc99ee.php 第 256 行.
NOTIC: [8] Use of undefined constant user_name - assumed 'user_name' D:\phpstudy\WWW\tp3\tp3_blog\Application\Runtime\Cache\Home\2a94b8bda04ff446dcedd42276fc99ee.php 第 255 行.
NOTIC: [8] Use of undefined constant vip - assumed 'vip' D:\phpstudy\WWW\tp3\tp3_blog\Application\Runtime\Cache\Home\2a94b8bda04ff446dcedd42276fc99ee.php 第 256 行.
NOTIC: [8] Use of undefined constant user_name - assumed 'user_name' D:\phpstudy\WWW\tp3\tp3_blog\Application\Runtime\Cache\Home\2a94b8bda04ff446dcedd42276fc99ee.php 第 255 行.
NOTIC: [8] Use of undefined constant vip - assumed 'vip' D:\phpstudy\WWW\tp3\tp3_blog\Application\Runtime\Cache\Home\2a94b8bda04ff446dcedd42276fc99ee.php 第 256 行.
INFO: Run Behavior\ParseTemplateBehavior [ RunTime:0.552902s ]
INFO: [ view_parse ] --END-- [ RunTime:0.552902s ]
INFO: [ view_filter ] --START--
INFO: Run Behavior\WriteHtmlCacheBehavior [ RunTime:0.031200s ]
INFO: [ view_filter ] --END-- [ RunTime:0.031200s ]
INFO: [ app_end ] --START--
INFO: Run Behavior\ShowPageTraceBehavior [ RunTime:0.015600s ]
INFO: [ app_end ] --END-- [ RunTime:0.015600s ]

[ 2017-07-13T10:49:18+08:00 ] ::1 /tp3/tp3_blog/
INFO: [ app_init ] --START--
INFO: Run Behavior\BuildLiteBehavior [ RunTime:0.000000s ]
INFO: [ app_init ] --END-- [ RunTime:0.005000s ]
NOTIC: [2] array_merge(): Argument #2 is not an array D:\phpstudy\WWW\tp3\tp3_blog\ThinkPHP\Library\Think\Hook.class.php 第 55 行.
NOTIC: [2] array_merge(): Argument #2 is not an array D:\phpstudy\WWW\tp3\tp3_blog\ThinkPHP\Library\Think\Hook.class.php 第 55 行.
NOTIC: [2] array_merge(): Argument #2 is not an array D:\phpstudy\WWW\tp3\tp3_blog\ThinkPHP\Library\Think\Hook.class.php 第 55 行.
NOTIC: [2] array_merge(): Argument #2 is not an array D:\phpstudy\WWW\tp3\tp3_blog\ThinkPHP\Library\Think\Hook.class.php 第 55 行.
INFO: [ app_begin ] --START--
INFO: Run Behavior\ReadHtmlCacheBehavior [ RunTime:0.005000s ]
INFO: Run Behavior\CheckLangBehavior [ RunTime:0.010000s ]
INFO: [ app_begin ] --END-- [ RunTime:0.015000s ]
SQL: SHOW COLUMNS FROM `think_blog` [ RunTime:0.0650s ]
SQL: SELECT * FROM `think_blog` LIMIT 4   [ RunTime:0.0050s ]
SQL: SHOW COLUMNS FROM `think_users` [ RunTime:0.0575s ]
SQL: SELECT `user_name`,`vip` FROM `think_users` ORDER BY vip desc LIMIT 5   [ RunTime:0.0050s ]
INFO: [ view_parse ] --START--
INFO: [ template_filter ] --START--
INFO: Run Behavior\ContentReplaceBehavior [ RunTime:0.002500s ]
INFO: [ template_filter ] --END-- [ RunTime:0.002500s ]
NOTIC: [8] Use of undefined constant blog_content - assumed 'blog_content' D:\phpstudy\WWW\tp3\tp3_blog\Application\Runtime\Cache\Home\2a94b8bda04ff446dcedd42276fc99ee.php 第 132 行.
NOTIC: [8] Use of undefined constant blog_content - assumed 'blog_content' D:\phpstudy\WWW\tp3\tp3_blog\Application\Runtime\Cache\Home\2a94b8bda04ff446dcedd42276fc99ee.php 第 143 行.
NOTIC: [8] Use of undefined constant user_name - assumed 'user_name' D:\phpstudy\WWW\tp3\tp3_blog\Application\Runtime\Cache\Home\2a94b8bda04ff446dcedd42276fc99ee.php 第 255 行.
NOTIC: [8] Use of undefined constant vip - assumed 'vip' D:\phpstudy\WWW\tp3\tp3_blog\Application\Runtime\Cache\Home\2a94b8bda04ff446dcedd42276fc99ee.php 第 256 行.
NOTIC: [8] Use of undefined constant user_name - assumed 'user_name' D:\phpstudy\WWW\tp3\tp3_blog\Application\Runtime\Cache\Home\2a94b8bda04ff446dcedd42276fc99ee.php 第 255 行.
NOTIC: [8] Use of undefined constant vip - assumed 'vip' D:\phpstudy\WWW\tp3\tp3_blog\Application\Runtime\Cache\Home\2a94b8bda04ff446dcedd42276fc99ee.php 第 256 行.
NOTIC: [8] Use of undefined constant user_name - assumed 'user_name' D:\phpstudy\WWW\tp3\tp3_blog\Application\Runtime\Cache\Home\2a94b8bda04ff446dcedd42276fc99ee.php 第 255 行.
NOTIC: [8] Use of undefined constant vip - assumed 'vip' D:\phpstudy\WWW\tp3\tp3_blog\Application\Runtime\Cache\Home\2a94b8bda04ff446dcedd42276fc99ee.php 第 256 行.
NOTIC: [8] Use of undefined constant user_name - assumed 'user_name' D:\phpstudy\WWW\tp3\tp3_blog\Application\Runtime\Cache\Home\2a94b8bda04ff446dcedd42276fc99ee.php 第 255 行.
NOTIC: [8] Use of undefined constant vip - assumed 'vip' D:\phpstudy\WWW\tp3\tp3_blog\Application\Runtime\Cache\Home\2a94b8bda04ff446dcedd42276fc99ee.php 第 256 行.
NOTIC: [8] Use of undefined constant user_name - assumed 'user_name' D:\phpstudy\WWW\tp3\tp3_blog\Application\Runtime\Cache\Home\2a94b8bda04ff446dcedd42276fc99ee.php 第 255 行.
NOTIC: [8] Use of undefined constant vip - assumed 'vip' D:\phpstudy\WWW\tp3\tp3_blog\Application\Runtime\Cache\Home\2a94b8bda04ff446dcedd42276fc99ee.php 第 256 行.
INFO: Run Behavior\ParseTemplateBehavior [ RunTime:0.097501s ]
INFO: [ view_parse ] --END-- [ RunTime:0.097501s ]
INFO: [ view_filter ] --START--
INFO: Run Behavior\WriteHtmlCacheBehavior [ RunTime:0.002500s ]
INFO: [ view_filter ] --END-- [ RunTime:0.005000s ]
INFO: [ app_end ] --START--
INFO: Run Behavior\ShowPageTraceBehavior [ RunTime:0.010000s ]
INFO: [ app_end ] --END-- [ RunTime:0.010000s ]

[ 2017-07-13T10:55:36+08:00 ] ::1 /tp3/tp3_blog/index.php/Home/Sign-signIn.tpl
INFO: [ app_init ] --START--
INFO: Run Behavior\BuildLiteBehavior [ RunTime:0.000000s ]
INFO: [ app_init ] --END-- [ RunTime:0.004000s ]
NOTIC: [2] array_merge(): Argument #2 is not an array D:\phpstudy\WWW\tp3\tp3_blog\ThinkPHP\Library\Think\Hook.class.php 第 55 行.
NOTIC: [2] array_merge(): Argument #2 is not an array D:\phpstudy\WWW\tp3\tp3_blog\ThinkPHP\Library\Think\Hook.class.php 第 55 行.
NOTIC: [2] array_merge(): Argument #2 is not an array D:\phpstudy\WWW\tp3\tp3_blog\ThinkPHP\Library\Think\Hook.class.php 第 55 行.
NOTIC: [2] array_merge(): Argument #2 is not an array D:\phpstudy\WWW\tp3\tp3_blog\ThinkPHP\Library\Think\Hook.class.php 第 55 行.
INFO: [ app_begin ] --START--
INFO: Run Behavior\ReadHtmlCacheBehavior [ RunTime:0.005000s ]
INFO: Run Behavior\CheckLangBehavior [ RunTime:0.009000s ]
INFO: [ app_begin ] --END-- [ RunTime:0.014000s ]
INFO: [ view_parse ] --START--
INFO: [ template_filter ] --START--
INFO: Run Behavior\ContentReplaceBehavior [ RunTime:0.000000s ]
INFO: [ template_filter ] --END-- [ RunTime:0.000000s ]
INFO: Run Behavior\ParseTemplateBehavior [ RunTime:0.042003s ]
INFO: [ view_parse ] --END-- [ RunTime:0.043003s ]
INFO: [ view_filter ] --START--
INFO: Run Behavior\WriteHtmlCacheBehavior [ RunTime:0.003000s ]
INFO: [ view_filter ] --END-- [ RunTime:0.003000s ]
INFO: [ app_end ] --START--
INFO: Run Behavior\ShowPageTraceBehavior [ RunTime:0.004000s ]
INFO: [ app_end ] --END-- [ RunTime:0.004000s ]

[ 2017-07-13T10:55:40+08:00 ] ::1 /tp3/tp3_blog/index.php/Home/Sign-signUp.tpl
INFO: [ app_init ] --START--
INFO: Run Behavior\BuildLiteBehavior [ RunTime:0.000000s ]
INFO: [ app_init ] --END-- [ RunTime:0.003000s ]
NOTIC: [2] array_merge(): Argument #2 is not an array D:\phpstudy\WWW\tp3\tp3_blog\ThinkPHP\Library\Think\Hook.class.php 第 55 行.
NOTIC: [2] array_merge(): Argument #2 is not an array D:\phpstudy\WWW\tp3\tp3_blog\ThinkPHP\Library\Think\Hook.class.php 第 55 行.
NOTIC: [2] array_merge(): Argument #2 is not an array D:\phpstudy\WWW\tp3\tp3_blog\ThinkPHP\Library\Think\Hook.class.php 第 55 行.
NOTIC: [2] array_merge(): Argument #2 is not an array D:\phpstudy\WWW\tp3\tp3_blog\ThinkPHP\Library\Think\Hook.class.php 第 55 行.
INFO: [ app_begin ] --START--
INFO: Run Behavior\ReadHtmlCacheBehavior [ RunTime:0.014001s ]
INFO: Run Behavior\CheckLangBehavior [ RunTime:0.007001s ]
INFO: [ app_begin ] --END-- [ RunTime:0.022002s ]
INFO: [ view_parse ] --START--
INFO: [ template_filter ] --START--
INFO: Run Behavior\ContentReplaceBehavior [ RunTime:0.001000s ]
INFO: [ template_filter ] --END-- [ RunTime:0.001000s ]
NOTIC: [8] Undefined variable: galleryUrl D:\phpstudy\WWW\tp3\tp3_blog\Application\Runtime\Cache\Home\ddc0c3cc4dfec2145fa0d3ac0f3fe9f5.php 第 72 行.
INFO: Run Behavior\ParseTemplateBehavior [ RunTime:0.057003s ]
INFO: [ view_parse ] --END-- [ RunTime:0.058003s ]
INFO: [ view_filter ] --START--
INFO: Run Behavior\WriteHtmlCacheBehavior [ RunTime:0.003001s ]
INFO: [ view_filter ] --END-- [ RunTime:0.003001s ]
INFO: [ app_end ] --START--
INFO: Run Behavior\ShowPageTraceBehavior [ RunTime:0.004000s ]
INFO: [ app_end ] --END-- [ RunTime:0.059003s ]

[ 2017-07-13T10:55:40+08:00 ] ::1 /tp3/tp3_blog/index.php/Home/Sign-verify-flag-1.tpl
INFO: [ app_init ] --START--
INFO: Run Behavior\BuildLiteBehavior [ RunTime:0.000000s ]
INFO: [ app_init ] --END-- [ RunTime:0.003000s ]
NOTIC: [2] array_merge(): Argument #2 is not an array D:\phpstudy\WWW\tp3\tp3_blog\ThinkPHP\Library\Think\Hook.class.php 第 55 行.
NOTIC: [2] array_merge(): Argument #2 is not an array D:\phpstudy\WWW\tp3\tp3_blog\ThinkPHP\Library\Think\Hook.class.php 第 55 行.
NOTIC: [2] array_merge(): Argument #2 is not an array D:\phpstudy\WWW\tp3\tp3_blog\ThinkPHP\Library\Think\Hook.class.php 第 55 行.
NOTIC: [2] array_merge(): Argument #2 is not an array D:\phpstudy\WWW\tp3\tp3_blog\ThinkPHP\Library\Think\Hook.class.php 第 55 行.
INFO: [ app_begin ] --START--
INFO: Run Behavior\ReadHtmlCacheBehavior [ RunTime:0.005001s ]
INFO: Run Behavior\CheckLangBehavior [ RunTime:0.008000s ]
INFO: [ app_begin ] --END-- [ RunTime:0.014001s ]
INFO: [ app_end ] --START--
INFO: Run Behavior\ShowPageTraceBehavior [ RunTime:0.005000s ]
INFO: [ app_end ] --END-- [ RunTime:0.007000s ]

[ 2017-07-13T10:55:43+08:00 ] ::1 /tp3/tp3_blog/index.php/Home/Sign-getUserInfo.tpl
INFO: [ app_init ] --START--
INFO: Run Behavior\BuildLiteBehavior [ RunTime:0.000000s ]
INFO: [ app_init ] --END-- [ RunTime:0.003000s ]
NOTIC: [2] array_merge(): Argument #2 is not an array D:\phpstudy\WWW\tp3\tp3_blog\ThinkPHP\Library\Think\Hook.class.php 第 55 行.
NOTIC: [2] array_merge(): Argument #2 is not an array D:\phpstudy\WWW\tp3\tp3_blog\ThinkPHP\Library\Think\Hook.class.php 第 55 行.
NOTIC: [2] array_merge(): Argument #2 is not an array D:\phpstudy\WWW\tp3\tp3_blog\ThinkPHP\Library\Think\Hook.class.php 第 55 行.
NOTIC: [2] array_merge(): Argument #2 is not an array D:\phpstudy\WWW\tp3\tp3_blog\ThinkPHP\Library\Think\Hook.class.php 第 55 行.
INFO: [ app_begin ] --START--
INFO: Run Behavior\ReadHtmlCacheBehavior [ RunTime:0.005001s ]
INFO: Run Behavior\CheckLangBehavior [ RunTime:0.007000s ]
INFO: [ app_begin ] --END-- [ RunTime:0.013001s ]
INFO: [ app_end ] --START--
INFO: Run Behavior\ShowPageTraceBehavior [ RunTime:0.005000s ]
INFO: [ app_end ] --END-- [ RunTime:0.006000s ]

[ 2017-07-13T10:55:54+08:00 ] ::1 /tp3/tp3_blog/index.php/Home/Sign-getUserInfo.tpl
INFO: [ app_init ] --START--
INFO: Run Behavior\BuildLiteBehavior [ RunTime:0.000000s ]
INFO: [ app_init ] --END-- [ RunTime:0.002000s ]
NOTIC: [2] array_merge(): Argument #2 is not an array D:\phpstudy\WWW\tp3\tp3_blog\ThinkPHP\Library\Think\Hook.class.php 第 55 行.
NOTIC: [2] array_merge(): Argument #2 is not an array D:\phpstudy\WWW\tp3\tp3_blog\ThinkPHP\Library\Think\Hook.class.php 第 55 行.
NOTIC: [2] array_merge(): Argument #2 is not an array D:\phpstudy\WWW\tp3\tp3_blog\ThinkPHP\Library\Think\Hook.class.php 第 55 行.
NOTIC: [2] array_merge(): Argument #2 is not an array D:\phpstudy\WWW\tp3\tp3_blog\ThinkPHP\Library\Think\Hook.class.php 第 55 行.
INFO: [ app_begin ] --START--
INFO: Run Behavior\ReadHtmlCacheBehavior [ RunTime:0.003000s ]
INFO: Run Behavior\CheckLangBehavior [ RunTime:0.005001s ]
INFO: [ app_begin ] --END-- [ RunTime:0.010001s ]
INFO: [ app_end ] --START--
INFO: Run Behavior\ShowPageTraceBehavior [ RunTime:0.003000s ]
INFO: [ app_end ] --END-- [ RunTime:0.004000s ]

[ 2017-07-13T14:17:04+08:00 ] ::1 /tp3/tp3_blog/
INFO: [ app_init ] --START--
INFO: Run Behavior\BuildLiteBehavior [ RunTime:0.000000s ]
INFO: [ app_init ] --END-- [ RunTime:0.005001s ]
NOTIC: [2] array_merge(): Argument #2 is not an array D:\phpstudy\WWW\tp3\tp3_blog\ThinkPHP\Library\Think\Hook.class.php 第 55 行.
NOTIC: [2] array_merge(): Argument #2 is not an array D:\phpstudy\WWW\tp3\tp3_blog\ThinkPHP\Library\Think\Hook.class.php 第 55 行.
NOTIC: [2] array_merge(): Argument #2 is not an array D:\phpstudy\WWW\tp3\tp3_blog\ThinkPHP\Library\Think\Hook.class.php 第 55 行.
NOTIC: [2] array_merge(): Argument #2 is not an array D:\phpstudy\WWW\tp3\tp3_blog\ThinkPHP\Library\Think\Hook.class.php 第 55 行.
INFO: [ app_begin ] --START--
INFO: Run Behavior\ReadHtmlCacheBehavior [ RunTime:0.005001s ]
INFO: Run Behavior\CheckLangBehavior [ RunTime:0.011000s ]
INFO: [ app_begin ] --END-- [ RunTime:0.016001s ]
SQL: SHOW COLUMNS FROM `think_blog` [ RunTime:0.0480s ]
SQL: SELECT * FROM `think_blog` LIMIT 4   [ RunTime:0.0040s ]
SQL: SHOW COLUMNS FROM `think_users` [ RunTime:0.0490s ]
SQL: SELECT `user_name`,`vip` FROM `think_users` ORDER BY vip desc LIMIT 5   [ RunTime:0.0020s ]
INFO: [ view_parse ] --START--
INFO: [ template_filter ] --START--
INFO: Run Behavior\ContentReplaceBehavior [ RunTime:0.001001s ]
INFO: [ template_filter ] --END-- [ RunTime:0.001001s ]
NOTIC: [8] Use of undefined constant blog_content - assumed 'blog_content' D:\phpstudy\WWW\tp3\tp3_blog\Application\Runtime\Cache\Home\2a94b8bda04ff446dcedd42276fc99ee.php 第 132 行.
NOTIC: [8] Use of undefined constant blog_content - assumed 'blog_content' D:\phpstudy\WWW\tp3\tp3_blog\Application\Runtime\Cache\Home\2a94b8bda04ff446dcedd42276fc99ee.php 第 143 行.
NOTIC: [8] Use of undefined constant user_name - assumed 'user_name' D:\phpstudy\WWW\tp3\tp3_blog\Application\Runtime\Cache\Home\2a94b8bda04ff446dcedd42276fc99ee.php 第 255 行.
NOTIC: [8] Use of undefined constant vip - assumed 'vip' D:\phpstudy\WWW\tp3\tp3_blog\Application\Runtime\Cache\Home\2a94b8bda04ff446dcedd42276fc99ee.php 第 256 行.
NOTIC: [8] Use of undefined constant user_name - assumed 'user_name' D:\phpstudy\WWW\tp3\tp3_blog\Application\Runtime\Cache\Home\2a94b8bda04ff446dcedd42276fc99ee.php 第 255 行.
NOTIC: [8] Use of undefined constant vip - assumed 'vip' D:\phpstudy\WWW\tp3\tp3_blog\Application\Runtime\Cache\Home\2a94b8bda04ff446dcedd42276fc99ee.php 第 256 行.
NOTIC: [8] Use of undefined constant user_name - assumed 'user_name' D:\phpstudy\WWW\tp3\tp3_blog\Application\Runtime\Cache\Home\2a94b8bda04ff446dcedd42276fc99ee.php 第 255 行.
NOTIC: [8] Use of undefined constant vip - assumed 'vip' D:\phpstudy\WWW\tp3\tp3_blog\Application\Runtime\Cache\Home\2a94b8bda04ff446dcedd42276fc99ee.php 第 256 行.
NOTIC: [8] Use of undefined constant user_name - assumed 'user_name' D:\phpstudy\WWW\tp3\tp3_blog\Application\Runtime\Cache\Home\2a94b8bda04ff446dcedd42276fc99ee.php 第 255 行.
NOTIC: [8] Use of undefined constant vip - assumed 'vip' D:\phpstudy\WWW\tp3\tp3_blog\Application\Runtime\Cache\Home\2a94b8bda04ff446dcedd42276fc99ee.php 第 256 行.
NOTIC: [8] Use of undefined constant user_name - assumed 'user_name' D:\phpstudy\WWW\tp3\tp3_blog\Application\Runtime\Cache\Home\2a94b8bda04ff446dcedd42276fc99ee.php 第 255 行.
NOTIC: [8] Use of undefined constant vip - assumed 'vip' D:\phpstudy\WWW\tp3\tp3_blog\Application\Runtime\Cache\Home\2a94b8bda04ff446dcedd42276fc99ee.php 第 256 行.
INFO: Run Behavior\ParseTemplateBehavior [ RunTime:0.102006s ]
INFO: [ view_parse ] --END-- [ RunTime:0.102006s ]
INFO: [ view_filter ] --START--
INFO: Run Behavior\WriteHtmlCacheBehavior [ RunTime:0.005000s ]
INFO: [ view_filter ] --END-- [ RunTime:0.005000s ]
INFO: [ app_end ] --START--
INFO: Run Behavior\ShowPageTraceBehavior [ RunTime:0.006001s ]
INFO: [ app_end ] --END-- [ RunTime:0.008001s ]

