[ 2017-08-09T00:51:18+08:00 ] 52.91.237.109 /
INFO: [ app_init ] --START--
INFO: Run Behavior\BuildLiteBehavior [ RunTime:0.000029s ]
INFO: [ app_init ] --END-- [ RunTime:0.000777s ]
NOTIC: [2] array_merge(): Argument #2 is not an array /webHome/host1709404/www/ThinkPHP/Library/Think/Hook.class.php 第 55 行.
NOTIC: [2] array_merge(): Argument #2 is not an array /webHome/host1709404/www/ThinkPHP/Library/Think/Hook.class.php 第 55 行.
NOTIC: [2] array_merge(): Argument #2 is not an array /webHome/host1709404/www/ThinkPHP/Library/Think/Hook.class.php 第 55 行.
NOTIC: [2] array_merge(): Argument #2 is not an array /webHome/host1709404/www/ThinkPHP/Library/Think/Hook.class.php 第 55 行.
INFO: [ app_begin ] --START--
INFO: Run Behavior\ReadHtmlCacheBehavior [ RunTime:0.001028s ]
INFO: Run Behavior\CheckLangBehavior [ RunTime:0.001496s ]
INFO: [ app_begin ] --END-- [ RunTime:0.002722s ]
SQL: SHOW COLUMNS FROM `think_blog` [ RunTime:0.0018s ]
SQL: SELECT * FROM `think_blog` LIMIT 4   [ RunTime:0.0010s ]
SQL: SELECT * FROM `think_blog` ORDER BY praise desc LIMIT 3   [ RunTime:0.0009s ]
SQL: SELECT * FROM `think_blog` ORDER BY blog_time desc LIMIT 3   [ RunTime:0.0008s ]
SQL: SHOW COLUMNS FROM `think_users` [ RunTime:0.0016s ]
SQL: SELECT `user_name`,`vip` FROM `think_users` ORDER BY vip desc LIMIT 5   [ RunTime:0.0007s ]
INFO: [ view_parse ] --START--
INFO: [ template_filter ] --START--
INFO: Run Behavior\ContentReplaceBehavior [ RunTime:0.000206s ]
INFO: [ template_filter ] --END-- [ RunTime:0.000351s ]
NOTIC: [8] Use of undefined constant blog_content - assumed 'blog_content' /webHome/host1709404/www/Application/Runtime/Cache/Home/2a94b8bda04ff446dcedd42276fc99ee.php 第 132 行.
NOTIC: [8] Use of undefined constant blog_content - assumed 'blog_content' /webHome/host1709404/www/Application/Runtime/Cache/Home/2a94b8bda04ff446dcedd42276fc99ee.php 第 143 行.
NOTIC: [8] Use of undefined constant user_name - assumed 'user_name' /webHome/host1709404/www/Application/Runtime/Cache/Home/2a94b8bda04ff446dcedd42276fc99ee.php 第 216 行.
NOTIC: [8] Use of undefined constant vip - assumed 'vip' /webHome/host1709404/www/Application/Runtime/Cache/Home/2a94b8bda04ff446dcedd42276fc99ee.php 第 217 行.
NOTIC: [8] Use of undefined constant user_name - assumed 'user_name' /webHome/host1709404/www/Application/Runtime/Cache/Home/2a94b8bda04ff446dcedd42276fc99ee.php 第 216 行.
NOTIC: [8] Use of undefined constant vip - assumed 'vip' /webHome/host1709404/www/Application/Runtime/Cache/Home/2a94b8bda04ff446dcedd42276fc99ee.php 第 217 行.
NOTIC: [8] Use of undefined constant user_name - assumed 'user_name' /webHome/host1709404/www/Application/Runtime/Cache/Home/2a94b8bda04ff446dcedd42276fc99ee.php 第 216 行.
NOTIC: [8] Use of undefined constant vip - assumed 'vip' /webHome/host1709404/www/Application/Runtime/Cache/Home/2a94b8bda04ff446dcedd42276fc99ee.php 第 217 行.
NOTIC: [8] Use of undefined constant user_name - assumed 'user_name' /webHome/host1709404/www/Application/Runtime/Cache/Home/2a94b8bda04ff446dcedd42276fc99ee.php 第 216 行.
NOTIC: [8] Use of undefined constant vip - assumed 'vip' /webHome/host1709404/www/Application/Runtime/Cache/Home/2a94b8bda04ff446dcedd42276fc99ee.php 第 217 行.
NOTIC: [8] Use of undefined constant user_name - assumed 'user_name' /webHome/host1709404/www/Application/Runtime/Cache/Home/2a94b8bda04ff446dcedd42276fc99ee.php 第 216 行.
NOTIC: [8] Use of undefined constant vip - assumed 'vip' /webHome/host1709404/www/Application/Runtime/Cache/Home/2a94b8bda04ff446dcedd42276fc99ee.php 第 217 行.
INFO: Run Behavior\ParseTemplateBehavior [ RunTime:0.046587s ]
INFO: [ view_parse ] --END-- [ RunTime:0.046711s ]
INFO: [ view_filter ] --START--
INFO: Run Behavior\WriteHtmlCacheBehavior [ RunTime:0.000521s ]
INFO: [ view_filter ] --END-- [ RunTime:0.000614s ]
INFO: [ app_end ] --START--
INFO: Run Behavior\ShowPageTraceBehavior [ RunTime:0.001063s ]
INFO: [ app_end ] --END-- [ RunTime:0.001159s ]

[ 2017-08-09T07:28:09+08:00 ] 202.173.11.239 /
INFO: [ app_init ] --START--
INFO: Run Behavior\BuildLiteBehavior [ RunTime:0.000037s ]
INFO: [ app_init ] --END-- [ RunTime:0.000713s ]
NOTIC: [2] array_merge(): Argument #2 is not an array /webHome/host1709404/www/ThinkPHP/Library/Think/Hook.class.php 第 55 行.
NOTIC: [2] array_merge(): Argument #2 is not an array /webHome/host1709404/www/ThinkPHP/Library/Think/Hook.class.php 第 55 行.
NOTIC: [2] array_merge(): Argument #2 is not an array /webHome/host1709404/www/ThinkPHP/Library/Think/Hook.class.php 第 55 行.
NOTIC: [2] array_merge(): Argument #2 is not an array /webHome/host1709404/www/ThinkPHP/Library/Think/Hook.class.php 第 55 行.
INFO: [ app_begin ] --START--
INFO: Run Behavior\ReadHtmlCacheBehavior [ RunTime:0.000942s ]
INFO: Run Behavior\CheckLangBehavior [ RunTime:0.001549s ]
INFO: [ app_begin ] --END-- [ RunTime:0.002656s ]
SQL: SHOW COLUMNS FROM `think_blog` [ RunTime:0.0020s ]
SQL: SELECT * FROM `think_blog` LIMIT 4   [ RunTime:0.0008s ]
SQL: SELECT * FROM `think_blog` ORDER BY praise desc LIMIT 3   [ RunTime:0.0013s ]
SQL: SELECT * FROM `think_blog` ORDER BY blog_time desc LIMIT 3   [ RunTime:0.0008s ]
SQL: SHOW COLUMNS FROM `think_users` [ RunTime:0.0017s ]
SQL: SELECT `user_name`,`vip` FROM `think_users` ORDER BY vip desc LIMIT 5   [ RunTime:0.0010s ]
INFO: [ view_parse ] --START--
INFO: [ template_filter ] --START--
INFO: Run Behavior\ContentReplaceBehavior [ RunTime:0.000205s ]
INFO: [ template_filter ] --END-- [ RunTime:0.000351s ]
NOTIC: [8] Use of undefined constant blog_content - assumed 'blog_content' /webHome/host1709404/www/Application/Runtime/Cache/Home/2a94b8bda04ff446dcedd42276fc99ee.php 第 132 行.
NOTIC: [8] Use of undefined constant blog_content - assumed 'blog_content' /webHome/host1709404/www/Application/Runtime/Cache/Home/2a94b8bda04ff446dcedd42276fc99ee.php 第 143 行.
NOTIC: [8] Use of undefined constant user_name - assumed 'user_name' /webHome/host1709404/www/Application/Runtime/Cache/Home/2a94b8bda04ff446dcedd42276fc99ee.php 第 216 行.
NOTIC: [8] Use of undefined constant vip - assumed 'vip' /webHome/host1709404/www/Application/Runtime/Cache/Home/2a94b8bda04ff446dcedd42276fc99ee.php 第 217 行.
NOTIC: [8] Use of undefined constant user_name - assumed 'user_name' /webHome/host1709404/www/Application/Runtime/Cache/Home/2a94b8bda04ff446dcedd42276fc99ee.php 第 216 行.
NOTIC: [8] Use of undefined constant vip - assumed 'vip' /webHome/host1709404/www/Application/Runtime/Cache/Home/2a94b8bda04ff446dcedd42276fc99ee.php 第 217 行.
NOTIC: [8] Use of undefined constant user_name - assumed 'user_name' /webHome/host1709404/www/Application/Runtime/Cache/Home/2a94b8bda04ff446dcedd42276fc99ee.php 第 216 行.
NOTIC: [8] Use of undefined constant vip - assumed 'vip' /webHome/host1709404/www/Application/Runtime/Cache/Home/2a94b8bda04ff446dcedd42276fc99ee.php 第 217 行.
NOTIC: [8] Use of undefined constant user_name - assumed 'user_name' /webHome/host1709404/www/Application/Runtime/Cache/Home/2a94b8bda04ff446dcedd42276fc99ee.php 第 216 行.
NOTIC: [8] Use of undefined constant vip - assumed 'vip' /webHome/host1709404/www/Application/Runtime/Cache/Home/2a94b8bda04ff446dcedd42276fc99ee.php 第 217 行.
NOTIC: [8] Use of undefined constant user_name - assumed 'user_name' /webHome/host1709404/www/Application/Runtime/Cache/Home/2a94b8bda04ff446dcedd42276fc99ee.php 第 216 行.
NOTIC: [8] Use of undefined constant vip - assumed 'vip' /webHome/host1709404/www/Application/Runtime/Cache/Home/2a94b8bda04ff446dcedd42276fc99ee.php 第 217 行.
INFO: Run Behavior\ParseTemplateBehavior [ RunTime:0.042971s ]
INFO: [ view_parse ] --END-- [ RunTime:0.043073s ]
INFO: [ view_filter ] --START--
INFO: Run Behavior\WriteHtmlCacheBehavior [ RunTime:0.000477s ]
INFO: [ view_filter ] --END-- [ RunTime:0.000559s ]
INFO: [ app_end ] --START--
INFO: Run Behavior\ShowPageTraceBehavior [ RunTime:0.001006s ]
INFO: [ app_end ] --END-- [ RunTime:0.001125s ]

[ 2017-08-09T16:19:24+08:00 ] 221.231.138.5 /
INFO: [ app_init ] --START--
INFO: Run Behavior\BuildLiteBehavior [ RunTime:0.000061s ]
INFO: [ app_init ] --END-- [ RunTime:0.000883s ]
NOTIC: [2] array_merge(): Argument #2 is not an array /webHome/host1709404/www/ThinkPHP/Library/Think/Hook.class.php 第 55 行.
NOTIC: [2] array_merge(): Argument #2 is not an array /webHome/host1709404/www/ThinkPHP/Library/Think/Hook.class.php 第 55 行.
NOTIC: [2] array_merge(): Argument #2 is not an array /webHome/host1709404/www/ThinkPHP/Library/Think/Hook.class.php 第 55 行.
NOTIC: [2] array_merge(): Argument #2 is not an array /webHome/host1709404/www/ThinkPHP/Library/Think/Hook.class.php 第 55 行.
INFO: [ app_begin ] --START--
INFO: Run Behavior\ReadHtmlCacheBehavior [ RunTime:0.001040s ]
INFO: Run Behavior\CheckLangBehavior [ RunTime:0.001504s ]
INFO: [ app_begin ] --END-- [ RunTime:0.002713s ]
SQL: SHOW COLUMNS FROM `think_blog` [ RunTime:0.0018s ]
SQL: SELECT * FROM `think_blog` LIMIT 4   [ RunTime:0.0009s ]
SQL: SELECT * FROM `think_blog` ORDER BY praise desc LIMIT 3   [ RunTime:0.0010s ]
SQL: SELECT * FROM `think_blog` ORDER BY blog_time desc LIMIT 3   [ RunTime:0.0009s ]
SQL: SHOW COLUMNS FROM `think_users` [ RunTime:0.0018s ]
SQL: SELECT `user_name`,`vip` FROM `think_users` ORDER BY vip desc LIMIT 5   [ RunTime:0.0007s ]
INFO: [ view_parse ] --START--
INFO: [ template_filter ] --START--
INFO: Run Behavior\ContentReplaceBehavior [ RunTime:0.000221s ]
INFO: [ template_filter ] --END-- [ RunTime:0.000455s ]
NOTIC: [8] Use of undefined constant blog_content - assumed 'blog_content' /webHome/host1709404/www/Application/Runtime/Cache/Home/2a94b8bda04ff446dcedd42276fc99ee.php 第 132 行.
NOTIC: [8] Use of undefined constant blog_content - assumed 'blog_content' /webHome/host1709404/www/Application/Runtime/Cache/Home/2a94b8bda04ff446dcedd42276fc99ee.php 第 143 行.
NOTIC: [8] Use of undefined constant user_name - assumed 'user_name' /webHome/host1709404/www/Application/Runtime/Cache/Home/2a94b8bda04ff446dcedd42276fc99ee.php 第 216 行.
NOTIC: [8] Use of undefined constant vip - assumed 'vip' /webHome/host1709404/www/Application/Runtime/Cache/Home/2a94b8bda04ff446dcedd42276fc99ee.php 第 217 行.
NOTIC: [8] Use of undefined constant user_name - assumed 'user_name' /webHome/host1709404/www/Application/Runtime/Cache/Home/2a94b8bda04ff446dcedd42276fc99ee.php 第 216 行.
NOTIC: [8] Use of undefined constant vip - assumed 'vip' /webHome/host1709404/www/Application/Runtime/Cache/Home/2a94b8bda04ff446dcedd42276fc99ee.php 第 217 行.
NOTIC: [8] Use of undefined constant user_name - assumed 'user_name' /webHome/host1709404/www/Application/Runtime/Cache/Home/2a94b8bda04ff446dcedd42276fc99ee.php 第 216 行.
NOTIC: [8] Use of undefined constant vip - assumed 'vip' /webHome/host1709404/www/Application/Runtime/Cache/Home/2a94b8bda04ff446dcedd42276fc99ee.php 第 217 行.
NOTIC: [8] Use of undefined constant user_name - assumed 'user_name' /webHome/host1709404/www/Application/Runtime/Cache/Home/2a94b8bda04ff446dcedd42276fc99ee.php 第 216 行.
NOTIC: [8] Use of undefined constant vip - assumed 'vip' /webHome/host1709404/www/Application/Runtime/Cache/Home/2a94b8bda04ff446dcedd42276fc99ee.php 第 217 行.
NOTIC: [8] Use of undefined constant user_name - assumed 'user_name' /webHome/host1709404/www/Application/Runtime/Cache/Home/2a94b8bda04ff446dcedd42276fc99ee.php 第 216 行.
NOTIC: [8] Use of undefined constant vip - assumed 'vip' /webHome/host1709404/www/Application/Runtime/Cache/Home/2a94b8bda04ff446dcedd42276fc99ee.php 第 217 行.
INFO: Run Behavior\ParseTemplateBehavior [ RunTime:0.044967s ]
INFO: [ view_parse ] --END-- [ RunTime:0.045076s ]
INFO: [ view_filter ] --START--
INFO: Run Behavior\WriteHtmlCacheBehavior [ RunTime:0.000478s ]
INFO: [ view_filter ] --END-- [ RunTime:0.000562s ]
INFO: [ app_end ] --START--
INFO: Run Behavior\ShowPageTraceBehavior [ RunTime:0.001097s ]
INFO: [ app_end ] --END-- [ RunTime:0.001192s ]

[ 2017-08-09T19:28:36+08:00 ] 221.238.131.253 /
INFO: [ app_init ] --START--
INFO: Run Behavior\BuildLiteBehavior [ RunTime:0.000029s ]
INFO: [ app_init ] --END-- [ RunTime:0.000679s ]
NOTIC: [2] array_merge(): Argument #2 is not an array /webHome/host1709404/www/ThinkPHP/Library/Think/Hook.class.php 第 55 行.
NOTIC: [2] array_merge(): Argument #2 is not an array /webHome/host1709404/www/ThinkPHP/Library/Think/Hook.class.php 第 55 行.
NOTIC: [2] array_merge(): Argument #2 is not an array /webHome/host1709404/www/ThinkPHP/Library/Think/Hook.class.php 第 55 行.
NOTIC: [2] array_merge(): Argument #2 is not an array /webHome/host1709404/www/ThinkPHP/Library/Think/Hook.class.php 第 55 行.
INFO: [ app_begin ] --START--
INFO: Run Behavior\ReadHtmlCacheBehavior [ RunTime:0.000960s ]
INFO: Run Behavior\CheckLangBehavior [ RunTime:0.001411s ]
INFO: [ app_begin ] --END-- [ RunTime:0.002538s ]
SQL: SHOW COLUMNS FROM `think_blog` [ RunTime:0.0021s ]
SQL: SELECT * FROM `think_blog` LIMIT 4   [ RunTime:0.0010s ]
SQL: SELECT * FROM `think_blog` ORDER BY praise desc LIMIT 3   [ RunTime:0.0011s ]
SQL: SELECT * FROM `think_blog` ORDER BY blog_time desc LIMIT 3   [ RunTime:0.0009s ]
SQL: SHOW COLUMNS FROM `think_users` [ RunTime:0.0021s ]
SQL: SELECT `user_name`,`vip` FROM `think_users` ORDER BY vip desc LIMIT 5   [ RunTime:0.0018s ]
INFO: [ view_parse ] --START--
INFO: [ template_filter ] --START--
INFO: Run Behavior\ContentReplaceBehavior [ RunTime:0.000202s ]
INFO: [ template_filter ] --END-- [ RunTime:0.000355s ]
NOTIC: [8] Use of undefined constant blog_content - assumed 'blog_content' /webHome/host1709404/www/Application/Runtime/Cache/Home/2a94b8bda04ff446dcedd42276fc99ee.php 第 132 行.
NOTIC: [8] Use of undefined constant blog_content - assumed 'blog_content' /webHome/host1709404/www/Application/Runtime/Cache/Home/2a94b8bda04ff446dcedd42276fc99ee.php 第 143 行.
NOTIC: [8] Use of undefined constant user_name - assumed 'user_name' /webHome/host1709404/www/Application/Runtime/Cache/Home/2a94b8bda04ff446dcedd42276fc99ee.php 第 216 行.
NOTIC: [8] Use of undefined constant vip - assumed 'vip' /webHome/host1709404/www/Application/Runtime/Cache/Home/2a94b8bda04ff446dcedd42276fc99ee.php 第 217 行.
NOTIC: [8] Use of undefined constant user_name - assumed 'user_name' /webHome/host1709404/www/Application/Runtime/Cache/Home/2a94b8bda04ff446dcedd42276fc99ee.php 第 216 行.
NOTIC: [8] Use of undefined constant vip - assumed 'vip' /webHome/host1709404/www/Application/Runtime/Cache/Home/2a94b8bda04ff446dcedd42276fc99ee.php 第 217 行.
NOTIC: [8] Use of undefined constant user_name - assumed 'user_name' /webHome/host1709404/www/Application/Runtime/Cache/Home/2a94b8bda04ff446dcedd42276fc99ee.php 第 216 行.
NOTIC: [8] Use of undefined constant vip - assumed 'vip' /webHome/host1709404/www/Application/Runtime/Cache/Home/2a94b8bda04ff446dcedd42276fc99ee.php 第 217 行.
NOTIC: [8] Use of undefined constant user_name - assumed 'user_name' /webHome/host1709404/www/Application/Runtime/Cache/Home/2a94b8bda04ff446dcedd42276fc99ee.php 第 216 行.
NOTIC: [8] Use of undefined constant vip - assumed 'vip' /webHome/host1709404/www/Application/Runtime/Cache/Home/2a94b8bda04ff446dcedd42276fc99ee.php 第 217 行.
NOTIC: [8] Use of undefined constant user_name - assumed 'user_name' /webHome/host1709404/www/Application/Runtime/Cache/Home/2a94b8bda04ff446dcedd42276fc99ee.php 第 216 行.
NOTIC: [8] Use of undefined constant vip - assumed 'vip' /webHome/host1709404/www/Application/Runtime/Cache/Home/2a94b8bda04ff446dcedd42276fc99ee.php 第 217 行.
INFO: Run Behavior\ParseTemplateBehavior [ RunTime:0.044898s ]
INFO: [ view_parse ] --END-- [ RunTime:0.044996s ]
INFO: [ view_filter ] --START--
INFO: Run Behavior\WriteHtmlCacheBehavior [ RunTime:0.000438s ]
INFO: [ view_filter ] --END-- [ RunTime:0.000518s ]
INFO: 
INFO: 
INFO: 

[ 2017-08-09T19:28:52+08:00 ] 221.238.131.253 /
INFO: [ app_init ] --START--
INFO: Run Behavior\BuildLiteBehavior [ RunTime:0.000031s ]
INFO: [ app_init ] --END-- [ RunTime:0.000738s ]
NOTIC: [2] array_merge(): Argument #2 is not an array /webHome/host1709404/www/ThinkPHP/Library/Think/Hook.class.php 第 55 行.
NOTIC: [2] array_merge(): Argument #2 is not an array /webHome/host1709404/www/ThinkPHP/Library/Think/Hook.class.php 第 55 行.
NOTIC: [2] array_merge(): Argument #2 is not an array /webHome/host1709404/www/ThinkPHP/Library/Think/Hook.class.php 第 55 行.
NOTIC: [2] array_merge(): Argument #2 is not an array /webHome/host1709404/www/ThinkPHP/Library/Think/Hook.class.php 第 55 行.
INFO: [ app_begin ] --START--
INFO: Run Behavior\ReadHtmlCacheBehavior [ RunTime:0.000960s ]
INFO: Run Behavior\CheckLangBehavior [ RunTime:0.001412s ]
INFO: [ app_begin ] --END-- [ RunTime:0.002564s ]
SQL: SHOW COLUMNS FROM `think_blog` [ RunTime:0.0027s ]
SQL: SELECT * FROM `think_blog` LIMIT 4   [ RunTime:0.0012s ]
SQL: SELECT * FROM `think_blog` ORDER BY praise desc LIMIT 3   [ RunTime:0.0012s ]
SQL: SELECT * FROM `think_blog` ORDER BY blog_time desc LIMIT 3   [ RunTime:0.0020s ]
SQL: SHOW COLUMNS FROM `think_users` [ RunTime:0.0049s ]
SQL: SELECT `user_name`,`vip` FROM `think_users` ORDER BY vip desc LIMIT 5   [ RunTime:0.0011s ]
INFO: [ view_parse ] --START--
INFO: [ template_filter ] --START--
INFO: Run Behavior\ContentReplaceBehavior [ RunTime:0.000252s ]
INFO: [ template_filter ] --END-- [ RunTime:0.000383s ]
NOTIC: [8] Use of undefined constant blog_content - assumed 'blog_content' /webHome/host1709404/www/Application/Runtime/Cache/Home/2a94b8bda04ff446dcedd42276fc99ee.php 第 132 行.
NOTIC: [8] Use of undefined constant blog_content - assumed 'blog_content' /webHome/host1709404/www/Application/Runtime/Cache/Home/2a94b8bda04ff446dcedd42276fc99ee.php 第 143 行.
NOTIC: [8] Use of undefined constant user_name - assumed 'user_name' /webHome/host1709404/www/Application/Runtime/Cache/Home/2a94b8bda04ff446dcedd42276fc99ee.php 第 216 行.
NOTIC: [8] Use of undefined constant vip - assumed 'vip' /webHome/host1709404/www/Application/Runtime/Cache/Home/2a94b8bda04ff446dcedd42276fc99ee.php 第 217 行.
NOTIC: [8] Use of undefined constant user_name - assumed 'user_name' /webHome/host1709404/www/Application/Runtime/Cache/Home/2a94b8bda04ff446dcedd42276fc99ee.php 第 216 行.
NOTIC: [8] Use of undefined constant vip - assumed 'vip' /webHome/host1709404/www/Application/Runtime/Cache/Home/2a94b8bda04ff446dcedd42276fc99ee.php 第 217 行.
NOTIC: [8] Use of undefined constant user_name - assumed 'user_name' /webHome/host1709404/www/Application/Runtime/Cache/Home/2a94b8bda04ff446dcedd42276fc99ee.php 第 216 行.
NOTIC: [8] Use of undefined constant vip - assumed 'vip' /webHome/host1709404/www/Application/Runtime/Cache/Home/2a94b8bda04ff446dcedd42276fc99ee.php 第 217 行.
NOTIC: [8] Use of undefined constant user_name - assumed 'user_name' /webHome/host1709404/www/Application/Runtime/Cache/Home/2a94b8bda04ff446dcedd42276fc99ee.php 第 216 行.
NOTIC: [8] Use of undefined constant vip - assumed 'vip' /webHome/host1709404/www/Application/Runtime/Cache/Home/2a94b8bda04ff446dcedd42276fc99ee.php 第 217 行.
NOTIC: [8] Use of undefined constant user_name - assumed 'user_name' /webHome/host1709404/www/Application/Runtime/Cache/Home/2a94b8bda04ff446dcedd42276fc99ee.php 第 216 行.
NOTIC: [8] Use of undefined constant vip - assumed 'vip' /webHome/host1709404/www/Application/Runtime/Cache/Home/2a94b8bda04ff446dcedd42276fc99ee.php 第 217 行.
INFO: Run Behavior\ParseTemplateBehavior [ RunTime:0.046171s ]
INFO: [ view_parse ] --END-- [ RunTime:0.046307s ]
INFO: [ view_filter ] --START--
INFO: Run Behavior\WriteHtmlCacheBehavior [ RunTime:0.000520s ]
INFO: [ view_filter ] --END-- [ RunTime:0.000605s ]
INFO: [ app_end ] --START--
INFO: Run Behavior\ShowPageTraceBehavior [ RunTime:0.001080s ]
INFO: [ app_end ] --END-- [ RunTime:0.001205s ]

