[ 2017-06-07T20:22:48+08:00 ] 127.0.0.1 /
INFO: [ app_init ] --START--
INFO: Run Behavior\BuildLiteBehavior [ RunTime:0.000000s ]
INFO: [ app_init ] --END-- [ RunTime:1.399257s ]
NOTIC: [2] array_merge(): Argument #2 is not an array D:\phpstudy\WWW\thinkphp\ThinkPHP\Library\Think\Hook.class.php 第 55 行.
NOTIC: [2] array_merge(): Argument #2 is not an array D:\phpstudy\WWW\thinkphp\ThinkPHP\Library\Think\Hook.class.php 第 55 行.
NOTIC: [2] array_merge(): Argument #2 is not an array D:\phpstudy\WWW\thinkphp\ThinkPHP\Library\Think\Hook.class.php 第 55 行.
NOTIC: [2] array_merge(): Argument #2 is not an array D:\phpstudy\WWW\thinkphp\ThinkPHP\Library\Think\Hook.class.php 第 55 行.
INFO: [ app_begin ] --START--
INFO: Run Behavior\ReadHtmlCacheBehavior [ RunTime:0.206607s ]
INFO: Run Behavior\CheckLangBehavior [ RunTime:0.193201s ]
INFO: [ app_begin ] --END-- [ RunTime:0.399808s ]
SQL: SHOW COLUMNS FROM `think_blog` [ RunTime:2.4936s ]
SQL: SELECT * FROM `think_blog` LIMIT 4   [ RunTime:0.0400s ]
SQL: SHOW COLUMNS FROM `think_users` [ RunTime:0.0590s ]
SQL: SELECT `user_name`,`vip` FROM `think_users` ORDER BY vip desc LIMIT 5   [ RunTime:0.0720s ]
INFO: [ view_parse ] --START--
INFO: [ template_filter ] --START--
INFO: Run Behavior\ContentReplaceBehavior [ RunTime:0.015600s ]
INFO: [ template_filter ] --END-- [ RunTime:0.015600s ]
NOTIC: [8] Use of undefined constant blog_content - assumed 'blog_content' D:\phpstudy\WWW\thinkphp\Application\Runtime\Cache\Home\2a94b8bda04ff446dcedd42276fc99ee.php 第 129 行.
NOTIC: [8] Use of undefined constant blog_content - assumed 'blog_content' D:\phpstudy\WWW\thinkphp\Application\Runtime\Cache\Home\2a94b8bda04ff446dcedd42276fc99ee.php 第 140 行.
NOTIC: [8] Use of undefined constant user_name - assumed 'user_name' D:\phpstudy\WWW\thinkphp\Application\Runtime\Cache\Home\2a94b8bda04ff446dcedd42276fc99ee.php 第 252 行.
NOTIC: [8] Use of undefined constant vip - assumed 'vip' D:\phpstudy\WWW\thinkphp\Application\Runtime\Cache\Home\2a94b8bda04ff446dcedd42276fc99ee.php 第 253 行.
NOTIC: [8] Use of undefined constant user_name - assumed 'user_name' D:\phpstudy\WWW\thinkphp\Application\Runtime\Cache\Home\2a94b8bda04ff446dcedd42276fc99ee.php 第 252 行.
NOTIC: [8] Use of undefined constant vip - assumed 'vip' D:\phpstudy\WWW\thinkphp\Application\Runtime\Cache\Home\2a94b8bda04ff446dcedd42276fc99ee.php 第 253 行.
NOTIC: [8] Use of undefined constant user_name - assumed 'user_name' D:\phpstudy\WWW\thinkphp\Application\Runtime\Cache\Home\2a94b8bda04ff446dcedd42276fc99ee.php 第 252 行.
NOTIC: [8] Use of undefined constant vip - assumed 'vip' D:\phpstudy\WWW\thinkphp\Application\Runtime\Cache\Home\2a94b8bda04ff446dcedd42276fc99ee.php 第 253 行.
NOTIC: [8] Use of undefined constant user_name - assumed 'user_name' D:\phpstudy\WWW\thinkphp\Application\Runtime\Cache\Home\2a94b8bda04ff446dcedd42276fc99ee.php 第 252 行.
NOTIC: [8] Use of undefined constant vip - assumed 'vip' D:\phpstudy\WWW\thinkphp\Application\Runtime\Cache\Home\2a94b8bda04ff446dcedd42276fc99ee.php 第 253 行.
NOTIC: [8] Use of undefined constant user_name - assumed 'user_name' D:\phpstudy\WWW\thinkphp\Application\Runtime\Cache\Home\2a94b8bda04ff446dcedd42276fc99ee.php 第 252 行.
NOTIC: [8] Use of undefined constant vip - assumed 'vip' D:\phpstudy\WWW\thinkphp\Application\Runtime\Cache\Home\2a94b8bda04ff446dcedd42276fc99ee.php 第 253 行.
INFO: Run Behavior\ParseTemplateBehavior [ RunTime:1.246428s ]
INFO: [ view_parse ] --END-- [ RunTime:1.247428s ]
INFO: [ view_filter ] --START--
INFO: Run Behavior\WriteHtmlCacheBehavior [ RunTime:0.015600s ]
INFO: [ view_filter ] --END-- [ RunTime:0.015600s ]

