[ 2017-09-07T03:48:39+08:00 ] 80.85.159.173 /
INFO: [ app_init ] --START--
INFO: Run Behavior\BuildLiteBehavior [ RunTime:0.000029s ]
INFO: [ app_init ] --END-- [ RunTime:0.000686s ]
NOTIC: [2] array_merge(): Argument #2 is not an array /webHome/host1709404/www/ThinkPHP/Library/Think/Hook.class.php 第 55 行.
NOTIC: [2] array_merge(): Argument #2 is not an array /webHome/host1709404/www/ThinkPHP/Library/Think/Hook.class.php 第 55 行.
NOTIC: [2] array_merge(): Argument #2 is not an array /webHome/host1709404/www/ThinkPHP/Library/Think/Hook.class.php 第 55 行.
NOTIC: [2] array_merge(): Argument #2 is not an array /webHome/host1709404/www/ThinkPHP/Library/Think/Hook.class.php 第 55 行.
INFO: [ app_begin ] --START--
INFO: Run Behavior\ReadHtmlCacheBehavior [ RunTime:0.000933s ]
INFO: Run Behavior\CheckLangBehavior [ RunTime:0.001523s ]
INFO: [ app_begin ] --END-- [ RunTime:0.002633s ]
SQL: SHOW COLUMNS FROM `think_blog` [ RunTime:0.0020s ]
SQL: SELECT * FROM `think_blog` LIMIT 4   [ RunTime:0.0009s ]
SQL: SELECT * FROM `think_blog` ORDER BY praise desc LIMIT 3   [ RunTime:0.0008s ]
SQL: SELECT * FROM `think_blog` ORDER BY blog_time desc LIMIT 3   [ RunTime:0.0010s ]
SQL: SHOW COLUMNS FROM `think_users` [ RunTime:0.0027s ]
SQL: SELECT `user_name`,`vip` FROM `think_users` ORDER BY vip desc LIMIT 5   [ RunTime:0.0033s ]
INFO: [ view_parse ] --START--
INFO: [ template_filter ] --START--
INFO: Run Behavior\ContentReplaceBehavior [ RunTime:0.000187s ]
INFO: [ template_filter ] --END-- [ RunTime:0.000306s ]
NOTIC: [8] Use of undefined constant blog_content - assumed 'blog_content' /webHome/host1709404/www/Application/Runtime/Cache/Home/2a94b8bda04ff446dcedd42276fc99ee.php 第 132 行.
NOTIC: [8] Use of undefined constant blog_content - assumed 'blog_content' /webHome/host1709404/www/Application/Runtime/Cache/Home/2a94b8bda04ff446dcedd42276fc99ee.php 第 143 行.
NOTIC: [8] Use of undefined constant user_name - assumed 'user_name' /webHome/host1709404/www/Application/Runtime/Cache/Home/2a94b8bda04ff446dcedd42276fc99ee.php 第 216 行.
NOTIC: [8] Use of undefined constant vip - assumed 'vip' /webHome/host1709404/www/Application/Runtime/Cache/Home/2a94b8bda04ff446dcedd42276fc99ee.php 第 217 行.
NOTIC: [8] Use of undefined constant user_name - assumed 'user_name' /webHome/host1709404/www/Application/Runtime/Cache/Home/2a94b8bda04ff446dcedd42276fc99ee.php 第 216 行.
NOTIC: [8] Use of undefined constant vip - assumed 'vip' /webHome/host1709404/www/Application/Runtime/Cache/Home/2a94b8bda04ff446dcedd42276fc99ee.php 第 217 行.
NOTIC: [8] Use of undefined constant user_name - assumed 'user_name' /webHome/host1709404/www/Application/Runtime/Cache/Home/2a94b8bda04ff446dcedd42276fc99ee.php 第 216 行.
NOTIC: [8] Use of undefined constant vip - assumed 'vip' /webHome/host1709404/www/Application/Runtime/Cache/Home/2a94b8bda04ff446dcedd42276fc99ee.php 第 217 行.
NOTIC: [8] Use of undefined constant user_name - assumed 'user_name' /webHome/host1709404/www/Application/Runtime/Cache/Home/2a94b8bda04ff446dcedd42276fc99ee.php 第 216 行.
NOTIC: [8] Use of undefined constant vip - assumed 'vip' /webHome/host1709404/www/Application/Runtime/Cache/Home/2a94b8bda04ff446dcedd42276fc99ee.php 第 217 行.
NOTIC: [8] Use of undefined constant user_name - assumed 'user_name' /webHome/host1709404/www/Application/Runtime/Cache/Home/2a94b8bda04ff446dcedd42276fc99ee.php 第 216 行.
NOTIC: [8] Use of undefined constant vip - assumed 'vip' /webHome/host1709404/www/Application/Runtime/Cache/Home/2a94b8bda04ff446dcedd42276fc99ee.php 第 217 行.
INFO: Run Behavior\ParseTemplateBehavior [ RunTime:0.041771s ]
INFO: [ view_parse ] --END-- [ RunTime:0.041896s ]
INFO: [ view_filter ] --START--
INFO: Run Behavior\WriteHtmlCacheBehavior [ RunTime:0.000549s ]
INFO: [ view_filter ] --END-- [ RunTime:0.000639s ]
INFO: 
INFO: 
INFO: 

[ 2017-09-07T03:48:43+08:00 ] 80.85.159.173 /
INFO: [ app_init ] --START--
INFO: Run Behavior\BuildLiteBehavior [ RunTime:0.000032s ]
INFO: [ app_init ] --END-- [ RunTime:0.000710s ]
NOTIC: [2] array_merge(): Argument #2 is not an array /webHome/host1709404/www/ThinkPHP/Library/Think/Hook.class.php 第 55 行.
NOTIC: [2] array_merge(): Argument #2 is not an array /webHome/host1709404/www/ThinkPHP/Library/Think/Hook.class.php 第 55 行.
NOTIC: [2] array_merge(): Argument #2 is not an array /webHome/host1709404/www/ThinkPHP/Library/Think/Hook.class.php 第 55 行.
NOTIC: [2] array_merge(): Argument #2 is not an array /webHome/host1709404/www/ThinkPHP/Library/Think/Hook.class.php 第 55 行.
INFO: [ app_begin ] --START--
INFO: Run Behavior\ReadHtmlCacheBehavior [ RunTime:0.000949s ]
INFO: Run Behavior\CheckLangBehavior [ RunTime:0.001528s ]
INFO: [ app_begin ] --END-- [ RunTime:0.002639s ]
SQL: SHOW COLUMNS FROM `think_blog` [ RunTime:0.0022s ]
SQL: SELECT * FROM `think_blog` LIMIT 4   [ RunTime:0.0010s ]
SQL: SELECT * FROM `think_blog` ORDER BY praise desc LIMIT 3   [ RunTime:0.0012s ]
SQL: SELECT * FROM `think_blog` ORDER BY blog_time desc LIMIT 3   [ RunTime:0.0011s ]
SQL: SHOW COLUMNS FROM `think_users` [ RunTime:0.0022s ]
SQL: SELECT `user_name`,`vip` FROM `think_users` ORDER BY vip desc LIMIT 5   [ RunTime:0.0008s ]
INFO: [ view_parse ] --START--
INFO: [ template_filter ] --START--
INFO: Run Behavior\ContentReplaceBehavior [ RunTime:0.000201s ]
INFO: [ template_filter ] --END-- [ RunTime:0.000338s ]
NOTIC: [8] Use of undefined constant blog_content - assumed 'blog_content' /webHome/host1709404/www/Application/Runtime/Cache/Home/2a94b8bda04ff446dcedd42276fc99ee.php 第 132 行.
NOTIC: [8] Use of undefined constant blog_content - assumed 'blog_content' /webHome/host1709404/www/Application/Runtime/Cache/Home/2a94b8bda04ff446dcedd42276fc99ee.php 第 143 行.
NOTIC: [8] Use of undefined constant user_name - assumed 'user_name' /webHome/host1709404/www/Application/Runtime/Cache/Home/2a94b8bda04ff446dcedd42276fc99ee.php 第 216 行.
NOTIC: [8] Use of undefined constant vip - assumed 'vip' /webHome/host1709404/www/Application/Runtime/Cache/Home/2a94b8bda04ff446dcedd42276fc99ee.php 第 217 行.
NOTIC: [8] Use of undefined constant user_name - assumed 'user_name' /webHome/host1709404/www/Application/Runtime/Cache/Home/2a94b8bda04ff446dcedd42276fc99ee.php 第 216 行.
NOTIC: [8] Use of undefined constant vip - assumed 'vip' /webHome/host1709404/www/Application/Runtime/Cache/Home/2a94b8bda04ff446dcedd42276fc99ee.php 第 217 行.
NOTIC: [8] Use of undefined constant user_name - assumed 'user_name' /webHome/host1709404/www/Application/Runtime/Cache/Home/2a94b8bda04ff446dcedd42276fc99ee.php 第 216 行.
NOTIC: [8] Use of undefined constant vip - assumed 'vip' /webHome/host1709404/www/Application/Runtime/Cache/Home/2a94b8bda04ff446dcedd42276fc99ee.php 第 217 行.
NOTIC: [8] Use of undefined constant user_name - assumed 'user_name' /webHome/host1709404/www/Application/Runtime/Cache/Home/2a94b8bda04ff446dcedd42276fc99ee.php 第 216 行.
NOTIC: [8] Use of undefined constant vip - assumed 'vip' /webHome/host1709404/www/Application/Runtime/Cache/Home/2a94b8bda04ff446dcedd42276fc99ee.php 第 217 行.
NOTIC: [8] Use of undefined constant user_name - assumed 'user_name' /webHome/host1709404/www/Application/Runtime/Cache/Home/2a94b8bda04ff446dcedd42276fc99ee.php 第 216 行.
NOTIC: [8] Use of undefined constant vip - assumed 'vip' /webHome/host1709404/www/Application/Runtime/Cache/Home/2a94b8bda04ff446dcedd42276fc99ee.php 第 217 行.
INFO: Run Behavior\ParseTemplateBehavior [ RunTime:0.047366s ]
INFO: [ view_parse ] --END-- [ RunTime:0.047512s ]
INFO: [ view_filter ] --START--
INFO: Run Behavior\WriteHtmlCacheBehavior [ RunTime:0.000513s ]
INFO: [ view_filter ] --END-- [ RunTime:0.000610s ]
INFO: [ app_end ] --START--
INFO: Run Behavior\ShowPageTraceBehavior [ RunTime:0.001091s ]
INFO: [ app_end ] --END-- [ RunTime:0.001232s ]

[ 2017-09-07T05:54:45+08:00 ] 69.58.178.56 /
INFO: [ app_init ] --START--
INFO: Run Behavior\BuildLiteBehavior [ RunTime:0.000029s ]
INFO: [ app_init ] --END-- [ RunTime:0.000767s ]
NOTIC: [2] array_merge(): Argument #2 is not an array /webHome/host1709404/www/ThinkPHP/Library/Think/Hook.class.php 第 55 行.
NOTIC: [2] array_merge(): Argument #2 is not an array /webHome/host1709404/www/ThinkPHP/Library/Think/Hook.class.php 第 55 行.
NOTIC: [2] array_merge(): Argument #2 is not an array /webHome/host1709404/www/ThinkPHP/Library/Think/Hook.class.php 第 55 行.
NOTIC: [2] array_merge(): Argument #2 is not an array /webHome/host1709404/www/ThinkPHP/Library/Think/Hook.class.php 第 55 行.
INFO: [ app_begin ] --START--
INFO: Run Behavior\ReadHtmlCacheBehavior [ RunTime:0.001673s ]
INFO: Run Behavior\CheckLangBehavior [ RunTime:0.004466s ]
INFO: [ app_begin ] --END-- [ RunTime:0.006515s ]
SQL: SHOW COLUMNS FROM `think_blog` [ RunTime:0.0024s ]
SQL: SELECT * FROM `think_blog` LIMIT 4   [ RunTime:0.0009s ]
SQL: SELECT * FROM `think_blog` ORDER BY praise desc LIMIT 3   [ RunTime:0.0025s ]
SQL: SELECT * FROM `think_blog` ORDER BY blog_time desc LIMIT 3   [ RunTime:0.0009s ]
SQL: SHOW COLUMNS FROM `think_users` [ RunTime:0.0020s ]
SQL: SELECT `user_name`,`vip` FROM `think_users` ORDER BY vip desc LIMIT 5   [ RunTime:0.0007s ]
INFO: [ view_parse ] --START--
INFO: [ template_filter ] --START--
INFO: Run Behavior\ContentReplaceBehavior [ RunTime:0.000281s ]
INFO: [ template_filter ] --END-- [ RunTime:0.000411s ]
NOTIC: [8] Use of undefined constant blog_content - assumed 'blog_content' /webHome/host1709404/www/Application/Runtime/Cache/Home/2a94b8bda04ff446dcedd42276fc99ee.php 第 132 行.
NOTIC: [8] Use of undefined constant blog_content - assumed 'blog_content' /webHome/host1709404/www/Application/Runtime/Cache/Home/2a94b8bda04ff446dcedd42276fc99ee.php 第 143 行.
NOTIC: [8] Use of undefined constant user_name - assumed 'user_name' /webHome/host1709404/www/Application/Runtime/Cache/Home/2a94b8bda04ff446dcedd42276fc99ee.php 第 216 行.
NOTIC: [8] Use of undefined constant vip - assumed 'vip' /webHome/host1709404/www/Application/Runtime/Cache/Home/2a94b8bda04ff446dcedd42276fc99ee.php 第 217 行.
NOTIC: [8] Use of undefined constant user_name - assumed 'user_name' /webHome/host1709404/www/Application/Runtime/Cache/Home/2a94b8bda04ff446dcedd42276fc99ee.php 第 216 行.
NOTIC: [8] Use of undefined constant vip - assumed 'vip' /webHome/host1709404/www/Application/Runtime/Cache/Home/2a94b8bda04ff446dcedd42276fc99ee.php 第 217 行.
NOTIC: [8] Use of undefined constant user_name - assumed 'user_name' /webHome/host1709404/www/Application/Runtime/Cache/Home/2a94b8bda04ff446dcedd42276fc99ee.php 第 216 行.
NOTIC: [8] Use of undefined constant vip - assumed 'vip' /webHome/host1709404/www/Application/Runtime/Cache/Home/2a94b8bda04ff446dcedd42276fc99ee.php 第 217 行.
NOTIC: [8] Use of undefined constant user_name - assumed 'user_name' /webHome/host1709404/www/Application/Runtime/Cache/Home/2a94b8bda04ff446dcedd42276fc99ee.php 第 216 行.
NOTIC: [8] Use of undefined constant vip - assumed 'vip' /webHome/host1709404/www/Application/Runtime/Cache/Home/2a94b8bda04ff446dcedd42276fc99ee.php 第 217 行.
NOTIC: [8] Use of undefined constant user_name - assumed 'user_name' /webHome/host1709404/www/Application/Runtime/Cache/Home/2a94b8bda04ff446dcedd42276fc99ee.php 第 216 行.
NOTIC: [8] Use of undefined constant vip - assumed 'vip' /webHome/host1709404/www/Application/Runtime/Cache/Home/2a94b8bda04ff446dcedd42276fc99ee.php 第 217 行.
INFO: Run Behavior\ParseTemplateBehavior [ RunTime:0.051981s ]
INFO: [ view_parse ] --END-- [ RunTime:0.052114s ]
INFO: [ view_filter ] --START--
INFO: Run Behavior\WriteHtmlCacheBehavior [ RunTime:0.000490s ]
INFO: [ view_filter ] --END-- [ RunTime:0.000677s ]
INFO: [ app_end ] --START--
INFO: Run Behavior\ShowPageTraceBehavior [ RunTime:0.001083s ]
INFO: [ app_end ] --END-- [ RunTime:0.001181s ]

[ 2017-09-07T05:54:53+08:00 ] 69.58.178.56 /index.php/Home/Single-blog-kind-0.tpl
INFO: [ app_init ] --START--
INFO: Run Behavior\BuildLiteBehavior [ RunTime:0.000032s ]
INFO: [ app_init ] --END-- [ RunTime:0.001082s ]
NOTIC: [2] array_merge(): Argument #2 is not an array /webHome/host1709404/www/ThinkPHP/Library/Think/Hook.class.php 第 55 行.
NOTIC: [2] array_merge(): Argument #2 is not an array /webHome/host1709404/www/ThinkPHP/Library/Think/Hook.class.php 第 55 行.
NOTIC: [2] array_merge(): Argument #2 is not an array /webHome/host1709404/www/ThinkPHP/Library/Think/Hook.class.php 第 55 行.
NOTIC: [2] array_merge(): Argument #2 is not an array /webHome/host1709404/www/ThinkPHP/Library/Think/Hook.class.php 第 55 行.
INFO: [ app_begin ] --START--
INFO: Run Behavior\ReadHtmlCacheBehavior [ RunTime:0.001007s ]
INFO: Run Behavior\CheckLangBehavior [ RunTime:0.001919s ]
INFO: [ app_begin ] --END-- [ RunTime:0.003126s ]
SQL: SHOW COLUMNS FROM `think_blog` [ RunTime:0.0023s ]
SQL: SELECT * FROM `think_blog` WHERE ( blog_group='PHP' )  [ RunTime:0.0011s ]
INFO: [ view_parse ] --START--
INFO: [ template_filter ] --START--
INFO: Run Behavior\ContentReplaceBehavior [ RunTime:0.000124s ]
INFO: [ template_filter ] --END-- [ RunTime:0.000270s ]
INFO: Run Behavior\ParseTemplateBehavior [ RunTime:0.025905s ]
INFO: [ view_parse ] --END-- [ RunTime:0.026125s ]
INFO: [ view_filter ] --START--
INFO: Run Behavior\WriteHtmlCacheBehavior [ RunTime:0.000619s ]
INFO: [ view_filter ] --END-- [ RunTime:0.000701s ]
INFO: [ app_end ] --START--
INFO: Run Behavior\ShowPageTraceBehavior [ RunTime:0.001082s ]
INFO: [ app_end ] --END-- [ RunTime:0.001179s ]

[ 2017-09-07T05:54:57+08:00 ] 69.58.178.56 /index.php/Home/Index-index.tpl
INFO: [ app_init ] --START--
INFO: Run Behavior\BuildLiteBehavior [ RunTime:0.000030s ]
INFO: [ app_init ] --END-- [ RunTime:0.000768s ]
NOTIC: [2] array_merge(): Argument #2 is not an array /webHome/host1709404/www/ThinkPHP/Library/Think/Hook.class.php 第 55 行.
NOTIC: [2] array_merge(): Argument #2 is not an array /webHome/host1709404/www/ThinkPHP/Library/Think/Hook.class.php 第 55 行.
NOTIC: [2] array_merge(): Argument #2 is not an array /webHome/host1709404/www/ThinkPHP/Library/Think/Hook.class.php 第 55 行.
NOTIC: [2] array_merge(): Argument #2 is not an array /webHome/host1709404/www/ThinkPHP/Library/Think/Hook.class.php 第 55 行.
INFO: [ app_begin ] --START--
INFO: Run Behavior\ReadHtmlCacheBehavior [ RunTime:0.001114s ]
INFO: Run Behavior\CheckLangBehavior [ RunTime:0.002022s ]
INFO: [ app_begin ] --END-- [ RunTime:0.003287s ]
SQL: SHOW COLUMNS FROM `think_blog` [ RunTime:0.0018s ]
SQL: SELECT * FROM `think_blog` LIMIT 4   [ RunTime:0.0009s ]
SQL: SELECT * FROM `think_blog` ORDER BY praise desc LIMIT 3   [ RunTime:0.0008s ]
SQL: SELECT * FROM `think_blog` ORDER BY blog_time desc LIMIT 3   [ RunTime:0.0008s ]
SQL: SHOW COLUMNS FROM `think_users` [ RunTime:0.0017s ]
SQL: SELECT `user_name`,`vip` FROM `think_users` ORDER BY vip desc LIMIT 5   [ RunTime:0.0006s ]
INFO: [ view_parse ] --START--
INFO: [ template_filter ] --START--
INFO: Run Behavior\ContentReplaceBehavior [ RunTime:0.000207s ]
INFO: [ template_filter ] --END-- [ RunTime:0.000331s ]
NOTIC: [8] Use of undefined constant blog_content - assumed 'blog_content' /webHome/host1709404/www/Application/Runtime/Cache/Home/2a94b8bda04ff446dcedd42276fc99ee.php 第 132 行.
NOTIC: [8] Use of undefined constant blog_content - assumed 'blog_content' /webHome/host1709404/www/Application/Runtime/Cache/Home/2a94b8bda04ff446dcedd42276fc99ee.php 第 143 行.
NOTIC: [8] Use of undefined constant user_name - assumed 'user_name' /webHome/host1709404/www/Application/Runtime/Cache/Home/2a94b8bda04ff446dcedd42276fc99ee.php 第 216 行.
NOTIC: [8] Use of undefined constant vip - assumed 'vip' /webHome/host1709404/www/Application/Runtime/Cache/Home/2a94b8bda04ff446dcedd42276fc99ee.php 第 217 行.
NOTIC: [8] Use of undefined constant user_name - assumed 'user_name' /webHome/host1709404/www/Application/Runtime/Cache/Home/2a94b8bda04ff446dcedd42276fc99ee.php 第 216 行.
NOTIC: [8] Use of undefined constant vip - assumed 'vip' /webHome/host1709404/www/Application/Runtime/Cache/Home/2a94b8bda04ff446dcedd42276fc99ee.php 第 217 行.
NOTIC: [8] Use of undefined constant user_name - assumed 'user_name' /webHome/host1709404/www/Application/Runtime/Cache/Home/2a94b8bda04ff446dcedd42276fc99ee.php 第 216 行.
NOTIC: [8] Use of undefined constant vip - assumed 'vip' /webHome/host1709404/www/Application/Runtime/Cache/Home/2a94b8bda04ff446dcedd42276fc99ee.php 第 217 行.
NOTIC: [8] Use of undefined constant user_name - assumed 'user_name' /webHome/host1709404/www/Application/Runtime/Cache/Home/2a94b8bda04ff446dcedd42276fc99ee.php 第 216 行.
NOTIC: [8] Use of undefined constant vip - assumed 'vip' /webHome/host1709404/www/Application/Runtime/Cache/Home/2a94b8bda04ff446dcedd42276fc99ee.php 第 217 行.
NOTIC: [8] Use of undefined constant user_name - assumed 'user_name' /webHome/host1709404/www/Application/Runtime/Cache/Home/2a94b8bda04ff446dcedd42276fc99ee.php 第 216 行.
NOTIC: [8] Use of undefined constant vip - assumed 'vip' /webHome/host1709404/www/Application/Runtime/Cache/Home/2a94b8bda04ff446dcedd42276fc99ee.php 第 217 行.
INFO: Run Behavior\ParseTemplateBehavior [ RunTime:0.046918s ]
INFO: [ view_parse ] --END-- [ RunTime:0.047040s ]
INFO: [ view_filter ] --START--
INFO: Run Behavior\WriteHtmlCacheBehavior [ RunTime:0.000680s ]
INFO: [ view_filter ] --END-- [ RunTime:0.000812s ]
INFO: [ app_end ] --START--
INFO: Run Behavior\ShowPageTraceBehavior [ RunTime:0.001147s ]
INFO: [ app_end ] --END-- [ RunTime:0.001260s ]

[ 2017-09-07T05:54:59+08:00 ] 69.58.178.56 /index.php/Home/Review-review.tpl
INFO: [ app_init ] --START--
INFO: Run Behavior\BuildLiteBehavior [ RunTime:0.000031s ]
INFO: [ app_init ] --END-- [ RunTime:0.000702s ]
NOTIC: [2] array_merge(): Argument #2 is not an array /webHome/host1709404/www/ThinkPHP/Library/Think/Hook.class.php 第 55 行.
NOTIC: [2] array_merge(): Argument #2 is not an array /webHome/host1709404/www/ThinkPHP/Library/Think/Hook.class.php 第 55 行.
NOTIC: [2] array_merge(): Argument #2 is not an array /webHome/host1709404/www/ThinkPHP/Library/Think/Hook.class.php 第 55 行.
NOTIC: [2] array_merge(): Argument #2 is not an array /webHome/host1709404/www/ThinkPHP/Library/Think/Hook.class.php 第 55 行.
INFO: [ app_begin ] --START--
INFO: Run Behavior\ReadHtmlCacheBehavior [ RunTime:0.000977s ]
INFO: Run Behavior\CheckLangBehavior [ RunTime:0.001753s ]
INFO: [ app_begin ] --END-- [ RunTime:0.002892s ]
SQL: SHOW COLUMNS FROM `think_blog` [ RunTime:0.0023s ]
SQL: SELECT * FROM `think_blog` ORDER BY praise desc LIMIT 8   [ RunTime:0.0015s ]
INFO: [ view_parse ] --START--
INFO: [ template_filter ] --START--
INFO: Run Behavior\ContentReplaceBehavior [ RunTime:0.000109s ]
INFO: [ template_filter ] --END-- [ RunTime:0.000223s ]
INFO: Run Behavior\ParseTemplateBehavior [ RunTime:0.024148s ]
INFO: [ view_parse ] --END-- [ RunTime:0.024320s ]
INFO: [ view_filter ] --START--
INFO: Run Behavior\WriteHtmlCacheBehavior [ RunTime:0.000514s ]
INFO: [ view_filter ] --END-- [ RunTime:0.000660s ]
INFO: [ app_end ] --START--
INFO: Run Behavior\ShowPageTraceBehavior [ RunTime:0.001020s ]
INFO: [ app_end ] --END-- [ RunTime:0.001141s ]

[ 2017-09-07T05:55:01+08:00 ] 69.58.178.56 /index.php/Home/Gallery-gallery.tpl
INFO: [ app_init ] --START--
INFO: Run Behavior\BuildLiteBehavior [ RunTime:0.000046s ]
INFO: [ app_init ] --END-- [ RunTime:0.000859s ]
NOTIC: [2] array_merge(): Argument #2 is not an array /webHome/host1709404/www/ThinkPHP/Library/Think/Hook.class.php 第 55 行.
NOTIC: [2] array_merge(): Argument #2 is not an array /webHome/host1709404/www/ThinkPHP/Library/Think/Hook.class.php 第 55 行.
NOTIC: [2] array_merge(): Argument #2 is not an array /webHome/host1709404/www/ThinkPHP/Library/Think/Hook.class.php 第 55 行.
NOTIC: [2] array_merge(): Argument #2 is not an array /webHome/host1709404/www/ThinkPHP/Library/Think/Hook.class.php 第 55 行.
INFO: [ app_begin ] --START--
INFO: Run Behavior\ReadHtmlCacheBehavior [ RunTime:0.001495s ]
INFO: Run Behavior\CheckLangBehavior [ RunTime:0.002720s ]
INFO: [ app_begin ] --END-- [ RunTime:0.004446s ]
INFO: [ view_parse ] --START--
INFO: [ template_filter ] --START--
INFO: Run Behavior\ContentReplaceBehavior [ RunTime:0.000200s ]
INFO: [ template_filter ] --END-- [ RunTime:0.000376s ]
INFO: Run Behavior\ParseTemplateBehavior [ RunTime:0.028887s ]
INFO: [ view_parse ] --END-- [ RunTime:0.029037s ]
INFO: [ view_filter ] --START--
INFO: Run Behavior\WriteHtmlCacheBehavior [ RunTime:0.000856s ]
INFO: [ view_filter ] --END-- [ RunTime:0.001130s ]
INFO: [ app_end ] --START--
INFO: Run Behavior\ShowPageTraceBehavior [ RunTime:0.001856s ]
INFO: [ app_end ] --END-- [ RunTime:0.002007s ]

[ 2017-09-07T05:55:03+08:00 ] 69.58.178.56 /index.php/Home/Sign-signIn.tpl
INFO: [ app_init ] --START--
INFO: Run Behavior\BuildLiteBehavior [ RunTime:0.000030s ]
INFO: [ app_init ] --END-- [ RunTime:0.000727s ]
NOTIC: [2] array_merge(): Argument #2 is not an array /webHome/host1709404/www/ThinkPHP/Library/Think/Hook.class.php 第 55 行.
NOTIC: [2] array_merge(): Argument #2 is not an array /webHome/host1709404/www/ThinkPHP/Library/Think/Hook.class.php 第 55 行.
NOTIC: [2] array_merge(): Argument #2 is not an array /webHome/host1709404/www/ThinkPHP/Library/Think/Hook.class.php 第 55 行.
NOTIC: [2] array_merge(): Argument #2 is not an array /webHome/host1709404/www/ThinkPHP/Library/Think/Hook.class.php 第 55 行.
INFO: [ app_begin ] --START--
INFO: Run Behavior\ReadHtmlCacheBehavior [ RunTime:0.000979s ]
INFO: Run Behavior\CheckLangBehavior [ RunTime:0.001975s ]
INFO: [ app_begin ] --END-- [ RunTime:0.003155s ]
INFO: [ view_parse ] --START--
INFO: [ template_filter ] --START--
INFO: Run Behavior\ContentReplaceBehavior [ RunTime:0.000078s ]
INFO: [ template_filter ] --END-- [ RunTime:0.000243s ]
INFO: Run Behavior\ParseTemplateBehavior [ RunTime:0.011486s ]
INFO: [ view_parse ] --END-- [ RunTime:0.011611s ]
INFO: [ view_filter ] --START--
INFO: Run Behavior\WriteHtmlCacheBehavior [ RunTime:0.000581s ]
INFO: [ view_filter ] --END-- [ RunTime:0.000677s ]
INFO: [ app_end ] --START--
INFO: Run Behavior\ShowPageTraceBehavior [ RunTime:0.001151s ]
INFO: [ app_end ] --END-- [ RunTime:0.001241s ]

[ 2017-09-07T05:55:04+08:00 ] 69.58.178.56 /index.php/Home/Sign-logout.tpl
INFO: [ app_init ] --START--
INFO: Run Behavior\BuildLiteBehavior [ RunTime:0.000047s ]
INFO: [ app_init ] --END-- [ RunTime:0.001043s ]
NOTIC: [2] array_merge(): Argument #2 is not an array /webHome/host1709404/www/ThinkPHP/Library/Think/Hook.class.php 第 55 行.
NOTIC: [2] array_merge(): Argument #2 is not an array /webHome/host1709404/www/ThinkPHP/Library/Think/Hook.class.php 第 55 行.
NOTIC: [2] array_merge(): Argument #2 is not an array /webHome/host1709404/www/ThinkPHP/Library/Think/Hook.class.php 第 55 行.
NOTIC: [2] array_merge(): Argument #2 is not an array /webHome/host1709404/www/ThinkPHP/Library/Think/Hook.class.php 第 55 行.
INFO: [ app_begin ] --START--
INFO: Run Behavior\ReadHtmlCacheBehavior [ RunTime:0.001710s ]
INFO: Run Behavior\CheckLangBehavior [ RunTime:0.003187s ]
INFO: [ app_begin ] --END-- [ RunTime:0.005217s ]
NOTIC: [2] unlink(./Application/Runtime/Temp/b068931cc450442b63f5b3d276ea4297.php): No such file or directory /webHome/host1709404/www/ThinkPHP/Library/Think/Cache/Driver/File.class.php 第 157 行.
NOTIC: [2] unlink(./Application/Runtime/Temp/9871d3a2c554b27151cacf1422eec048.php): No such file or directory /webHome/host1709404/www/ThinkPHP/Library/Think/Cache/Driver/File.class.php 第 157 行.
NOTIC: [2] unlink(./Application/Runtime/Temp/c56f5648d4c0e137f9de3dfc7a54d55b.php): No such file or directory /webHome/host1709404/www/ThinkPHP/Library/Think/Cache/Driver/File.class.php 第 157 行.
NOTIC: [2] unlink(./Application/Runtime/Temp/1f2113f55e88b984a21b6aaad3372c34.php): No such file or directory /webHome/host1709404/www/ThinkPHP/Library/Think/Cache/Driver/File.class.php 第 157 行.

[ 2017-09-07T05:55:06+08:00 ] 69.58.178.56 /index.php/Home/Single-single-id-1.tpl
INFO: [ app_init ] --START--
INFO: Run Behavior\BuildLiteBehavior [ RunTime:0.000051s ]
INFO: [ app_init ] --END-- [ RunTime:0.001117s ]
NOTIC: [2] array_merge(): Argument #2 is not an array /webHome/host1709404/www/ThinkPHP/Library/Think/Hook.class.php 第 55 行.
NOTIC: [2] array_merge(): Argument #2 is not an array /webHome/host1709404/www/ThinkPHP/Library/Think/Hook.class.php 第 55 行.
NOTIC: [2] array_merge(): Argument #2 is not an array /webHome/host1709404/www/ThinkPHP/Library/Think/Hook.class.php 第 55 行.
NOTIC: [2] array_merge(): Argument #2 is not an array /webHome/host1709404/www/ThinkPHP/Library/Think/Hook.class.php 第 55 行.
INFO: [ app_begin ] --START--
INFO: Run Behavior\ReadHtmlCacheBehavior [ RunTime:0.001367s ]
INFO: Run Behavior\CheckLangBehavior [ RunTime:0.002365s ]
INFO: [ app_begin ] --END-- [ RunTime:0.003990s ]
SQL: SHOW COLUMNS FROM `think_blog` [ RunTime:0.0029s ]
SQL: SHOW COLUMNS FROM `think_comments` [ RunTime:0.0022s ]
SQL: SELECT * FROM `think_blog` WHERE ( blog_id=1 ) LIMIT 1   [ RunTime:0.0013s ]
SQL: SELECT * FROM `think_comments` RIGHT JOIN think_users ON think_comments.name=think_users.user_name  WHERE ( blog_id=1 ) ORDER BY praise desc  [ RunTime:0.0022s ]
SQL: SELECT COUNT(*) AS tp_count FROM `think_comments` WHERE ( blog_id=1 ) LIMIT 1   [ RunTime:0.0008s ]

[ 2017-09-07T05:55:07+08:00 ] 69.58.178.56 /index.php/Home/Single-single-id-2.tpl
INFO: [ app_init ] --START--
INFO: Run Behavior\BuildLiteBehavior [ RunTime:0.000039s ]
INFO: [ app_init ] --END-- [ RunTime:0.000752s ]
NOTIC: [2] array_merge(): Argument #2 is not an array /webHome/host1709404/www/ThinkPHP/Library/Think/Hook.class.php 第 55 行.
NOTIC: [2] array_merge(): Argument #2 is not an array /webHome/host1709404/www/ThinkPHP/Library/Think/Hook.class.php 第 55 行.
NOTIC: [2] array_merge(): Argument #2 is not an array /webHome/host1709404/www/ThinkPHP/Library/Think/Hook.class.php 第 55 行.
NOTIC: [2] array_merge(): Argument #2 is not an array /webHome/host1709404/www/ThinkPHP/Library/Think/Hook.class.php 第 55 行.
INFO: [ app_begin ] --START--
INFO: Run Behavior\ReadHtmlCacheBehavior [ RunTime:0.000978s ]
INFO: Run Behavior\CheckLangBehavior [ RunTime:0.002082s ]
INFO: [ app_begin ] --END-- [ RunTime:0.003219s ]
SQL: SHOW COLUMNS FROM `think_blog` [ RunTime:0.0016s ]
SQL: SHOW COLUMNS FROM `think_comments` [ RunTime:0.0014s ]
SQL: SELECT * FROM `think_blog` WHERE ( blog_id=2 ) LIMIT 1   [ RunTime:0.0008s ]
SQL: SELECT * FROM `think_comments` RIGHT JOIN think_users ON think_comments.name=think_users.user_name  WHERE ( blog_id=2 ) ORDER BY praise desc  [ RunTime:0.0011s ]
SQL: SELECT COUNT(*) AS tp_count FROM `think_comments` WHERE ( blog_id=2 ) LIMIT 1   [ RunTime:0.0006s ]

[ 2017-09-07T05:55:09+08:00 ] 69.58.178.56 /index.php/Home/Single-single-id-3.tpl
INFO: [ app_init ] --START--
INFO: Run Behavior\BuildLiteBehavior [ RunTime:0.000048s ]
INFO: [ app_init ] --END-- [ RunTime:0.001178s ]
NOTIC: [2] array_merge(): Argument #2 is not an array /webHome/host1709404/www/ThinkPHP/Library/Think/Hook.class.php 第 55 行.
NOTIC: [2] array_merge(): Argument #2 is not an array /webHome/host1709404/www/ThinkPHP/Library/Think/Hook.class.php 第 55 行.
NOTIC: [2] array_merge(): Argument #2 is not an array /webHome/host1709404/www/ThinkPHP/Library/Think/Hook.class.php 第 55 行.
NOTIC: [2] array_merge(): Argument #2 is not an array /webHome/host1709404/www/ThinkPHP/Library/Think/Hook.class.php 第 55 行.
INFO: [ app_begin ] --START--
INFO: Run Behavior\ReadHtmlCacheBehavior [ RunTime:0.001602s ]
INFO: Run Behavior\CheckLangBehavior [ RunTime:0.002942s ]
INFO: [ app_begin ] --END-- [ RunTime:0.004807s ]
SQL: SHOW COLUMNS FROM `think_blog` [ RunTime:0.0024s ]
SQL: SHOW COLUMNS FROM `think_comments` [ RunTime:0.0023s ]
SQL: SELECT * FROM `think_blog` WHERE ( blog_id=3 ) LIMIT 1   [ RunTime:0.0012s ]
SQL: SELECT * FROM `think_comments` RIGHT JOIN think_users ON think_comments.name=think_users.user_name  WHERE ( blog_id=3 ) ORDER BY praise desc  [ RunTime:0.0021s ]
SQL: SELECT COUNT(*) AS tp_count FROM `think_comments` WHERE ( blog_id=3 ) LIMIT 1   [ RunTime:0.0008s ]

[ 2017-09-07T05:55:10+08:00 ] 69.58.178.56 /index.php/Home/Single-single-id-4.tpl
INFO: [ app_init ] --START--
INFO: Run Behavior\BuildLiteBehavior [ RunTime:0.000021s ]
INFO: [ app_init ] --END-- [ RunTime:0.000404s ]
NOTIC: [2] array_merge(): Argument #2 is not an array /webHome/host1709404/www/ThinkPHP/Library/Think/Hook.class.php 第 55 行.
NOTIC: [2] array_merge(): Argument #2 is not an array /webHome/host1709404/www/ThinkPHP/Library/Think/Hook.class.php 第 55 行.
NOTIC: [2] array_merge(): Argument #2 is not an array /webHome/host1709404/www/ThinkPHP/Library/Think/Hook.class.php 第 55 行.
NOTIC: [2] array_merge(): Argument #2 is not an array /webHome/host1709404/www/ThinkPHP/Library/Think/Hook.class.php 第 55 行.
INFO: [ app_begin ] --START--
INFO: Run Behavior\ReadHtmlCacheBehavior [ RunTime:0.000490s ]
INFO: Run Behavior\CheckLangBehavior [ RunTime:0.001008s ]
INFO: [ app_begin ] --END-- [ RunTime:0.001587s ]
SQL: SHOW COLUMNS FROM `think_blog` [ RunTime:0.0033s ]
SQL: SHOW COLUMNS FROM `think_comments` [ RunTime:0.0048s ]
SQL: SELECT * FROM `think_blog` WHERE ( blog_id=4 ) LIMIT 1   [ RunTime:0.0008s ]
SQL: SELECT * FROM `think_comments` RIGHT JOIN think_users ON think_comments.name=think_users.user_name  WHERE ( blog_id=4 ) ORDER BY praise desc  [ RunTime:0.0022s ]
SQL: SELECT COUNT(*) AS tp_count FROM `think_comments` WHERE ( blog_id=4 ) LIMIT 1   [ RunTime:0.0007s ]

[ 2017-09-07T20:47:01+08:00 ] 202.108.211.56 /
INFO: [ app_init ] --START--
INFO: Run Behavior\BuildLiteBehavior [ RunTime:0.000032s ]
INFO: [ app_init ] --END-- [ RunTime:0.000816s ]
NOTIC: [2] array_merge(): Argument #2 is not an array /webHome/host1709404/www/ThinkPHP/Library/Think/Hook.class.php 第 55 行.
NOTIC: [2] array_merge(): Argument #2 is not an array /webHome/host1709404/www/ThinkPHP/Library/Think/Hook.class.php 第 55 行.
NOTIC: [2] array_merge(): Argument #2 is not an array /webHome/host1709404/www/ThinkPHP/Library/Think/Hook.class.php 第 55 行.
NOTIC: [2] array_merge(): Argument #2 is not an array /webHome/host1709404/www/ThinkPHP/Library/Think/Hook.class.php 第 55 行.
INFO: [ app_begin ] --START--
INFO: Run Behavior\ReadHtmlCacheBehavior [ RunTime:0.001047s ]
INFO: Run Behavior\CheckLangBehavior [ RunTime:0.002599s ]
INFO: [ app_begin ] --END-- [ RunTime:0.003885s ]
SQL: SHOW COLUMNS FROM `think_blog` [ RunTime:0.0031s ]
SQL: SELECT * FROM `think_blog` LIMIT 4   [ RunTime:0.0009s ]
SQL: SELECT * FROM `think_blog` ORDER BY praise desc LIMIT 3   [ RunTime:0.0008s ]
SQL: SELECT * FROM `think_blog` ORDER BY blog_time desc LIMIT 3   [ RunTime:0.0009s ]
SQL: SHOW COLUMNS FROM `think_users` [ RunTime:0.0020s ]
SQL: SELECT `user_name`,`vip` FROM `think_users` ORDER BY vip desc LIMIT 5   [ RunTime:0.0007s ]
INFO: [ view_parse ] --START--
INFO: [ template_filter ] --START--
INFO: Run Behavior\ContentReplaceBehavior [ RunTime:0.000247s ]
INFO: [ template_filter ] --END-- [ RunTime:0.000420s ]
NOTIC: [8] Use of undefined constant blog_content - assumed 'blog_content' /webHome/host1709404/www/Application/Runtime/Cache/Home/2a94b8bda04ff446dcedd42276fc99ee.php 第 132 行.
NOTIC: [8] Use of undefined constant blog_content - assumed 'blog_content' /webHome/host1709404/www/Application/Runtime/Cache/Home/2a94b8bda04ff446dcedd42276fc99ee.php 第 143 行.
NOTIC: [8] Use of undefined constant user_name - assumed 'user_name' /webHome/host1709404/www/Application/Runtime/Cache/Home/2a94b8bda04ff446dcedd42276fc99ee.php 第 216 行.
NOTIC: [8] Use of undefined constant vip - assumed 'vip' /webHome/host1709404/www/Application/Runtime/Cache/Home/2a94b8bda04ff446dcedd42276fc99ee.php 第 217 行.
NOTIC: [8] Use of undefined constant user_name - assumed 'user_name' /webHome/host1709404/www/Application/Runtime/Cache/Home/2a94b8bda04ff446dcedd42276fc99ee.php 第 216 行.
NOTIC: [8] Use of undefined constant vip - assumed 'vip' /webHome/host1709404/www/Application/Runtime/Cache/Home/2a94b8bda04ff446dcedd42276fc99ee.php 第 217 行.
NOTIC: [8] Use of undefined constant user_name - assumed 'user_name' /webHome/host1709404/www/Application/Runtime/Cache/Home/2a94b8bda04ff446dcedd42276fc99ee.php 第 216 行.
NOTIC: [8] Use of undefined constant vip - assumed 'vip' /webHome/host1709404/www/Application/Runtime/Cache/Home/2a94b8bda04ff446dcedd42276fc99ee.php 第 217 行.
NOTIC: [8] Use of undefined constant user_name - assumed 'user_name' /webHome/host1709404/www/Application/Runtime/Cache/Home/2a94b8bda04ff446dcedd42276fc99ee.php 第 216 行.
NOTIC: [8] Use of undefined constant vip - assumed 'vip' /webHome/host1709404/www/Application/Runtime/Cache/Home/2a94b8bda04ff446dcedd42276fc99ee.php 第 217 行.
NOTIC: [8] Use of undefined constant user_name - assumed 'user_name' /webHome/host1709404/www/Application/Runtime/Cache/Home/2a94b8bda04ff446dcedd42276fc99ee.php 第 216 行.
NOTIC: [8] Use of undefined constant vip - assumed 'vip' /webHome/host1709404/www/Application/Runtime/Cache/Home/2a94b8bda04ff446dcedd42276fc99ee.php 第 217 行.
INFO: Run Behavior\ParseTemplateBehavior [ RunTime:0.053359s ]
INFO: [ view_parse ] --END-- [ RunTime:0.053472s ]
INFO: [ view_filter ] --START--
INFO: Run Behavior\WriteHtmlCacheBehavior [ RunTime:0.000536s ]
INFO: [ view_filter ] --END-- [ RunTime:0.000685s ]
INFO: [ app_end ] --START--
INFO: Run Behavior\ShowPageTraceBehavior [ RunTime:0.001073s ]
INFO: [ app_end ] --END-- [ RunTime:0.001159s ]

