[ 2017-10-29T00:02:36+08:00 ] 202.108.211.56 /
INFO: [ app_init ] --START--
INFO: Run Behavior\BuildLiteBehavior [ RunTime:0.000020s ]
INFO: [ app_init ] --END-- [ RunTime:0.000450s ]
NOTIC: [2] array_merge(): Argument #2 is not an array /webHome/host1709404/www/ThinkPHP/Library/Think/Hook.class.php 第 55 行.
NOTIC: [2] array_merge(): Argument #2 is not an array /webHome/host1709404/www/ThinkPHP/Library/Think/Hook.class.php 第 55 行.
NOTIC: [2] array_merge(): Argument #2 is not an array /webHome/host1709404/www/ThinkPHP/Library/Think/Hook.class.php 第 55 行.
NOTIC: [2] array_merge(): Argument #2 is not an array /webHome/host1709404/www/ThinkPHP/Library/Think/Hook.class.php 第 55 行.
INFO: [ app_begin ] --START--
INFO: Run Behavior\ReadHtmlCacheBehavior [ RunTime:0.000621s ]
INFO: Run Behavior\CheckLangBehavior [ RunTime:0.000937s ]
INFO: [ app_begin ] --END-- [ RunTime:0.001687s ]
SQL: SHOW COLUMNS FROM `think_blog` [ RunTime:0.0018s ]
SQL: SELECT * FROM `think_blog` LIMIT 4   [ RunTime:0.0006s ]
SQL: SELECT * FROM `think_blog` ORDER BY praise desc LIMIT 3   [ RunTime:0.0007s ]
SQL: SELECT * FROM `think_blog` ORDER BY blog_time desc LIMIT 3   [ RunTime:0.0006s ]
SQL: SHOW COLUMNS FROM `think_users` [ RunTime:0.0017s ]
SQL: SELECT `user_name`,`vip` FROM `think_users` ORDER BY vip desc LIMIT 5   [ RunTime:0.0006s ]
INFO: [ view_parse ] --START--
INFO: [ template_filter ] --START--
INFO: Run Behavior\ContentReplaceBehavior [ RunTime:0.000252s ]
INFO: [ template_filter ] --END-- [ RunTime:0.000380s ]
NOTIC: [8] Use of undefined constant blog_content - assumed 'blog_content' /webHome/host1709404/www/Application/Runtime/Cache/Home/2a94b8bda04ff446dcedd42276fc99ee.php 第 132 行.
NOTIC: [8] Use of undefined constant blog_content - assumed 'blog_content' /webHome/host1709404/www/Application/Runtime/Cache/Home/2a94b8bda04ff446dcedd42276fc99ee.php 第 143 行.
NOTIC: [8] Use of undefined constant user_name - assumed 'user_name' /webHome/host1709404/www/Application/Runtime/Cache/Home/2a94b8bda04ff446dcedd42276fc99ee.php 第 216 行.
NOTIC: [8] Use of undefined constant vip - assumed 'vip' /webHome/host1709404/www/Application/Runtime/Cache/Home/2a94b8bda04ff446dcedd42276fc99ee.php 第 217 行.
NOTIC: [8] Use of undefined constant user_name - assumed 'user_name' /webHome/host1709404/www/Application/Runtime/Cache/Home/2a94b8bda04ff446dcedd42276fc99ee.php 第 216 行.
NOTIC: [8] Use of undefined constant vip - assumed 'vip' /webHome/host1709404/www/Application/Runtime/Cache/Home/2a94b8bda04ff446dcedd42276fc99ee.php 第 217 行.
NOTIC: [8] Use of undefined constant user_name - assumed 'user_name' /webHome/host1709404/www/Application/Runtime/Cache/Home/2a94b8bda04ff446dcedd42276fc99ee.php 第 216 行.
NOTIC: [8] Use of undefined constant vip - assumed 'vip' /webHome/host1709404/www/Application/Runtime/Cache/Home/2a94b8bda04ff446dcedd42276fc99ee.php 第 217 行.
NOTIC: [8] Use of undefined constant user_name - assumed 'user_name' /webHome/host1709404/www/Application/Runtime/Cache/Home/2a94b8bda04ff446dcedd42276fc99ee.php 第 216 行.
NOTIC: [8] Use of undefined constant vip - assumed 'vip' /webHome/host1709404/www/Application/Runtime/Cache/Home/2a94b8bda04ff446dcedd42276fc99ee.php 第 217 行.
NOTIC: [8] Use of undefined constant user_name - assumed 'user_name' /webHome/host1709404/www/Application/Runtime/Cache/Home/2a94b8bda04ff446dcedd42276fc99ee.php 第 216 行.
NOTIC: [8] Use of undefined constant vip - assumed 'vip' /webHome/host1709404/www/Application/Runtime/Cache/Home/2a94b8bda04ff446dcedd42276fc99ee.php 第 217 行.
INFO: Run Behavior\ParseTemplateBehavior [ RunTime:0.073832s ]
INFO: [ view_parse ] --END-- [ RunTime:0.073925s ]
INFO: [ view_filter ] --START--
INFO: Run Behavior\WriteHtmlCacheBehavior [ RunTime:0.000553s ]
INFO: [ view_filter ] --END-- [ RunTime:0.000677s ]
INFO: [ app_end ] --START--
INFO: Run Behavior\ShowPageTraceBehavior [ RunTime:0.001539s ]
INFO: [ app_end ] --END-- [ RunTime:0.001678s ]

[ 2017-10-29T05:23:28+08:00 ] 198.204.244.90 /index.php/Home/Gallery-gallery.tpl
INFO: [ app_init ] --START--
INFO: Run Behavior\BuildLiteBehavior [ RunTime:0.000049s ]
INFO: [ app_init ] --END-- [ RunTime:0.001146s ]
NOTIC: [2] array_merge(): Argument #2 is not an array /webHome/host1709404/www/ThinkPHP/Library/Think/Hook.class.php 第 55 行.
NOTIC: [2] array_merge(): Argument #2 is not an array /webHome/host1709404/www/ThinkPHP/Library/Think/Hook.class.php 第 55 行.
NOTIC: [2] array_merge(): Argument #2 is not an array /webHome/host1709404/www/ThinkPHP/Library/Think/Hook.class.php 第 55 行.
NOTIC: [2] array_merge(): Argument #2 is not an array /webHome/host1709404/www/ThinkPHP/Library/Think/Hook.class.php 第 55 行.
INFO: [ app_begin ] --START--
INFO: Run Behavior\ReadHtmlCacheBehavior [ RunTime:0.001182s ]
INFO: Run Behavior\CheckLangBehavior [ RunTime:0.001907s ]
INFO: [ app_begin ] --END-- [ RunTime:0.003387s ]
INFO: [ view_parse ] --START--
INFO: [ template_filter ] --START--
INFO: Run Behavior\ContentReplaceBehavior [ RunTime:0.000192s ]
INFO: [ template_filter ] --END-- [ RunTime:0.000345s ]
INFO: Run Behavior\ParseTemplateBehavior [ RunTime:0.059016s ]
INFO: [ view_parse ] --END-- [ RunTime:0.059197s ]
INFO: [ view_filter ] --START--
INFO: Run Behavior\WriteHtmlCacheBehavior [ RunTime:0.000814s ]
INFO: [ view_filter ] --END-- [ RunTime:0.000946s ]
INFO: [ app_end ] --START--
INFO: Run Behavior\ShowPageTraceBehavior [ RunTime:0.001268s ]
INFO: [ app_end ] --END-- [ RunTime:0.001406s ]

[ 2017-10-29T06:40:26+08:00 ] 36.32.14.86 /
INFO: [ app_init ] --START--
INFO: Run Behavior\BuildLiteBehavior [ RunTime:0.000031s ]
INFO: [ app_init ] --END-- [ RunTime:0.000825s ]
NOTIC: [2] array_merge(): Argument #2 is not an array /webHome/host1709404/www/ThinkPHP/Library/Think/Hook.class.php 第 55 行.
NOTIC: [2] array_merge(): Argument #2 is not an array /webHome/host1709404/www/ThinkPHP/Library/Think/Hook.class.php 第 55 行.
NOTIC: [2] array_merge(): Argument #2 is not an array /webHome/host1709404/www/ThinkPHP/Library/Think/Hook.class.php 第 55 行.
NOTIC: [2] array_merge(): Argument #2 is not an array /webHome/host1709404/www/ThinkPHP/Library/Think/Hook.class.php 第 55 行.
INFO: [ app_begin ] --START--
INFO: Run Behavior\ReadHtmlCacheBehavior [ RunTime:0.001058s ]
INFO: Run Behavior\CheckLangBehavior [ RunTime:0.001833s ]
INFO: [ app_begin ] --END-- [ RunTime:0.003058s ]
SQL: SHOW COLUMNS FROM `think_blog` [ RunTime:0.0020s ]
SQL: SELECT * FROM `think_blog` LIMIT 4   [ RunTime:0.0014s ]
SQL: SELECT * FROM `think_blog` ORDER BY praise desc LIMIT 3   [ RunTime:0.0011s ]
SQL: SELECT * FROM `think_blog` ORDER BY blog_time desc LIMIT 3   [ RunTime:0.0009s ]
SQL: SHOW COLUMNS FROM `think_users` [ RunTime:0.0020s ]
SQL: SELECT `user_name`,`vip` FROM `think_users` ORDER BY vip desc LIMIT 5   [ RunTime:0.0007s ]
INFO: [ view_parse ] --START--
INFO: [ template_filter ] --START--
INFO: Run Behavior\ContentReplaceBehavior [ RunTime:0.000284s ]
INFO: [ template_filter ] --END-- [ RunTime:0.000455s ]
NOTIC: [8] Use of undefined constant blog_content - assumed 'blog_content' /webHome/host1709404/www/Application/Runtime/Cache/Home/2a94b8bda04ff446dcedd42276fc99ee.php 第 132 行.
NOTIC: [8] Use of undefined constant blog_content - assumed 'blog_content' /webHome/host1709404/www/Application/Runtime/Cache/Home/2a94b8bda04ff446dcedd42276fc99ee.php 第 143 行.
NOTIC: [8] Use of undefined constant user_name - assumed 'user_name' /webHome/host1709404/www/Application/Runtime/Cache/Home/2a94b8bda04ff446dcedd42276fc99ee.php 第 216 行.
NOTIC: [8] Use of undefined constant vip - assumed 'vip' /webHome/host1709404/www/Application/Runtime/Cache/Home/2a94b8bda04ff446dcedd42276fc99ee.php 第 217 行.
NOTIC: [8] Use of undefined constant user_name - assumed 'user_name' /webHome/host1709404/www/Application/Runtime/Cache/Home/2a94b8bda04ff446dcedd42276fc99ee.php 第 216 行.
NOTIC: [8] Use of undefined constant vip - assumed 'vip' /webHome/host1709404/www/Application/Runtime/Cache/Home/2a94b8bda04ff446dcedd42276fc99ee.php 第 217 行.
NOTIC: [8] Use of undefined constant user_name - assumed 'user_name' /webHome/host1709404/www/Application/Runtime/Cache/Home/2a94b8bda04ff446dcedd42276fc99ee.php 第 216 行.
NOTIC: [8] Use of undefined constant vip - assumed 'vip' /webHome/host1709404/www/Application/Runtime/Cache/Home/2a94b8bda04ff446dcedd42276fc99ee.php 第 217 行.
NOTIC: [8] Use of undefined constant user_name - assumed 'user_name' /webHome/host1709404/www/Application/Runtime/Cache/Home/2a94b8bda04ff446dcedd42276fc99ee.php 第 216 行.
NOTIC: [8] Use of undefined constant vip - assumed 'vip' /webHome/host1709404/www/Application/Runtime/Cache/Home/2a94b8bda04ff446dcedd42276fc99ee.php 第 217 行.
NOTIC: [8] Use of undefined constant user_name - assumed 'user_name' /webHome/host1709404/www/Application/Runtime/Cache/Home/2a94b8bda04ff446dcedd42276fc99ee.php 第 216 行.
NOTIC: [8] Use of undefined constant vip - assumed 'vip' /webHome/host1709404/www/Application/Runtime/Cache/Home/2a94b8bda04ff446dcedd42276fc99ee.php 第 217 行.
INFO: Run Behavior\ParseTemplateBehavior [ RunTime:0.068367s ]
INFO: [ view_parse ] --END-- [ RunTime:0.068541s ]
INFO: [ view_filter ] --START--
INFO: Run Behavior\WriteHtmlCacheBehavior [ RunTime:0.000781s ]
INFO: [ view_filter ] --END-- [ RunTime:0.000929s ]
INFO: [ app_end ] --START--
INFO: Run Behavior\ShowPageTraceBehavior [ RunTime:0.001609s ]
INFO: [ app_end ] --END-- [ RunTime:0.001766s ]

[ 2017-10-29T12:49:06+08:00 ] 202.173.11.239 /
INFO: [ app_init ] --START--
INFO: Run Behavior\BuildLiteBehavior [ RunTime:0.000029s ]
INFO: [ app_init ] --END-- [ RunTime:0.000777s ]
NOTIC: [2] array_merge(): Argument #2 is not an array /webHome/host1709404/www/ThinkPHP/Library/Think/Hook.class.php 第 55 行.
NOTIC: [2] array_merge(): Argument #2 is not an array /webHome/host1709404/www/ThinkPHP/Library/Think/Hook.class.php 第 55 行.
NOTIC: [2] array_merge(): Argument #2 is not an array /webHome/host1709404/www/ThinkPHP/Library/Think/Hook.class.php 第 55 行.
NOTIC: [2] array_merge(): Argument #2 is not an array /webHome/host1709404/www/ThinkPHP/Library/Think/Hook.class.php 第 55 行.
INFO: [ app_begin ] --START--
INFO: Run Behavior\ReadHtmlCacheBehavior [ RunTime:0.001019s ]
INFO: Run Behavior\CheckLangBehavior [ RunTime:0.001660s ]
INFO: [ app_begin ] --END-- [ RunTime:0.002859s ]
SQL: SHOW COLUMNS FROM `think_blog` [ RunTime:0.0025s ]
SQL: SELECT * FROM `think_blog` LIMIT 4   [ RunTime:0.0011s ]
SQL: SELECT * FROM `think_blog` ORDER BY praise desc LIMIT 3   [ RunTime:0.0009s ]
SQL: SELECT * FROM `think_blog` ORDER BY blog_time desc LIMIT 3   [ RunTime:0.0010s ]
SQL: SHOW COLUMNS FROM `think_users` [ RunTime:0.0029s ]
SQL: SELECT `user_name`,`vip` FROM `think_users` ORDER BY vip desc LIMIT 5   [ RunTime:0.0009s ]
INFO: [ view_parse ] --START--
INFO: [ template_filter ] --START--
INFO: Run Behavior\ContentReplaceBehavior [ RunTime:0.000358s ]
INFO: [ template_filter ] --END-- [ RunTime:0.000551s ]
NOTIC: [8] Use of undefined constant blog_content - assumed 'blog_content' /webHome/host1709404/www/Application/Runtime/Cache/Home/2a94b8bda04ff446dcedd42276fc99ee.php 第 132 行.
NOTIC: [8] Use of undefined constant blog_content - assumed 'blog_content' /webHome/host1709404/www/Application/Runtime/Cache/Home/2a94b8bda04ff446dcedd42276fc99ee.php 第 143 行.
NOTIC: [8] Use of undefined constant user_name - assumed 'user_name' /webHome/host1709404/www/Application/Runtime/Cache/Home/2a94b8bda04ff446dcedd42276fc99ee.php 第 216 行.
NOTIC: [8] Use of undefined constant vip - assumed 'vip' /webHome/host1709404/www/Application/Runtime/Cache/Home/2a94b8bda04ff446dcedd42276fc99ee.php 第 217 行.
NOTIC: [8] Use of undefined constant user_name - assumed 'user_name' /webHome/host1709404/www/Application/Runtime/Cache/Home/2a94b8bda04ff446dcedd42276fc99ee.php 第 216 行.
NOTIC: [8] Use of undefined constant vip - assumed 'vip' /webHome/host1709404/www/Application/Runtime/Cache/Home/2a94b8bda04ff446dcedd42276fc99ee.php 第 217 行.
NOTIC: [8] Use of undefined constant user_name - assumed 'user_name' /webHome/host1709404/www/Application/Runtime/Cache/Home/2a94b8bda04ff446dcedd42276fc99ee.php 第 216 行.
NOTIC: [8] Use of undefined constant vip - assumed 'vip' /webHome/host1709404/www/Application/Runtime/Cache/Home/2a94b8bda04ff446dcedd42276fc99ee.php 第 217 行.
NOTIC: [8] Use of undefined constant user_name - assumed 'user_name' /webHome/host1709404/www/Application/Runtime/Cache/Home/2a94b8bda04ff446dcedd42276fc99ee.php 第 216 行.
NOTIC: [8] Use of undefined constant vip - assumed 'vip' /webHome/host1709404/www/Application/Runtime/Cache/Home/2a94b8bda04ff446dcedd42276fc99ee.php 第 217 行.
NOTIC: [8] Use of undefined constant user_name - assumed 'user_name' /webHome/host1709404/www/Application/Runtime/Cache/Home/2a94b8bda04ff446dcedd42276fc99ee.php 第 216 行.
NOTIC: [8] Use of undefined constant vip - assumed 'vip' /webHome/host1709404/www/Application/Runtime/Cache/Home/2a94b8bda04ff446dcedd42276fc99ee.php 第 217 行.
INFO: Run Behavior\ParseTemplateBehavior [ RunTime:0.069651s ]
INFO: [ view_parse ] --END-- [ RunTime:0.069813s ]
INFO: [ view_filter ] --START--
INFO: Run Behavior\WriteHtmlCacheBehavior [ RunTime:0.000697s ]
INFO: [ view_filter ] --END-- [ RunTime:0.000837s ]
INFO: [ app_end ] --START--
INFO: Run Behavior\ShowPageTraceBehavior [ RunTime:0.001514s ]
INFO: [ app_end ] --END-- [ RunTime:0.001660s ]

[ 2017-10-29T16:04:45+08:00 ] 158.46.203.142 /
INFO: [ app_init ] --START--
INFO: Run Behavior\BuildLiteBehavior [ RunTime:0.000032s ]
INFO: [ app_init ] --END-- [ RunTime:0.000780s ]
NOTIC: [2] array_merge(): Argument #2 is not an array /webHome/host1709404/www/ThinkPHP/Library/Think/Hook.class.php 第 55 行.
NOTIC: [2] array_merge(): Argument #2 is not an array /webHome/host1709404/www/ThinkPHP/Library/Think/Hook.class.php 第 55 行.
NOTIC: [2] array_merge(): Argument #2 is not an array /webHome/host1709404/www/ThinkPHP/Library/Think/Hook.class.php 第 55 行.
NOTIC: [2] array_merge(): Argument #2 is not an array /webHome/host1709404/www/ThinkPHP/Library/Think/Hook.class.php 第 55 行.
INFO: [ app_begin ] --START--
INFO: Run Behavior\ReadHtmlCacheBehavior [ RunTime:0.001247s ]
INFO: Run Behavior\CheckLangBehavior [ RunTime:0.001513s ]
INFO: [ app_begin ] --END-- [ RunTime:0.002977s ]
SQL: SHOW COLUMNS FROM `think_blog` [ RunTime:0.0030s ]
SQL: SELECT * FROM `think_blog` LIMIT 4   [ RunTime:0.0013s ]
SQL: SELECT * FROM `think_blog` ORDER BY praise desc LIMIT 3   [ RunTime:0.0014s ]
SQL: SELECT * FROM `think_blog` ORDER BY blog_time desc LIMIT 3   [ RunTime:0.0009s ]
SQL: SHOW COLUMNS FROM `think_users` [ RunTime:0.0027s ]
SQL: SELECT `user_name`,`vip` FROM `think_users` ORDER BY vip desc LIMIT 5   [ RunTime:0.0015s ]
INFO: [ view_parse ] --START--
INFO: [ template_filter ] --START--
INFO: Run Behavior\ContentReplaceBehavior [ RunTime:0.000233s ]
INFO: [ template_filter ] --END-- [ RunTime:0.000342s ]
NOTIC: [8] Use of undefined constant blog_content - assumed 'blog_content' /webHome/host1709404/www/Application/Runtime/Cache/Home/2a94b8bda04ff446dcedd42276fc99ee.php 第 132 行.
NOTIC: [8] Use of undefined constant blog_content - assumed 'blog_content' /webHome/host1709404/www/Application/Runtime/Cache/Home/2a94b8bda04ff446dcedd42276fc99ee.php 第 143 行.
NOTIC: [8] Use of undefined constant user_name - assumed 'user_name' /webHome/host1709404/www/Application/Runtime/Cache/Home/2a94b8bda04ff446dcedd42276fc99ee.php 第 216 行.
NOTIC: [8] Use of undefined constant vip - assumed 'vip' /webHome/host1709404/www/Application/Runtime/Cache/Home/2a94b8bda04ff446dcedd42276fc99ee.php 第 217 行.
NOTIC: [8] Use of undefined constant user_name - assumed 'user_name' /webHome/host1709404/www/Application/Runtime/Cache/Home/2a94b8bda04ff446dcedd42276fc99ee.php 第 216 行.
NOTIC: [8] Use of undefined constant vip - assumed 'vip' /webHome/host1709404/www/Application/Runtime/Cache/Home/2a94b8bda04ff446dcedd42276fc99ee.php 第 217 行.
NOTIC: [8] Use of undefined constant user_name - assumed 'user_name' /webHome/host1709404/www/Application/Runtime/Cache/Home/2a94b8bda04ff446dcedd42276fc99ee.php 第 216 行.
NOTIC: [8] Use of undefined constant vip - assumed 'vip' /webHome/host1709404/www/Application/Runtime/Cache/Home/2a94b8bda04ff446dcedd42276fc99ee.php 第 217 行.
NOTIC: [8] Use of undefined constant user_name - assumed 'user_name' /webHome/host1709404/www/Application/Runtime/Cache/Home/2a94b8bda04ff446dcedd42276fc99ee.php 第 216 行.
NOTIC: [8] Use of undefined constant vip - assumed 'vip' /webHome/host1709404/www/Application/Runtime/Cache/Home/2a94b8bda04ff446dcedd42276fc99ee.php 第 217 行.
NOTIC: [8] Use of undefined constant user_name - assumed 'user_name' /webHome/host1709404/www/Application/Runtime/Cache/Home/2a94b8bda04ff446dcedd42276fc99ee.php 第 216 行.
NOTIC: [8] Use of undefined constant vip - assumed 'vip' /webHome/host1709404/www/Application/Runtime/Cache/Home/2a94b8bda04ff446dcedd42276fc99ee.php 第 217 行.
INFO: Run Behavior\ParseTemplateBehavior [ RunTime:0.048320s ]
INFO: [ view_parse ] --END-- [ RunTime:0.048503s ]
INFO: [ view_filter ] --START--
INFO: Run Behavior\WriteHtmlCacheBehavior [ RunTime:0.000787s ]
INFO: [ view_filter ] --END-- [ RunTime:0.000960s ]
INFO: [ app_end ] --START--
INFO: Run Behavior\ShowPageTraceBehavior [ RunTime:0.001663s ]
INFO: [ app_end ] --END-- [ RunTime:0.001800s ]

