[ 2017-09-07T03:48:51+08:00 ] 80.85.159.173 /admin/
INFO: [ app_init ] --START--
INFO: Run Behavior\BuildLiteBehavior [ RunTime:0.000033s ]
INFO: [ app_init ] --END-- [ RunTime:0.000710s ]
ERR: 无法加载模块:Admin

[ 2017-09-07T03:49:10+08:00 ] 80.85.159.173 /manager/
INFO: [ app_init ] --START--
INFO: Run Behavior\BuildLiteBehavior [ RunTime:0.000049s ]
INFO: [ app_init ] --END-- [ RunTime:0.000813s ]
ERR: 无法加载模块:Manager

[ 2017-09-07T03:49:13+08:00 ] 80.85.159.173 /admin/content/sitetree/
INFO: [ app_init ] --START--
INFO: Run Behavior\BuildLiteBehavior [ RunTime:0.000032s ]
INFO: [ app_init ] --END-- [ RunTime:0.000787s ]
ERR: 无法加载模块:Admin

[ 2017-09-07T03:49:16+08:00 ] 80.85.159.173 /simpla/
INFO: [ app_init ] --START--
INFO: Run Behavior\BuildLiteBehavior [ RunTime:0.000029s ]
INFO: [ app_init ] --END-- [ RunTime:0.000823s ]
ERR: 无法加载模块:Simpla

[ 2017-09-07T03:49:19+08:00 ] 80.85.159.173 /js/mage/cookies.js
INFO: [ app_init ] --START--
INFO: Run Behavior\BuildLiteBehavior [ RunTime:0.000031s ]
INFO: [ app_init ] --END-- [ RunTime:0.000773s ]
ERR: 无法加载模块:Js

[ 2017-09-07T05:54:33+08:00 ] 69.58.178.56 /robots.txt
INFO: [ app_init ] --START--
INFO: Run Behavior\BuildLiteBehavior [ RunTime:0.000036s ]
INFO: [ app_init ] --END-- [ RunTime:0.001183s ]
ERR: 无法加载模块:Robots

