[ 2017-07-26T10:17:49+08:00 ] 222.209.34.14 /favicon.ico
INFO: [ app_init ] --START--
INFO: Run Behavior\BuildLiteBehavior [ RunTime:0.000047s ]
INFO: [ app_init ] --END-- [ RunTime:0.001136s ]
ERR: 无法加载模块:Favicon

[ 2017-07-26T10:21:17+08:00 ] 222.209.34.14 /weixin/web/%7B%7Bmodule.logo%7D%7D
INFO: [ app_init ] --START--
INFO: Run Behavior\BuildLiteBehavior [ RunTime:0.000030s ]
INFO: [ app_init ] --END-- [ RunTime:0.000635s ]
ERR: 无法加载模块:Weixin

[ 2017-07-26T10:21:27+08:00 ] 222.209.34.14 /weixin/attachment/headimg_1.jpg?time=1501035687
INFO: [ app_init ] --START--
INFO: Run Behavior\BuildLiteBehavior [ RunTime:0.000044s ]
INFO: [ app_init ] --END-- [ RunTime:0.001089s ]
ERR: 无法加载模块:Weixin

[ 2017-07-26T10:21:46+08:00 ] 222.209.34.14 /weixin/attachment/headimg_1.jpg?time=1501035705
INFO: [ app_init ] --START--
INFO: Run Behavior\BuildLiteBehavior [ RunTime:0.000062s ]
INFO: [ app_init ] --END-- [ RunTime:0.000816s ]
ERR: 无法加载模块:Weixin

[ 2017-07-26T10:21:51+08:00 ] 222.209.34.14 /weixin/attachment/headimg_1.jpg?time=1501035711
INFO: [ app_init ] --START--
INFO: Run Behavior\BuildLiteBehavior [ RunTime:0.000032s ]
INFO: [ app_init ] --END-- [ RunTime:0.000872s ]
ERR: 无法加载模块:Weixin

[ 2017-07-26T10:21:55+08:00 ] 222.209.34.14 /weixin/attachment/headimg_1.jpg?time=1501035714
INFO: [ app_init ] --START--
INFO: Run Behavior\BuildLiteBehavior [ RunTime:0.000030s ]
INFO: [ app_init ] --END-- [ RunTime:0.000865s ]
ERR: 无法加载模块:Weixin

[ 2017-07-26T10:21:57+08:00 ] 222.209.34.14 /weixin/attachment/headimg_1.jpg
INFO: [ app_init ] --START--
INFO: Run Behavior\BuildLiteBehavior [ RunTime:0.000029s ]
INFO: [ app_init ] --END-- [ RunTime:0.000771s ]
ERR: 无法加载模块:Weixin

[ 2017-07-26T10:21:57+08:00 ] 222.209.34.14 /weixin/web/%7B%7Bother.qrcodeimgsrc%7D%7D
INFO: [ app_init ] --START--
INFO: Run Behavior\BuildLiteBehavior [ RunTime:0.000029s ]
INFO: [ app_init ] --END-- [ RunTime:0.000723s ]
ERR: 无法加载模块:Weixin

[ 2017-07-26T10:21:57+08:00 ] 222.209.34.14 /weixin/attachment/qrcode_1.jpg
INFO: [ app_init ] --START--
INFO: Run Behavior\BuildLiteBehavior [ RunTime:0.000047s ]
INFO: [ app_init ] --END-- [ RunTime:0.001172s ]
ERR: 无法加载模块:Weixin

[ 2017-07-26T10:21:57+08:00 ] 222.209.34.14 /weixin/web/resource/components/datetimepicker/jquery.datetimepicker.css?v=20170706
INFO: [ app_init ] --START--
INFO: Run Behavior\BuildLiteBehavior [ RunTime:0.000058s ]
INFO: [ app_init ] --END-- [ RunTime:0.000790s ]
ERR: 无法加载模块:Weixin

[ 2017-07-26T10:21:57+08:00 ] 222.209.34.14 /weixin/web/resource/components/datetimepicker/jquery.datetimepicker.js?v=20170706
INFO: [ app_init ] --START--
INFO: Run Behavior\BuildLiteBehavior [ RunTime:0.000081s ]
INFO: [ app_init ] --END-- [ RunTime:0.001227s ]
ERR: 无法加载模块:Weixin

[ 2017-07-26T10:27:24+08:00 ] 222.209.34.14 /weixin/attachment/headimg_1.jpg?time=1501036044
INFO: [ app_init ] --START--
INFO: Run Behavior\BuildLiteBehavior [ RunTime:0.000037s ]
INFO: [ app_init ] --END-- [ RunTime:0.000794s ]
ERR: 无法加载模块:Weixin

[ 2017-07-26T10:37:32+08:00 ] 222.209.34.14 /weixin/attachment/headimg_1.jpg?time=1501036652
INFO: [ app_init ] --START--
INFO: Run Behavior\BuildLiteBehavior [ RunTime:0.000048s ]
INFO: [ app_init ] --END-- [ RunTime:0.000668s ]
ERR: 无法加载模块:Weixin

[ 2017-07-26T10:37:35+08:00 ] 222.209.34.14 /weixin/attachment/headimg_1.jpg
INFO: [ app_init ] --START--
INFO: Run Behavior\BuildLiteBehavior [ RunTime:0.000046s ]
INFO: [ app_init ] --END-- [ RunTime:0.001167s ]
ERR: 无法加载模块:Weixin

[ 2017-07-26T10:37:35+08:00 ] 222.209.34.14 /weixin/web/%7B%7Bother.qrcodeimgsrc%7D%7D
INFO: [ app_init ] --START--
INFO: Run Behavior\BuildLiteBehavior [ RunTime:0.000094s ]
INFO: [ app_init ] --END-- [ RunTime:0.001389s ]
ERR: 无法加载模块:Weixin

[ 2017-07-26T10:37:35+08:00 ] 222.209.34.14 /weixin/attachment/qrcode_1.jpg
INFO: [ app_init ] --START--
INFO: Run Behavior\BuildLiteBehavior [ RunTime:0.000049s ]
INFO: [ app_init ] --END-- [ RunTime:0.001207s ]
ERR: 无法加载模块:Weixin

[ 2017-07-26T10:37:35+08:00 ] 222.209.34.14 /weixin/web/resource/components/datetimepicker/jquery.datetimepicker.css?v=20170706
INFO: [ app_init ] --START--
INFO: Run Behavior\BuildLiteBehavior [ RunTime:0.000033s ]
INFO: [ app_init ] --END-- [ RunTime:0.000854s ]
ERR: 无法加载模块:Weixin

[ 2017-07-26T10:37:35+08:00 ] 222.209.34.14 /weixin/web/resource/components/datetimepicker/jquery.datetimepicker.js?v=20170706
INFO: [ app_init ] --START--
INFO: Run Behavior\BuildLiteBehavior [ RunTime:0.000032s ]
INFO: [ app_init ] --END-- [ RunTime:0.000837s ]
ERR: 无法加载模块:Weixin

[ 2017-07-26T10:38:58+08:00 ] 222.209.34.14 /weixin/web/resource/components/webuploader/webuploader.min.js?v=20170706
INFO: [ app_init ] --START--
INFO: Run Behavior\BuildLiteBehavior [ RunTime:0.000016s ]
INFO: [ app_init ] --END-- [ RunTime:0.000435s ]
ERR: 无法加载模块:Weixin

[ 2017-07-26T10:38:58+08:00 ] 222.209.34.14 /weixin/web/resource/components/jplayer/jquery.jplayer.min.js?v=20170706
INFO: [ app_init ] --START--
INFO: Run Behavior\BuildLiteBehavior [ RunTime:0.000017s ]
INFO: [ app_init ] --END-- [ RunTime:0.000403s ]
ERR: 无法加载模块:Weixin

[ 2017-07-26T10:38:58+08:00 ] 222.209.34.14 /weixin/web/resource/components/webuploader/style.css?v=20170706
INFO: [ app_init ] --START--
INFO: Run Behavior\BuildLiteBehavior [ RunTime:0.000021s ]
INFO: [ app_init ] --END-- [ RunTime:0.000521s ]
ERR: 无法加载模块:Weixin

[ 2017-07-26T10:38:58+08:00 ] 222.209.34.14 /weixin/web/resource/components/webuploader/webuploader.css?v=20170706
INFO: [ app_init ] --START--
INFO: Run Behavior\BuildLiteBehavior [ RunTime:0.000023s ]
INFO: [ app_init ] --END-- [ RunTime:0.000601s ]
ERR: 无法加载模块:Weixin

[ 2017-07-26T10:39:28+08:00 ] 222.209.34.14 /favicon.ico
INFO: [ app_init ] --START--
INFO: Run Behavior\BuildLiteBehavior [ RunTime:0.000042s ]
INFO: [ app_init ] --END-- [ RunTime:0.000991s ]
ERR: 无法加载模块:Favicon

[ 2017-07-26T10:39:28+08:00 ] 222.209.34.14 /favicon.ico
INFO: [ app_init ] --START--
INFO: Run Behavior\BuildLiteBehavior [ RunTime:0.000084s ]
INFO: [ app_init ] --END-- [ RunTime:0.001109s ]
ERR: 无法加载模块:Favicon

[ 2017-07-26T10:39:45+08:00 ] 222.209.34.14 /weixin/web/%7B%7Bmodule.logo%7D%7D
INFO: [ app_init ] --START--
INFO: Run Behavior\BuildLiteBehavior [ RunTime:0.000041s ]
INFO: [ app_init ] --END-- [ RunTime:0.001058s ]
ERR: 无法加载模块:Weixin

[ 2017-07-26T10:40:26+08:00 ] 222.209.34.14 /weixin/web/resource/components/webuploader/webuploader.min.js?v=20170706
INFO: [ app_init ] --START--
INFO: Run Behavior\BuildLiteBehavior [ RunTime:0.000033s ]
INFO: [ app_init ] --END-- [ RunTime:0.000769s ]
ERR: 无法加载模块:Weixin

[ 2017-07-26T10:40:26+08:00 ] 222.209.34.14 /weixin/web/resource/components/jplayer/jquery.jplayer.min.js?v=20170706
INFO: [ app_init ] --START--
INFO: Run Behavior\BuildLiteBehavior [ RunTime:0.000040s ]
INFO: [ app_init ] --END-- [ RunTime:0.000880s ]
ERR: 无法加载模块:Weixin

[ 2017-07-26T10:40:26+08:00 ] 222.209.34.14 /weixin/web/resource/components/webuploader/webuploader.css?v=20170706
INFO: [ app_init ] --START--
INFO: Run Behavior\BuildLiteBehavior [ RunTime:0.000041s ]
INFO: [ app_init ] --END-- [ RunTime:0.001038s ]
ERR: 无法加载模块:Weixin

[ 2017-07-26T10:40:26+08:00 ] 222.209.34.14 /weixin/web/resource/components/webuploader/style.css?v=20170706
INFO: [ app_init ] --START--
INFO: Run Behavior\BuildLiteBehavior [ RunTime:0.000028s ]
INFO: [ app_init ] --END-- [ RunTime:0.000802s ]
ERR: 无法加载模块:Weixin

[ 2017-07-26T10:41:43+08:00 ] 222.209.34.14 /weixin/web/resource/components/webuploader/webuploader.min.js?v=20170706
INFO: [ app_init ] --START--
INFO: Run Behavior\BuildLiteBehavior [ RunTime:0.000046s ]
INFO: [ app_init ] --END-- [ RunTime:0.001131s ]
ERR: 无法加载模块:Weixin

[ 2017-07-26T10:41:43+08:00 ] 222.209.34.14 /weixin/web/resource/components/jplayer/jquery.jplayer.min.js?v=20170706
INFO: [ app_init ] --START--
INFO: Run Behavior\BuildLiteBehavior [ RunTime:0.000061s ]
INFO: [ app_init ] --END-- [ RunTime:0.000822s ]
ERR: 无法加载模块:Weixin

[ 2017-07-26T10:41:43+08:00 ] 222.209.34.14 /weixin/web/resource/components/webuploader/webuploader.css?v=20170706
INFO: [ app_init ] --START--
INFO: Run Behavior\BuildLiteBehavior [ RunTime:0.000085s ]
INFO: [ app_init ] --END-- [ RunTime:0.001057s ]
ERR: 无法加载模块:Weixin

[ 2017-07-26T10:41:43+08:00 ] 222.209.34.14 /weixin/web/resource/components/webuploader/style.css?v=20170706
INFO: [ app_init ] --START--
INFO: Run Behavior\BuildLiteBehavior [ RunTime:0.000042s ]
INFO: [ app_init ] --END-- [ RunTime:0.001273s ]
ERR: 无法加载模块:Weixin

[ 2017-07-26T11:18:03+08:00 ] 222.209.34.14 /weixin/web/connect.php
INFO: [ app_init ] --START--
INFO: Run Behavior\BuildLiteBehavior [ RunTime:0.000030s ]
INFO: [ app_init ] --END-- [ RunTime:0.000834s ]
ERR: 无法加载模块:Weixin

[ 2017-07-26T13:14:46+08:00 ] 222.211.207.24 /weixin/web/resource/components/jplayer/jquery.jplayer.min.js?v=20170719
INFO: [ app_init ] --START--
INFO: Run Behavior\BuildLiteBehavior [ RunTime:0.000033s ]
INFO: [ app_init ] --END-- [ RunTime:0.000802s ]
ERR: 无法加载模块:Weixin

[ 2017-07-26T13:50:30+08:00 ] 222.211.207.24 /weixin/web/%7B%7Bmodule.logo%7D%7D
INFO: [ app_init ] --START--
INFO: Run Behavior\BuildLiteBehavior [ RunTime:0.000050s ]
INFO: [ app_init ] --END-- [ RunTime:0.001259s ]
ERR: 无法加载模块:Weixin

[ 2017-07-26T14:02:56+08:00 ] 222.211.207.24 /weixin/web/%7B%7Bmodule.logo%7D%7D
INFO: [ app_init ] --START--
INFO: Run Behavior\BuildLiteBehavior [ RunTime:0.000038s ]
INFO: [ app_init ] --END-- [ RunTime:0.000800s ]
ERR: 无法加载模块:Weixin

[ 2017-07-26T14:08:58+08:00 ] 222.211.207.24 /weixin/web/%7B%7Buser.avatar%7D%7D
INFO: [ app_init ] --START--
INFO: Run Behavior\BuildLiteBehavior [ RunTime:0.000032s ]
INFO: [ app_init ] --END-- [ RunTime:0.000761s ]
ERR: 无法加载模块:Weixin

[ 2017-07-26T14:09:36+08:00 ] 222.211.207.24 /weixin/web/%7B%7Buser.avatar%7D%7D
INFO: [ app_init ] --START--
INFO: Run Behavior\BuildLiteBehavior [ RunTime:0.000029s ]
INFO: [ app_init ] --END-- [ RunTime:0.000706s ]
ERR: 无法加载模块:Weixin

[ 2017-07-26T14:09:40+08:00 ] 222.211.207.24 /weixin/web/%7B%7Buser.avatar%7D%7D
INFO: [ app_init ] --START--
INFO: Run Behavior\BuildLiteBehavior [ RunTime:0.000032s ]
INFO: [ app_init ] --END-- [ RunTime:0.000685s ]
ERR: 无法加载模块:Weixin

[ 2017-07-26T14:09:41+08:00 ] 222.211.207.24 /weixin/web/%7B%7Buser.avatar%7D%7D
INFO: [ app_init ] --START--
INFO: Run Behavior\BuildLiteBehavior [ RunTime:0.000028s ]
INFO: [ app_init ] --END-- [ RunTime:0.000743s ]
ERR: 无法加载模块:Weixin

[ 2017-07-26T14:11:27+08:00 ] 222.211.207.24 /weixin/web/%7B%7B%20module.logo%20%7D%7D
INFO: [ app_init ] --START--
INFO: Run Behavior\BuildLiteBehavior [ RunTime:0.000032s ]
INFO: [ app_init ] --END-- [ RunTime:0.000866s ]
ERR: 无法加载模块:Weixin

[ 2017-07-26T14:11:40+08:00 ] 222.211.207.24 /wechat/web/index.php?c=cloud&a=profile&
INFO: [ app_init ] --START--
INFO: Run Behavior\BuildLiteBehavior [ RunTime:0.000030s ]
INFO: [ app_init ] --END-- [ RunTime:0.000634s ]
ERR: 无法加载模块:Wechat

[ 2017-07-26T14:11:40+08:00 ] 222.211.207.24 /favicon.ico
INFO: [ app_init ] --START--
INFO: Run Behavior\BuildLiteBehavior [ RunTime:0.000032s ]
INFO: [ app_init ] --END-- [ RunTime:0.000719s ]
ERR: 无法加载模块:Favicon

[ 2017-07-26T14:12:13+08:00 ] 222.211.207.24 /weixin/web/%7B%7Buser.avatar%7D%7D
INFO: [ app_init ] --START--
INFO: Run Behavior\BuildLiteBehavior [ RunTime:0.000043s ]
INFO: [ app_init ] --END-- [ RunTime:0.000767s ]
ERR: 无法加载模块:Weixin

[ 2017-07-26T14:12:30+08:00 ] 222.211.207.24 /web/index.php?c=cloud&a=profile&
INFO: [ app_init ] --START--
INFO: Run Behavior\BuildLiteBehavior [ RunTime:0.000033s ]
INFO: [ app_init ] --END-- [ RunTime:0.000832s ]
ERR: 无法加载模块:Web

[ 2017-07-26T14:12:41+08:00 ] 222.211.207.24 /web/
INFO: [ app_init ] --START--
INFO: Run Behavior\BuildLiteBehavior [ RunTime:0.000057s ]
INFO: [ app_init ] --END-- [ RunTime:0.001537s ]
ERR: 无法加载模块:Web

[ 2017-07-26T14:13:07+08:00 ] 222.211.207.24 /weixin/web/%7B%7Bother.qrcodeimgsrc%7D%7D
INFO: [ app_init ] --START--
INFO: Run Behavior\BuildLiteBehavior [ RunTime:0.000045s ]
INFO: [ app_init ] --END-- [ RunTime:0.001170s ]
ERR: 无法加载模块:Weixin

[ 2017-07-26T14:14:28+08:00 ] 222.211.207.24 /weixin/web/%7B%7Bother.qrcodeimgsrc%7D%7D
INFO: [ app_init ] --START--
INFO: Run Behavior\BuildLiteBehavior [ RunTime:0.000051s ]
INFO: [ app_init ] --END-- [ RunTime:0.001317s ]
ERR: 无法加载模块:Weixin

[ 2017-07-26T14:14:47+08:00 ] 222.211.207.24 /Public/images/loading.gif
INFO: [ app_init ] --START--
INFO: Run Behavior\BuildLiteBehavior [ RunTime:0.000031s ]
INFO: [ app_init ] --END-- [ RunTime:0.000799s ]
ERR: 无法加载模块:Public

[ 2017-07-26T14:16:00+08:00 ] 222.211.207.24 /Public/images/loading.gif
INFO: [ app_init ] --START--
INFO: Run Behavior\BuildLiteBehavior [ RunTime:0.000032s ]
INFO: [ app_init ] --END-- [ RunTime:0.000698s ]
ERR: 无法加载模块:Public

[ 2017-07-26T14:16:21+08:00 ] 222.211.207.24 /Public/images/loading.gif
INFO: [ app_init ] --START--
INFO: Run Behavior\BuildLiteBehavior [ RunTime:0.000029s ]
INFO: [ app_init ] --END-- [ RunTime:0.000719s ]
ERR: 无法加载模块:Public

[ 2017-07-26T14:17:53+08:00 ] 222.211.207.24 /weixin/web/%7B%7Bother.qrcodeimgsrc%7D%7D
INFO: [ app_init ] --START--
INFO: Run Behavior\BuildLiteBehavior [ RunTime:0.000045s ]
INFO: [ app_init ] --END-- [ RunTime:0.001156s ]
ERR: 无法加载模块:Weixin

[ 2017-07-26T14:18:13+08:00 ] 222.211.207.24 /weixin/web/%7B%7Bother.qrcodeimgsrc%7D%7D
INFO: [ app_init ] --START--
INFO: Run Behavior\BuildLiteBehavior [ RunTime:0.000076s ]
INFO: [ app_init ] --END-- [ RunTime:0.000867s ]
ERR: 无法加载模块:Weixin

[ 2017-07-26T14:18:45+08:00 ] 222.211.207.24 /weixin/web/%7B%7Bmodule.logo%7D%7D
INFO: [ app_init ] --START--
INFO: Run Behavior\BuildLiteBehavior [ RunTime:0.000039s ]
INFO: [ app_init ] --END-- [ RunTime:0.000779s ]
ERR: 无法加载模块:Weixin

[ 2017-07-26T14:26:27+08:00 ] 222.211.207.24 /weixin/web/%7B%7Bmodule.logo%7D%7D
INFO: [ app_init ] --START--
INFO: Run Behavior\BuildLiteBehavior [ RunTime:0.000044s ]
INFO: [ app_init ] --END-- [ RunTime:0.000862s ]
ERR: 无法加载模块:Weixin

[ 2017-07-26T14:58:05+08:00 ] 222.211.207.24 /Public/images/loading.gif
INFO: [ app_init ] --START--
INFO: Run Behavior\BuildLiteBehavior [ RunTime:0.000032s ]
INFO: [ app_init ] --END-- [ RunTime:0.000913s ]
ERR: 无法加载模块:Public

[ 2017-07-26T14:58:12+08:00 ] 222.211.207.24 /Public/images/loading.gif
INFO: [ app_init ] --START--
INFO: Run Behavior\BuildLiteBehavior [ RunTime:0.000032s ]
INFO: [ app_init ] --END-- [ RunTime:0.000835s ]
ERR: 无法加载模块:Public

[ 2017-07-26T14:58:21+08:00 ] 222.211.207.24 /Public/images/loading.gif
INFO: [ app_init ] --START--
INFO: Run Behavior\BuildLiteBehavior [ RunTime:0.000029s ]
INFO: [ app_init ] --END-- [ RunTime:0.000769s ]
ERR: 无法加载模块:Public

[ 2017-07-26T14:58:29+08:00 ] 222.211.207.24 /Public/images/loading.gif
INFO: [ app_init ] --START--
INFO: Run Behavior\BuildLiteBehavior [ RunTime:0.000054s ]
INFO: [ app_init ] --END-- [ RunTime:0.000813s ]
ERR: 无法加载模块:Public

[ 2017-07-26T14:58:32+08:00 ] 222.211.207.24 /Public/images/loading.gif
INFO: [ app_init ] --START--
INFO: Run Behavior\BuildLiteBehavior [ RunTime:0.000036s ]
INFO: [ app_init ] --END-- [ RunTime:0.000895s ]
ERR: 无法加载模块:Public

[ 2017-07-26T14:58:38+08:00 ] 222.211.207.24 /Public/images/loading.gif
INFO: [ app_init ] --START--
INFO: Run Behavior\BuildLiteBehavior [ RunTime:0.000033s ]
INFO: [ app_init ] --END-- [ RunTime:0.000930s ]
ERR: 无法加载模块:Public

[ 2017-07-26T15:29:57+08:00 ] 222.211.207.24 /weixin/web/%7B%7Buser.avatar%7D%7D
INFO: [ app_init ] --START--
INFO: Run Behavior\BuildLiteBehavior [ RunTime:0.000045s ]
INFO: [ app_init ] --END-- [ RunTime:0.001147s ]
ERR: 无法加载模块:Weixin

[ 2017-07-26T15:41:30+08:00 ] 222.211.207.24 /weixin/web/%7B%7Bother.qrcodeimgsrc%7D%7D
INFO: [ app_init ] --START--
INFO: Run Behavior\BuildLiteBehavior [ RunTime:0.000033s ]
INFO: [ app_init ] --END-- [ RunTime:0.000764s ]
ERR: 无法加载模块:Weixin

[ 2017-07-26T15:51:20+08:00 ] 222.211.207.24 /weixin/web/%7B%7Bother.qrcodeimgsrc%7D%7D
INFO: [ app_init ] --START--
INFO: Run Behavior\BuildLiteBehavior [ RunTime:0.000055s ]
INFO: [ app_init ] --END-- [ RunTime:0.000717s ]
ERR: 无法加载模块:Weixin

[ 2017-07-26T15:55:55+08:00 ] 222.211.207.24 /weixin/web/%7B%7Bmodule.logo%7D%7D
INFO: [ app_init ] --START--
INFO: Run Behavior\BuildLiteBehavior [ RunTime:0.000038s ]
INFO: [ app_init ] --END-- [ RunTime:0.001145s ]
ERR: 无法加载模块:Weixin

[ 2017-07-26T16:07:13+08:00 ] 222.211.207.24 /weixin/web/%7B%7Bother.qrcodeimgsrc%7D%7D
INFO: [ app_init ] --START--
INFO: Run Behavior\BuildLiteBehavior [ RunTime:0.000031s ]
INFO: [ app_init ] --END-- [ RunTime:0.000791s ]
ERR: 无法加载模块:Weixin

[ 2017-07-26T16:07:35+08:00 ] 222.211.207.24 /weixin/web/%7B%7Bother.qrcodeimgsrc%7D%7D
INFO: [ app_init ] --START--
INFO: Run Behavior\BuildLiteBehavior [ RunTime:0.000030s ]
INFO: [ app_init ] --END-- [ RunTime:0.000905s ]
ERR: 无法加载模块:Weixin

[ 2017-07-26T16:07:46+08:00 ] 222.211.207.24 /weixin/web/%7B%7Bother.qrcodeimgsrc%7D%7D
INFO: [ app_init ] --START--
INFO: Run Behavior\BuildLiteBehavior [ RunTime:0.000033s ]
INFO: [ app_init ] --END-- [ RunTime:0.000770s ]
ERR: 无法加载模块:Weixin

[ 2017-07-26T16:08:12+08:00 ] 222.211.207.24 /weixin/web/%7B%7Bother.qrcodeimgsrc%7D%7D
INFO: [ app_init ] --START--
INFO: Run Behavior\BuildLiteBehavior [ RunTime:0.000037s ]
INFO: [ app_init ] --END-- [ RunTime:0.000975s ]
ERR: 无法加载模块:Weixin

[ 2017-07-26T16:24:41+08:00 ] 222.211.207.24 /weixin/web/resource/css/wxapp-icon.css
INFO: [ app_init ] --START--
INFO: Run Behavior\BuildLiteBehavior [ RunTime:0.000051s ]
INFO: [ app_init ] --END-- [ RunTime:0.001407s ]
ERR: 无法加载模块:Weixin

[ 2017-07-26T16:24:44+08:00 ] 222.211.207.24 /weixin/web/resource/css/wxapp-icon.css
INFO: [ app_init ] --START--
INFO: Run Behavior\BuildLiteBehavior [ RunTime:0.000033s ]
INFO: [ app_init ] --END-- [ RunTime:0.000870s ]
ERR: 无法加载模块:Weixin

[ 2017-07-26T16:26:37+08:00 ] 222.211.207.24 /weixin/attachment/headimg_4.jpg?time=1501057597
INFO: [ app_init ] --START--
INFO: Run Behavior\BuildLiteBehavior [ RunTime:0.000032s ]
INFO: [ app_init ] --END-- [ RunTime:0.000775s ]
ERR: 无法加载模块:Weixin

[ 2017-07-26T16:26:58+08:00 ] 222.211.207.24 /weixin/attachment/headimg_0.jpg
INFO: [ app_init ] --START--
INFO: Run Behavior\BuildLiteBehavior [ RunTime:0.000046s ]
INFO: [ app_init ] --END-- [ RunTime:0.001184s ]
ERR: 无法加载模块:Weixin

[ 2017-07-26T16:26:58+08:00 ] 222.211.207.24 /weixin/web/%7B%7Bmodule.logo%7D%7D
INFO: [ app_init ] --START--
INFO: Run Behavior\BuildLiteBehavior [ RunTime:0.000030s ]
INFO: [ app_init ] --END-- [ RunTime:0.000791s ]
ERR: 无法加载模块:Weixin

[ 2017-07-26T16:27:01+08:00 ] 222.211.207.24 /weixin/attachment/headimg_4.jpg?time=1501057621
INFO: [ app_init ] --START--
INFO: Run Behavior\BuildLiteBehavior [ RunTime:0.000030s ]
INFO: [ app_init ] --END-- [ RunTime:0.000674s ]
ERR: 无法加载模块:Weixin

[ 2017-07-26T16:27:10+08:00 ] 222.211.207.24 /weixin/attachment/headimg_4.jpg?time=1501057630
INFO: [ app_init ] --START--
INFO: Run Behavior\BuildLiteBehavior [ RunTime:0.000029s ]
INFO: [ app_init ] --END-- [ RunTime:0.000663s ]
ERR: 无法加载模块:Weixin

[ 2017-07-26T16:27:17+08:00 ] 222.211.207.24 /weixin/attachment/headimg_4.jpg?time=1501057637
INFO: [ app_init ] --START--
INFO: Run Behavior\BuildLiteBehavior [ RunTime:0.000032s ]
INFO: [ app_init ] --END-- [ RunTime:0.001031s ]
ERR: 无法加载模块:Weixin

[ 2017-07-26T16:27:19+08:00 ] 222.211.207.24 /weixin/attachment/headimg_4.jpg?time=1501057639
INFO: [ app_init ] --START--
INFO: Run Behavior\BuildLiteBehavior [ RunTime:0.000032s ]
INFO: [ app_init ] --END-- [ RunTime:0.000701s ]
ERR: 无法加载模块:Weixin

[ 2017-07-26T16:27:19+08:00 ] 222.211.207.24 /weixin/attachment/headimg_.jpg?time=1501057639
INFO: [ app_init ] --START--
INFO: Run Behavior\BuildLiteBehavior [ RunTime:0.000033s ]
INFO: [ app_init ] --END-- [ RunTime:0.000757s ]
ERR: 无法加载模块:Weixin

[ 2017-07-26T16:27:21+08:00 ] 222.211.207.24 /weixin/attachment/headimg_4.jpg?time=1501057641
INFO: [ app_init ] --START--
INFO: Run Behavior\BuildLiteBehavior [ RunTime:0.000031s ]
INFO: [ app_init ] --END-- [ RunTime:0.000729s ]
ERR: 无法加载模块:Weixin

[ 2017-07-26T16:27:25+08:00 ] 222.211.207.24 /weixin/attachment/headimg_0.jpg
INFO: [ app_init ] --START--
INFO: Run Behavior\BuildLiteBehavior [ RunTime:0.000032s ]
INFO: [ app_init ] --END-- [ RunTime:0.000730s ]
ERR: 无法加载模块:Weixin

[ 2017-07-26T16:27:25+08:00 ] 222.211.207.24 /weixin/web/%7B%7Bmodule.logo%7D%7D
INFO: [ app_init ] --START--
INFO: Run Behavior\BuildLiteBehavior [ RunTime:0.000033s ]
INFO: [ app_init ] --END-- [ RunTime:0.000727s ]
ERR: 无法加载模块:Weixin

[ 2017-07-26T16:27:28+08:00 ] 222.211.207.24 /weixin/attachment/headimg_4.jpg
INFO: [ app_init ] --START--
INFO: Run Behavior\BuildLiteBehavior [ RunTime:0.000029s ]
INFO: [ app_init ] --END-- [ RunTime:0.000736s ]
ERR: 无法加载模块:Weixin

[ 2017-07-26T16:27:31+08:00 ] 222.211.207.24 /weixin/attachment/headimg_4.jpg
INFO: [ app_init ] --START--
INFO: Run Behavior\BuildLiteBehavior [ RunTime:0.000031s ]
INFO: [ app_init ] --END-- [ RunTime:0.000713s ]
ERR: 无法加载模块:Weixin

[ 2017-07-26T16:27:31+08:00 ] 222.211.207.24 /weixin/web/%7B%7Bother.qrcodeimgsrc%7D%7D
INFO: [ app_init ] --START--
INFO: Run Behavior\BuildLiteBehavior [ RunTime:0.000037s ]
INFO: [ app_init ] --END-- [ RunTime:0.000651s ]
ERR: 无法加载模块:Weixin

[ 2017-07-26T16:27:31+08:00 ] 222.211.207.24 /weixin/attachment/qrcode_4.jpg
INFO: [ app_init ] --START--
INFO: Run Behavior\BuildLiteBehavior [ RunTime:0.000030s ]
INFO: [ app_init ] --END-- [ RunTime:0.000828s ]
ERR: 无法加载模块:Weixin

