[ 2017-11-18T20:54:17+08:00 ] 104.192.74.24 /robots.txt
INFO: [ app_init ] --START--
INFO: Run Behavior\BuildLiteBehavior [ RunTime:0.000069s ]
INFO: [ app_init ] --END-- [ RunTime:0.006687s ]
ERR: 无法加载模块:Robots

[ 2017-11-18T21:14:15+08:00 ] 5.188.203.23 /wp-admin/admin-ajax.php
INFO: [ app_init ] --START--
INFO: Run Behavior\BuildLiteBehavior [ RunTime:0.000041s ]
INFO: [ app_init ] --END-- [ RunTime:0.001149s ]
ERR: 无法加载模块:Wp-admin

[ 2017-11-18T21:14:15+08:00 ] 5.188.203.23 /wp/wp-admin/admin-ajax.php
INFO: [ app_init ] --START--
INFO: Run Behavior\BuildLiteBehavior [ RunTime:0.000028s ]
INFO: [ app_init ] --END-- [ RunTime:0.000721s ]
ERR: 无法加载模块:Wp

[ 2017-11-18T21:14:15+08:00 ] 5.188.203.23 /wordpress/wp-admin/admin-ajax.php
INFO: [ app_init ] --START--
INFO: Run Behavior\BuildLiteBehavior [ RunTime:0.000026s ]
INFO: [ app_init ] --END-- [ RunTime:0.000763s ]
ERR: 无法加载模块:Wordpress

